CRITICAL - 2021-11-26 02:08:47 --> Class 'Config\ValidationRules' not found
#0 C:\src\myCI4app\system\Validation\Validation.php(115): CodeIgniter\Validation\Validation->loadRuleSets()
#1 C:\src\myCI4app\system\Controller.php(160): CodeIgniter\Validation\Validation->run()
#2 C:\src\myCI4app\vendor\myth\auth\src\Controllers\AuthController.php(75): CodeIgniter\Controller->validate(Array)
#3 C:\src\myCI4app\system\CodeIgniter.php(802): Myth\Auth\Controllers\AuthController->attemptLogin()
#4 C:\src\myCI4app\system\CodeIgniter.php(399): CodeIgniter\CodeIgniter->runController(Object(Myth\Auth\Controllers\AuthController))
#5 C:\src\myCI4app\system\CodeIgniter.php(317): CodeIgniter\CodeIgniter->handleRequest(NULL, Object(Config\Cache), false)
#6 C:\src\myCI4app\public\index.php(37): CodeIgniter\CodeIgniter->run()
#7 C:\src\myCI4app\system\Commands\Server\rewrite.php(43): require_once('C:\\src\\myCI4app...')
#8 {main}
CRITICAL - 2021-11-26 02:13:45 --> Class 'Config\ValidationRules' not found
#0 C:\src\myCI4app\system\Validation\Validation.php(115): CodeIgniter\Validation\Validation->loadRuleSets()
#1 C:\src\myCI4app\system\Controller.php(160): CodeIgniter\Validation\Validation->run()
#2 C:\src\myCI4app\vendor\myth\auth\src\Controllers\AuthController.php(161): CodeIgniter\Controller->validate(Array)
#3 C:\src\myCI4app\system\CodeIgniter.php(802): Myth\Auth\Controllers\AuthController->attemptRegister()
#4 C:\src\myCI4app\system\CodeIgniter.php(399): CodeIgniter\CodeIgniter->runController(Object(Myth\Auth\Controllers\AuthController))
#5 C:\src\myCI4app\system\CodeIgniter.php(317): CodeIgniter\CodeIgniter->handleRequest(NULL, Object(Config\Cache), false)
#6 C:\src\myCI4app\public\index.php(37): CodeIgniter\CodeIgniter->run()
#7 C:\src\myCI4app\system\Commands\Server\rewrite.php(43): require_once('C:\\src\\myCI4app...')
#8 {main}
CRITICAL - 2021-11-26 02:17:19 --> Class name must be a valid object or a string
#0 C:\src\myCI4app\system\Config\BaseService.php(248): Myth\Auth\Config\Services::activator(Object(Myth\Auth\Config\Auth), false)
#1 C:\src\myCI4app\system\Config\BaseService.php(189): CodeIgniter\Config\BaseService::__callStatic('activator', Array)
#2 C:\src\myCI4app\vendor\myth\auth\src\Config\Services.php(86): CodeIgniter\Config\BaseService::getSharedInstance('activator', NULL)
#3 C:\src\myCI4app\system\Config\BaseService.php(248): Myth\Auth\Config\Services::activator()
#4 C:\src\myCI4app\system\Common.php(932): CodeIgniter\Config\BaseService::__callStatic('activator', Array)
#5 C:\src\myCI4app\vendor\myth\auth\src\Controllers\AuthController.php(195): service('activator')
#6 C:\src\myCI4app\system\CodeIgniter.php(802): Myth\Auth\Controllers\AuthController->attemptRegister()
#7 C:\src\myCI4app\system\CodeIgniter.php(399): CodeIgniter\CodeIgniter->runController(Object(Myth\Auth\Controllers\AuthController))
#8 C:\src\myCI4app\system\CodeIgniter.php(317): CodeIgniter\CodeIgniter->handleRequest(NULL, Object(Config\Cache), false)
#9 C:\src\myCI4app\public\index.php(37): CodeIgniter\CodeIgniter->run()
#10 C:\src\myCI4app\system\Commands\Server\rewrite.php(43): require_once('C:\\src\\myCI4app...')
#11 {main}
