CRITICAL - 2021-12-22 10:07:26 --> Call to undefined method CodeIgniter\Pager\PagerRenderer::only()
#0 C:\src\Project-Website-UpworkTeam\GigihShop\system\View\View.php(214): include()
#1 C:\src\Project-Website-UpworkTeam\GigihShop\system\View\View.php(217): CodeIgniter\View\View->CodeIgniter\View\{closure}()
#2 C:\src\Project-Website-UpworkTeam\GigihShop\system\View\View.php(432): CodeIgniter\View\View->render('kategori/katego...', NULL, true)
#3 C:\src\Project-Website-UpworkTeam\GigihShop\app\Views\barang2\index.php(41): CodeIgniter\View\View->include('kategori/katego...')
#4 C:\src\Project-Website-UpworkTeam\GigihShop\system\View\View.php(214): include('C:\\src\\Project-...')
#5 C:\src\Project-Website-UpworkTeam\GigihShop\system\View\View.php(217): CodeIgniter\View\View->CodeIgniter\View\{closure}()
#6 C:\src\Project-Website-UpworkTeam\GigihShop\system\Common.php(1092): CodeIgniter\View\View->render('barang2/index', Array, true)
#7 C:\src\Project-Website-UpworkTeam\GigihShop\app\Controllers\Barang2.php(30): view('barang2/index', Array)
#8 C:\src\Project-Website-UpworkTeam\GigihShop\system\CodeIgniter.php(802): App\Controllers\Barang2->index()
#9 C:\src\Project-Website-UpworkTeam\GigihShop\system\CodeIgniter.php(399): CodeIgniter\CodeIgniter->runController(Object(App\Controllers\Barang2))
#10 C:\src\Project-Website-UpworkTeam\GigihShop\system\CodeIgniter.php(317): CodeIgniter\CodeIgniter->handleRequest(NULL, Object(Config\Cache), false)
#11 C:\src\Project-Website-UpworkTeam\GigihShop\public\index.php(37): CodeIgniter\CodeIgniter->run()
#12 C:\src\Project-Website-UpworkTeam\GigihShop\system\Commands\Server\rewrite.php(43): require_once('C:\\src\\Project-...')
#13 {main}
CRITICAL - 2021-12-22 10:07:37 --> Call to undefined method CodeIgniter\Pager\PagerRenderer::only()
#0 C:\src\Project-Website-UpworkTeam\GigihShop\system\View\View.php(214): include()
#1 C:\src\Project-Website-UpworkTeam\GigihShop\system\View\View.php(217): CodeIgniter\View\View->CodeIgniter\View\{closure}()
#2 C:\src\Project-Website-UpworkTeam\GigihShop\system\View\View.php(432): CodeIgniter\View\View->render('kategori/katego...', NULL, true)
#3 C:\src\Project-Website-UpworkTeam\GigihShop\app\Views\barang2\index.php(41): CodeIgniter\View\View->include('kategori/katego...')
#4 C:\src\Project-Website-UpworkTeam\GigihShop\system\View\View.php(214): include('C:\\src\\Project-...')
#5 C:\src\Project-Website-UpworkTeam\GigihShop\system\View\View.php(217): CodeIgniter\View\View->CodeIgniter\View\{closure}()
#6 C:\src\Project-Website-UpworkTeam\GigihShop\system\Common.php(1092): CodeIgniter\View\View->render('barang2/index', Array, true)
#7 C:\src\Project-Website-UpworkTeam\GigihShop\app\Controllers\Barang2.php(30): view('barang2/index', Array)
#8 C:\src\Project-Website-UpworkTeam\GigihShop\system\CodeIgniter.php(802): App\Controllers\Barang2->index()
#9 C:\src\Project-Website-UpworkTeam\GigihShop\system\CodeIgniter.php(399): CodeIgniter\CodeIgniter->runController(Object(App\Controllers\Barang2))
#10 C:\src\Project-Website-UpworkTeam\GigihShop\system\CodeIgniter.php(317): CodeIgniter\CodeIgniter->handleRequest(NULL, Object(Config\Cache), false)
#11 C:\src\Project-Website-UpworkTeam\GigihShop\public\index.php(37): CodeIgniter\CodeIgniter->run()
#12 C:\src\Project-Website-UpworkTeam\GigihShop\system\Commands\Server\rewrite.php(43): require_once('C:\\src\\Project-...')
#13 {main}
CRITICAL - 2021-12-22 10:07:38 --> Call to undefined method CodeIgniter\Pager\PagerRenderer::only()
#0 C:\src\Project-Website-UpworkTeam\GigihShop\system\View\View.php(214): include()
#1 C:\src\Project-Website-UpworkTeam\GigihShop\system\View\View.php(217): CodeIgniter\View\View->CodeIgniter\View\{closure}()
#2 C:\src\Project-Website-UpworkTeam\GigihShop\system\View\View.php(432): CodeIgniter\View\View->render('kategori/katego...', NULL, true)
#3 C:\src\Project-Website-UpworkTeam\GigihShop\app\Views\barang2\index.php(41): CodeIgniter\View\View->include('kategori/katego...')
#4 C:\src\Project-Website-UpworkTeam\GigihShop\system\View\View.php(214): include('C:\\src\\Project-...')
#5 C:\src\Project-Website-UpworkTeam\GigihShop\system\View\View.php(217): CodeIgniter\View\View->CodeIgniter\View\{closure}()
#6 C:\src\Project-Website-UpworkTeam\GigihShop\system\Common.php(1092): CodeIgniter\View\View->render('barang2/index', Array, true)
#7 C:\src\Project-Website-UpworkTeam\GigihShop\app\Controllers\Barang2.php(30): view('barang2/index', Array)
#8 C:\src\Project-Website-UpworkTeam\GigihShop\system\CodeIgniter.php(802): App\Controllers\Barang2->index()
#9 C:\src\Project-Website-UpworkTeam\GigihShop\system\CodeIgniter.php(399): CodeIgniter\CodeIgniter->runController(Object(App\Controllers\Barang2))
#10 C:\src\Project-Website-UpworkTeam\GigihShop\system\CodeIgniter.php(317): CodeIgniter\CodeIgniter->handleRequest(NULL, Object(Config\Cache), false)
#11 C:\src\Project-Website-UpworkTeam\GigihShop\public\index.php(37): CodeIgniter\CodeIgniter->run()
#12 C:\src\Project-Website-UpworkTeam\GigihShop\system\Commands\Server\rewrite.php(43): require_once('C:\\src\\Project-...')
#13 {main}
CRITICAL - 2021-12-22 10:07:44 --> Call to undefined method CodeIgniter\Pager\PagerRenderer::only()
#0 C:\src\Project-Website-UpworkTeam\GigihShop\system\View\View.php(214): include()
#1 C:\src\Project-Website-UpworkTeam\GigihShop\system\View\View.php(217): CodeIgniter\View\View->CodeIgniter\View\{closure}()
#2 C:\src\Project-Website-UpworkTeam\GigihShop\system\View\View.php(432): CodeIgniter\View\View->render('kategori/katego...', NULL, true)
#3 C:\src\Project-Website-UpworkTeam\GigihShop\app\Views\barang2\index.php(41): CodeIgniter\View\View->include('kategori/katego...')
#4 C:\src\Project-Website-UpworkTeam\GigihShop\system\View\View.php(214): include('C:\\src\\Project-...')
#5 C:\src\Project-Website-UpworkTeam\GigihShop\system\View\View.php(217): CodeIgniter\View\View->CodeIgniter\View\{closure}()
#6 C:\src\Project-Website-UpworkTeam\GigihShop\system\Common.php(1092): CodeIgniter\View\View->render('barang2/index', Array, true)
#7 C:\src\Project-Website-UpworkTeam\GigihShop\app\Controllers\Barang2.php(30): view('barang2/index', Array)
#8 C:\src\Project-Website-UpworkTeam\GigihShop\system\CodeIgniter.php(802): App\Controllers\Barang2->index()
#9 C:\src\Project-Website-UpworkTeam\GigihShop\system\CodeIgniter.php(399): CodeIgniter\CodeIgniter->runController(Object(App\Controllers\Barang2))
#10 C:\src\Project-Website-UpworkTeam\GigihShop\system\CodeIgniter.php(317): CodeIgniter\CodeIgniter->handleRequest(NULL, Object(Config\Cache), false)
#11 C:\src\Project-Website-UpworkTeam\GigihShop\public\index.php(37): CodeIgniter\CodeIgniter->run()
#12 C:\src\Project-Website-UpworkTeam\GigihShop\system\Commands\Server\rewrite.php(43): require_once('C:\\src\\Project-...')
#13 {main}
CRITICAL - 2021-12-22 10:10:53 --> Call to undefined method CodeIgniter\View\View::include_once()
#0 C:\src\Project-Website-UpworkTeam\GigihShop\system\View\View.php(214): include()
#1 C:\src\Project-Website-UpworkTeam\GigihShop\system\View\View.php(217): CodeIgniter\View\View->CodeIgniter\View\{closure}()
#2 C:\src\Project-Website-UpworkTeam\GigihShop\system\Common.php(1092): CodeIgniter\View\View->render('barang2/index', Array, true)
#3 C:\src\Project-Website-UpworkTeam\GigihShop\app\Controllers\Barang2.php(30): view('barang2/index', Array)
#4 C:\src\Project-Website-UpworkTeam\GigihShop\system\CodeIgniter.php(802): App\Controllers\Barang2->index()
#5 C:\src\Project-Website-UpworkTeam\GigihShop\system\CodeIgniter.php(399): CodeIgniter\CodeIgniter->runController(Object(App\Controllers\Barang2))
#6 C:\src\Project-Website-UpworkTeam\GigihShop\system\CodeIgniter.php(317): CodeIgniter\CodeIgniter->handleRequest(NULL, Object(Config\Cache), false)
#7 C:\src\Project-Website-UpworkTeam\GigihShop\public\index.php(37): CodeIgniter\CodeIgniter->run()
#8 C:\src\Project-Website-UpworkTeam\GigihShop\system\Commands\Server\rewrite.php(43): require_once('C:\\src\\Project-...')
#9 {main}
CRITICAL - 2021-12-22 10:44:11 --> Invalid file: kategori2.php
#0 C:\src\Project-Website-UpworkTeam\GigihShop\system\View\View.php(198): CodeIgniter\Exceptions\FrameworkException::forInvalidFile('kategori2.php')
#1 C:\src\Project-Website-UpworkTeam\GigihShop\system\Common.php(1092): CodeIgniter\View\View->render('kategori2', Array, true)
#2 C:\src\Project-Website-UpworkTeam\GigihShop\app\Controllers\Barang2.php(44): view('kategori2', Array)
#3 C:\src\Project-Website-UpworkTeam\GigihShop\system\CodeIgniter.php(802): App\Controllers\Barang2->kategori2()
#4 C:\src\Project-Website-UpworkTeam\GigihShop\system\CodeIgniter.php(399): CodeIgniter\CodeIgniter->runController(Object(App\Controllers\Barang2))
#5 C:\src\Project-Website-UpworkTeam\GigihShop\system\CodeIgniter.php(317): CodeIgniter\CodeIgniter->handleRequest(NULL, Object(Config\Cache), false)
#6 C:\src\Project-Website-UpworkTeam\GigihShop\public\index.php(37): CodeIgniter\CodeIgniter->run()
#7 C:\src\Project-Website-UpworkTeam\GigihShop\system\Commands\Server\rewrite.php(43): require_once('C:\\src\\Project-...')
#8 {main}
CRITICAL - 2021-12-22 10:44:16 --> Invalid file: kategori2.php
#0 C:\src\Project-Website-UpworkTeam\GigihShop\system\View\View.php(198): CodeIgniter\Exceptions\FrameworkException::forInvalidFile('kategori2.php')
#1 C:\src\Project-Website-UpworkTeam\GigihShop\system\Common.php(1092): CodeIgniter\View\View->render('kategori2', Array, true)
#2 C:\src\Project-Website-UpworkTeam\GigihShop\app\Controllers\Barang2.php(44): view('kategori2', Array)
#3 C:\src\Project-Website-UpworkTeam\GigihShop\system\CodeIgniter.php(802): App\Controllers\Barang2->kategori2()
#4 C:\src\Project-Website-UpworkTeam\GigihShop\system\CodeIgniter.php(399): CodeIgniter\CodeIgniter->runController(Object(App\Controllers\Barang2))
#5 C:\src\Project-Website-UpworkTeam\GigihShop\system\CodeIgniter.php(317): CodeIgniter\CodeIgniter->handleRequest(NULL, Object(Config\Cache), false)
#6 C:\src\Project-Website-UpworkTeam\GigihShop\public\index.php(37): CodeIgniter\CodeIgniter->run()
#7 C:\src\Project-Website-UpworkTeam\GigihShop\system\Commands\Server\rewrite.php(43): require_once('C:\\src\\Project-...')
#8 {main}
CRITICAL - 2021-12-22 11:30:11 --> Invalid file: kategori/kategori3.php
#0 C:\src\Project-Website-UpworkTeam\GigihShop\system\View\View.php(198): CodeIgniter\Exceptions\FrameworkException::forInvalidFile('kategori/katego...')
#1 C:\src\Project-Website-UpworkTeam\GigihShop\system\View\View.php(432): CodeIgniter\View\View->render('kategori/katego...', NULL, true)
#2 C:\src\Project-Website-UpworkTeam\GigihShop\app\Views\barang2\kategori3.php(42): CodeIgniter\View\View->include('kategori/katego...')
#3 C:\src\Project-Website-UpworkTeam\GigihShop\system\View\View.php(214): include('C:\\src\\Project-...')
#4 C:\src\Project-Website-UpworkTeam\GigihShop\system\View\View.php(217): CodeIgniter\View\View->CodeIgniter\View\{closure}()
#5 C:\src\Project-Website-UpworkTeam\GigihShop\system\Common.php(1092): CodeIgniter\View\View->render('barang2/kategor...', Array, true)
#6 C:\src\Project-Website-UpworkTeam\GigihShop\app\Controllers\Barang2.php(48): view('barang2/kategor...', Array)
#7 C:\src\Project-Website-UpworkTeam\GigihShop\system\CodeIgniter.php(802): App\Controllers\Barang2->kategori3()
#8 C:\src\Project-Website-UpworkTeam\GigihShop\system\CodeIgniter.php(399): CodeIgniter\CodeIgniter->runController(Object(App\Controllers\Barang2))
#9 C:\src\Project-Website-UpworkTeam\GigihShop\system\CodeIgniter.php(317): CodeIgniter\CodeIgniter->handleRequest(NULL, Object(Config\Cache), false)
#10 C:\src\Project-Website-UpworkTeam\GigihShop\public\index.php(37): CodeIgniter\CodeIgniter->run()
#11 C:\src\Project-Website-UpworkTeam\GigihShop\system\Commands\Server\rewrite.php(43): require_once('C:\\src\\Project-...')
#12 {main}
CRITICAL - 2021-12-22 11:30:18 --> Invalid file: kategori/kategori3.php
#0 C:\src\Project-Website-UpworkTeam\GigihShop\system\View\View.php(198): CodeIgniter\Exceptions\FrameworkException::forInvalidFile('kategori/katego...')
#1 C:\src\Project-Website-UpworkTeam\GigihShop\system\View\View.php(432): CodeIgniter\View\View->render('kategori/katego...', NULL, true)
#2 C:\src\Project-Website-UpworkTeam\GigihShop\app\Views\barang2\kategori3.php(42): CodeIgniter\View\View->include('kategori/katego...')
#3 C:\src\Project-Website-UpworkTeam\GigihShop\system\View\View.php(214): include('C:\\src\\Project-...')
#4 C:\src\Project-Website-UpworkTeam\GigihShop\system\View\View.php(217): CodeIgniter\View\View->CodeIgniter\View\{closure}()
#5 C:\src\Project-Website-UpworkTeam\GigihShop\system\Common.php(1092): CodeIgniter\View\View->render('barang2/kategor...', Array, true)
#6 C:\src\Project-Website-UpworkTeam\GigihShop\app\Controllers\Barang2.php(48): view('barang2/kategor...', Array)
#7 C:\src\Project-Website-UpworkTeam\GigihShop\system\CodeIgniter.php(802): App\Controllers\Barang2->kategori3()
#8 C:\src\Project-Website-UpworkTeam\GigihShop\system\CodeIgniter.php(399): CodeIgniter\CodeIgniter->runController(Object(App\Controllers\Barang2))
#9 C:\src\Project-Website-UpworkTeam\GigihShop\system\CodeIgniter.php(317): CodeIgniter\CodeIgniter->handleRequest(NULL, Object(Config\Cache), false)
#10 C:\src\Project-Website-UpworkTeam\GigihShop\public\index.php(37): CodeIgniter\CodeIgniter->run()
#11 C:\src\Project-Website-UpworkTeam\GigihShop\system\Commands\Server\rewrite.php(43): require_once('C:\\src\\Project-...')
#12 {main}
CRITICAL - 2021-12-22 11:30:20 --> Invalid file: kategori/kategori3.php
#0 C:\src\Project-Website-UpworkTeam\GigihShop\system\View\View.php(198): CodeIgniter\Exceptions\FrameworkException::forInvalidFile('kategori/katego...')
#1 C:\src\Project-Website-UpworkTeam\GigihShop\system\View\View.php(432): CodeIgniter\View\View->render('kategori/katego...', NULL, true)
#2 C:\src\Project-Website-UpworkTeam\GigihShop\app\Views\barang2\index.php(42): CodeIgniter\View\View->include('kategori/katego...')
#3 C:\src\Project-Website-UpworkTeam\GigihShop\system\View\View.php(214): include('C:\\src\\Project-...')
#4 C:\src\Project-Website-UpworkTeam\GigihShop\system\View\View.php(217): CodeIgniter\View\View->CodeIgniter\View\{closure}()
#5 C:\src\Project-Website-UpworkTeam\GigihShop\system\Common.php(1092): CodeIgniter\View\View->render('barang2/index', Array, true)
#6 C:\src\Project-Website-UpworkTeam\GigihShop\app\Controllers\Barang2.php(26): view('barang2/index', Array)
#7 C:\src\Project-Website-UpworkTeam\GigihShop\system\CodeIgniter.php(802): App\Controllers\Barang2->index()
#8 C:\src\Project-Website-UpworkTeam\GigihShop\system\CodeIgniter.php(399): CodeIgniter\CodeIgniter->runController(Object(App\Controllers\Barang2))
#9 C:\src\Project-Website-UpworkTeam\GigihShop\system\CodeIgniter.php(317): CodeIgniter\CodeIgniter->handleRequest(NULL, Object(Config\Cache), false)
#10 C:\src\Project-Website-UpworkTeam\GigihShop\public\index.php(37): CodeIgniter\CodeIgniter->run()
#11 C:\src\Project-Website-UpworkTeam\GigihShop\system\Commands\Server\rewrite.php(43): require_once('C:\\src\\Project-...')
#12 {main}
CRITICAL - 2021-12-22 11:30:21 --> Invalid file: kategori/kategori3.php
#0 C:\src\Project-Website-UpworkTeam\GigihShop\system\View\View.php(198): CodeIgniter\Exceptions\FrameworkException::forInvalidFile('kategori/katego...')
#1 C:\src\Project-Website-UpworkTeam\GigihShop\system\View\View.php(432): CodeIgniter\View\View->render('kategori/katego...', NULL, true)
#2 C:\src\Project-Website-UpworkTeam\GigihShop\app\Views\barang2\index.php(42): CodeIgniter\View\View->include('kategori/katego...')
#3 C:\src\Project-Website-UpworkTeam\GigihShop\system\View\View.php(214): include('C:\\src\\Project-...')
#4 C:\src\Project-Website-UpworkTeam\GigihShop\system\View\View.php(217): CodeIgniter\View\View->CodeIgniter\View\{closure}()
#5 C:\src\Project-Website-UpworkTeam\GigihShop\system\Common.php(1092): CodeIgniter\View\View->render('barang2/index', Array, true)
#6 C:\src\Project-Website-UpworkTeam\GigihShop\app\Controllers\Barang2.php(26): view('barang2/index', Array)
#7 C:\src\Project-Website-UpworkTeam\GigihShop\system\CodeIgniter.php(802): App\Controllers\Barang2->index()
#8 C:\src\Project-Website-UpworkTeam\GigihShop\system\CodeIgniter.php(399): CodeIgniter\CodeIgniter->runController(Object(App\Controllers\Barang2))
#9 C:\src\Project-Website-UpworkTeam\GigihShop\system\CodeIgniter.php(317): CodeIgniter\CodeIgniter->handleRequest(NULL, Object(Config\Cache), false)
#10 C:\src\Project-Website-UpworkTeam\GigihShop\public\index.php(37): CodeIgniter\CodeIgniter->run()
#11 C:\src\Project-Website-UpworkTeam\GigihShop\system\Commands\Server\rewrite.php(43): require_once('C:\\src\\Project-...')
#12 {main}
CRITICAL - 2021-12-22 11:30:23 --> Invalid file: kategori/kategori3.php
#0 C:\src\Project-Website-UpworkTeam\GigihShop\system\View\View.php(198): CodeIgniter\Exceptions\FrameworkException::forInvalidFile('kategori/katego...')
#1 C:\src\Project-Website-UpworkTeam\GigihShop\system\View\View.php(432): CodeIgniter\View\View->render('kategori/katego...', NULL, true)
#2 C:\src\Project-Website-UpworkTeam\GigihShop\app\Views\barang2\kategori2.php(42): CodeIgniter\View\View->include('kategori/katego...')
#3 C:\src\Project-Website-UpworkTeam\GigihShop\system\View\View.php(214): include('C:\\src\\Project-...')
#4 C:\src\Project-Website-UpworkTeam\GigihShop\system\View\View.php(217): CodeIgniter\View\View->CodeIgniter\View\{closure}()
#5 C:\src\Project-Website-UpworkTeam\GigihShop\system\Common.php(1092): CodeIgniter\View\View->render('barang2/kategor...', Array, true)
#6 C:\src\Project-Website-UpworkTeam\GigihShop\app\Controllers\Barang2.php(37): view('barang2/kategor...', Array)
#7 C:\src\Project-Website-UpworkTeam\GigihShop\system\CodeIgniter.php(802): App\Controllers\Barang2->kategori2()
#8 C:\src\Project-Website-UpworkTeam\GigihShop\system\CodeIgniter.php(399): CodeIgniter\CodeIgniter->runController(Object(App\Controllers\Barang2))
#9 C:\src\Project-Website-UpworkTeam\GigihShop\system\CodeIgniter.php(317): CodeIgniter\CodeIgniter->handleRequest(NULL, Object(Config\Cache), false)
#10 C:\src\Project-Website-UpworkTeam\GigihShop\public\index.php(37): CodeIgniter\CodeIgniter->run()
#11 C:\src\Project-Website-UpworkTeam\GigihShop\system\Commands\Server\rewrite.php(43): require_once('C:\\src\\Project-...')
#12 {main}
CRITICAL - 2021-12-22 11:30:31 --> Invalid file: kategori/kategori3.php
#0 C:\src\Project-Website-UpworkTeam\GigihShop\system\View\View.php(198): CodeIgniter\Exceptions\FrameworkException::forInvalidFile('kategori/katego...')
#1 C:\src\Project-Website-UpworkTeam\GigihShop\system\View\View.php(432): CodeIgniter\View\View->render('kategori/katego...', NULL, true)
#2 C:\src\Project-Website-UpworkTeam\GigihShop\app\Views\barang2\kategori2.php(42): CodeIgniter\View\View->include('kategori/katego...')
#3 C:\src\Project-Website-UpworkTeam\GigihShop\system\View\View.php(214): include('C:\\src\\Project-...')
#4 C:\src\Project-Website-UpworkTeam\GigihShop\system\View\View.php(217): CodeIgniter\View\View->CodeIgniter\View\{closure}()
#5 C:\src\Project-Website-UpworkTeam\GigihShop\system\Common.php(1092): CodeIgniter\View\View->render('barang2/kategor...', Array, true)
#6 C:\src\Project-Website-UpworkTeam\GigihShop\app\Controllers\Barang2.php(37): view('barang2/kategor...', Array)
#7 C:\src\Project-Website-UpworkTeam\GigihShop\system\CodeIgniter.php(802): App\Controllers\Barang2->kategori2()
#8 C:\src\Project-Website-UpworkTeam\GigihShop\system\CodeIgniter.php(399): CodeIgniter\CodeIgniter->runController(Object(App\Controllers\Barang2))
#9 C:\src\Project-Website-UpworkTeam\GigihShop\system\CodeIgniter.php(317): CodeIgniter\CodeIgniter->handleRequest(NULL, Object(Config\Cache), false)
#10 C:\src\Project-Website-UpworkTeam\GigihShop\public\index.php(37): CodeIgniter\CodeIgniter->run()
#11 C:\src\Project-Website-UpworkTeam\GigihShop\system\Commands\Server\rewrite.php(43): require_once('C:\\src\\Project-...')
#12 {main}
CRITICAL - 2021-12-22 11:30:37 --> Invalid file: kategori/kategori3.php
#0 C:\src\Project-Website-UpworkTeam\GigihShop\system\View\View.php(198): CodeIgniter\Exceptions\FrameworkException::forInvalidFile('kategori/katego...')
#1 C:\src\Project-Website-UpworkTeam\GigihShop\system\View\View.php(432): CodeIgniter\View\View->render('kategori/katego...', NULL, true)
#2 C:\src\Project-Website-UpworkTeam\GigihShop\app\Views\barang2\index.php(42): CodeIgniter\View\View->include('kategori/katego...')
#3 C:\src\Project-Website-UpworkTeam\GigihShop\system\View\View.php(214): include('C:\\src\\Project-...')
#4 C:\src\Project-Website-UpworkTeam\GigihShop\system\View\View.php(217): CodeIgniter\View\View->CodeIgniter\View\{closure}()
#5 C:\src\Project-Website-UpworkTeam\GigihShop\system\Common.php(1092): CodeIgniter\View\View->render('barang2/index', Array, true)
#6 C:\src\Project-Website-UpworkTeam\GigihShop\app\Controllers\Barang2.php(26): view('barang2/index', Array)
#7 C:\src\Project-Website-UpworkTeam\GigihShop\system\CodeIgniter.php(802): App\Controllers\Barang2->index()
#8 C:\src\Project-Website-UpworkTeam\GigihShop\system\CodeIgniter.php(399): CodeIgniter\CodeIgniter->runController(Object(App\Controllers\Barang2))
#9 C:\src\Project-Website-UpworkTeam\GigihShop\system\CodeIgniter.php(317): CodeIgniter\CodeIgniter->handleRequest(NULL, Object(Config\Cache), false)
#10 C:\src\Project-Website-UpworkTeam\GigihShop\public\index.php(37): CodeIgniter\CodeIgniter->run()
#11 C:\src\Project-Website-UpworkTeam\GigihShop\system\Commands\Server\rewrite.php(43): require_once('C:\\src\\Project-...')
#12 {main}
CRITICAL - 2021-12-22 11:31:57 --> Invalid file: kategori/kategori3.php
#0 C:\src\Project-Website-UpworkTeam\GigihShop\system\View\View.php(198): CodeIgniter\Exceptions\FrameworkException::forInvalidFile('kategori/katego...')
#1 C:\src\Project-Website-UpworkTeam\GigihShop\system\View\View.php(432): CodeIgniter\View\View->render('kategori/katego...', NULL, true)
#2 C:\src\Project-Website-UpworkTeam\GigihShop\app\Views\barang2\kategori2.php(42): CodeIgniter\View\View->include('kategori/katego...')
#3 C:\src\Project-Website-UpworkTeam\GigihShop\system\View\View.php(214): include('C:\\src\\Project-...')
#4 C:\src\Project-Website-UpworkTeam\GigihShop\system\View\View.php(217): CodeIgniter\View\View->CodeIgniter\View\{closure}()
#5 C:\src\Project-Website-UpworkTeam\GigihShop\system\Common.php(1092): CodeIgniter\View\View->render('barang2/kategor...', Array, true)
#6 C:\src\Project-Website-UpworkTeam\GigihShop\app\Controllers\Barang2.php(37): view('barang2/kategor...', Array)
#7 C:\src\Project-Website-UpworkTeam\GigihShop\system\CodeIgniter.php(802): App\Controllers\Barang2->kategori2()
#8 C:\src\Project-Website-UpworkTeam\GigihShop\system\CodeIgniter.php(399): CodeIgniter\CodeIgniter->runController(Object(App\Controllers\Barang2))
#9 C:\src\Project-Website-UpworkTeam\GigihShop\system\CodeIgniter.php(317): CodeIgniter\CodeIgniter->handleRequest(NULL, Object(Config\Cache), false)
#10 C:\src\Project-Website-UpworkTeam\GigihShop\public\index.php(37): CodeIgniter\CodeIgniter->run()
#11 C:\src\Project-Website-UpworkTeam\GigihShop\system\Commands\Server\rewrite.php(43): require_once('C:\\src\\Project-...')
#12 {main}
CRITICAL - 2021-12-22 11:32:06 --> Invalid file: kategori/kategori3.php
#0 C:\src\Project-Website-UpworkTeam\GigihShop\system\View\View.php(198): CodeIgniter\Exceptions\FrameworkException::forInvalidFile('kategori/katego...')
#1 C:\src\Project-Website-UpworkTeam\GigihShop\system\View\View.php(432): CodeIgniter\View\View->render('kategori/katego...', NULL, true)
#2 C:\src\Project-Website-UpworkTeam\GigihShop\app\Views\barang2\kategori2.php(70): CodeIgniter\View\View->include('kategori/katego...')
#3 C:\src\Project-Website-UpworkTeam\GigihShop\system\View\View.php(214): include('C:\\src\\Project-...')
#4 C:\src\Project-Website-UpworkTeam\GigihShop\system\View\View.php(217): CodeIgniter\View\View->CodeIgniter\View\{closure}()
#5 C:\src\Project-Website-UpworkTeam\GigihShop\system\Common.php(1092): CodeIgniter\View\View->render('barang2/kategor...', Array, true)
#6 C:\src\Project-Website-UpworkTeam\GigihShop\app\Controllers\Barang2.php(37): view('barang2/kategor...', Array)
#7 C:\src\Project-Website-UpworkTeam\GigihShop\system\CodeIgniter.php(802): App\Controllers\Barang2->kategori2()
#8 C:\src\Project-Website-UpworkTeam\GigihShop\system\CodeIgniter.php(399): CodeIgniter\CodeIgniter->runController(Object(App\Controllers\Barang2))
#9 C:\src\Project-Website-UpworkTeam\GigihShop\system\CodeIgniter.php(317): CodeIgniter\CodeIgniter->handleRequest(NULL, Object(Config\Cache), false)
#10 C:\src\Project-Website-UpworkTeam\GigihShop\public\index.php(37): CodeIgniter\CodeIgniter->run()
#11 C:\src\Project-Website-UpworkTeam\GigihShop\system\Commands\Server\rewrite.php(43): require_once('C:\\src\\Project-...')
#12 {main}
CRITICAL - 2021-12-22 11:32:21 --> Invalid file: kategori/kategori3.php
#0 C:\src\Project-Website-UpworkTeam\GigihShop\system\View\View.php(198): CodeIgniter\Exceptions\FrameworkException::forInvalidFile('kategori/katego...')
#1 C:\src\Project-Website-UpworkTeam\GigihShop\system\View\View.php(432): CodeIgniter\View\View->render('kategori/katego...', NULL, true)
#2 C:\src\Project-Website-UpworkTeam\GigihShop\app\Views\barang2\kategori2.php(70): CodeIgniter\View\View->include('kategori/katego...')
#3 C:\src\Project-Website-UpworkTeam\GigihShop\system\View\View.php(214): include('C:\\src\\Project-...')
#4 C:\src\Project-Website-UpworkTeam\GigihShop\system\View\View.php(217): CodeIgniter\View\View->CodeIgniter\View\{closure}()
#5 C:\src\Project-Website-UpworkTeam\GigihShop\system\Common.php(1092): CodeIgniter\View\View->render('barang2/kategor...', Array, true)
#6 C:\src\Project-Website-UpworkTeam\GigihShop\app\Controllers\Barang2.php(37): view('barang2/kategor...', Array)
#7 C:\src\Project-Website-UpworkTeam\GigihShop\system\CodeIgniter.php(802): App\Controllers\Barang2->kategori2()
#8 C:\src\Project-Website-UpworkTeam\GigihShop\system\CodeIgniter.php(399): CodeIgniter\CodeIgniter->runController(Object(App\Controllers\Barang2))
#9 C:\src\Project-Website-UpworkTeam\GigihShop\system\CodeIgniter.php(317): CodeIgniter\CodeIgniter->handleRequest(NULL, Object(Config\Cache), false)
#10 C:\src\Project-Website-UpworkTeam\GigihShop\public\index.php(37): CodeIgniter\CodeIgniter->run()
#11 C:\src\Project-Website-UpworkTeam\GigihShop\system\Commands\Server\rewrite.php(43): require_once('C:\\src\\Project-...')
#12 {main}
CRITICAL - 2021-12-22 13:43:00 --> Invalid file: /.php
#0 C:\src\Project-Website-UpworkTeam\GigihShop\system\View\View.php(198): CodeIgniter\Exceptions\FrameworkException::forInvalidFile('/.php')
#1 C:\src\Project-Website-UpworkTeam\GigihShop\system\Common.php(1092): CodeIgniter\View\View->render('/', Array, true)
#2 C:\src\Project-Website-UpworkTeam\GigihShop\app\Controllers\Barang2.php(63): view('/')
#3 C:\src\Project-Website-UpworkTeam\GigihShop\system\CodeIgniter.php(802): App\Controllers\Barang2->tambah_keranjang('1')
#4 C:\src\Project-Website-UpworkTeam\GigihShop\system\CodeIgniter.php(399): CodeIgniter\CodeIgniter->runController(Object(App\Controllers\Barang2))
#5 C:\src\Project-Website-UpworkTeam\GigihShop\system\CodeIgniter.php(317): CodeIgniter\CodeIgniter->handleRequest(NULL, Object(Config\Cache), false)
#6 C:\src\Project-Website-UpworkTeam\GigihShop\public\index.php(37): CodeIgniter\CodeIgniter->run()
#7 C:\src\Project-Website-UpworkTeam\GigihShop\system\Commands\Server\rewrite.php(43): require_once('C:\\src\\Project-...')
#8 {main}
CRITICAL - 2021-12-22 13:43:41 --> Invalid file: /.php
#0 C:\src\Project-Website-UpworkTeam\GigihShop\system\View\View.php(198): CodeIgniter\Exceptions\FrameworkException::forInvalidFile('/.php')
#1 C:\src\Project-Website-UpworkTeam\GigihShop\system\Common.php(1092): CodeIgniter\View\View->render('/', Array, true)
#2 C:\src\Project-Website-UpworkTeam\GigihShop\app\Controllers\Barang2.php(63): view('/')
#3 C:\src\Project-Website-UpworkTeam\GigihShop\system\CodeIgniter.php(802): App\Controllers\Barang2->tambah_keranjang('49')
#4 C:\src\Project-Website-UpworkTeam\GigihShop\system\CodeIgniter.php(399): CodeIgniter\CodeIgniter->runController(Object(App\Controllers\Barang2))
#5 C:\src\Project-Website-UpworkTeam\GigihShop\system\CodeIgniter.php(317): CodeIgniter\CodeIgniter->handleRequest(NULL, Object(Config\Cache), false)
#6 C:\src\Project-Website-UpworkTeam\GigihShop\public\index.php(37): CodeIgniter\CodeIgniter->run()
#7 C:\src\Project-Website-UpworkTeam\GigihShop\system\Commands\Server\rewrite.php(43): require_once('C:\\src\\Project-...')
#8 {main}
CRITICAL - 2021-12-22 13:50:23 --> Invalid file: .php
#0 C:\src\Project-Website-UpworkTeam\GigihShop\system\View\View.php(198): CodeIgniter\Exceptions\FrameworkException::forInvalidFile('.php')
#1 C:\src\Project-Website-UpworkTeam\GigihShop\system\Common.php(1092): CodeIgniter\View\View->render('', Array, true)
#2 C:\src\Project-Website-UpworkTeam\GigihShop\app\Controllers\Barang2.php(68): view('')
#3 C:\src\Project-Website-UpworkTeam\GigihShop\system\CodeIgniter.php(802): App\Controllers\Barang2->tambah_keranjang('10')
#4 C:\src\Project-Website-UpworkTeam\GigihShop\system\CodeIgniter.php(399): CodeIgniter\CodeIgniter->runController(Object(App\Controllers\Barang2))
#5 C:\src\Project-Website-UpworkTeam\GigihShop\system\CodeIgniter.php(317): CodeIgniter\CodeIgniter->handleRequest(NULL, Object(Config\Cache), false)
#6 C:\src\Project-Website-UpworkTeam\GigihShop\public\index.php(37): CodeIgniter\CodeIgniter->run()
#7 C:\src\Project-Website-UpworkTeam\GigihShop\system\Commands\Server\rewrite.php(43): require_once('C:\\src\\Project-...')
#8 {main}
CRITICAL - 2021-12-22 13:50:33 --> Invalid file: /.php
#0 C:\src\Project-Website-UpworkTeam\GigihShop\system\View\View.php(198): CodeIgniter\Exceptions\FrameworkException::forInvalidFile('/.php')
#1 C:\src\Project-Website-UpworkTeam\GigihShop\system\Common.php(1092): CodeIgniter\View\View->render('/', Array, true)
#2 C:\src\Project-Website-UpworkTeam\GigihShop\app\Controllers\Barang2.php(68): view('/')
#3 C:\src\Project-Website-UpworkTeam\GigihShop\system\CodeIgniter.php(802): App\Controllers\Barang2->tambah_keranjang('10')
#4 C:\src\Project-Website-UpworkTeam\GigihShop\system\CodeIgniter.php(399): CodeIgniter\CodeIgniter->runController(Object(App\Controllers\Barang2))
#5 C:\src\Project-Website-UpworkTeam\GigihShop\system\CodeIgniter.php(317): CodeIgniter\CodeIgniter->handleRequest(NULL, Object(Config\Cache), false)
#6 C:\src\Project-Website-UpworkTeam\GigihShop\public\index.php(37): CodeIgniter\CodeIgniter->run()
#7 C:\src\Project-Website-UpworkTeam\GigihShop\system\Commands\Server\rewrite.php(43): require_once('C:\\src\\Project-...')
#8 {main}
CRITICAL - 2021-12-22 13:50:36 --> Invalid file: /.php
#0 C:\src\Project-Website-UpworkTeam\GigihShop\system\View\View.php(198): CodeIgniter\Exceptions\FrameworkException::forInvalidFile('/.php')
#1 C:\src\Project-Website-UpworkTeam\GigihShop\system\Common.php(1092): CodeIgniter\View\View->render('/', Array, true)
#2 C:\src\Project-Website-UpworkTeam\GigihShop\app\Controllers\Barang2.php(68): view('/')
#3 C:\src\Project-Website-UpworkTeam\GigihShop\system\CodeIgniter.php(802): App\Controllers\Barang2->tambah_keranjang('10')
#4 C:\src\Project-Website-UpworkTeam\GigihShop\system\CodeIgniter.php(399): CodeIgniter\CodeIgniter->runController(Object(App\Controllers\Barang2))
#5 C:\src\Project-Website-UpworkTeam\GigihShop\system\CodeIgniter.php(317): CodeIgniter\CodeIgniter->handleRequest(NULL, Object(Config\Cache), false)
#6 C:\src\Project-Website-UpworkTeam\GigihShop\public\index.php(37): CodeIgniter\CodeIgniter->run()
#7 C:\src\Project-Website-UpworkTeam\GigihShop\system\Commands\Server\rewrite.php(43): require_once('C:\\src\\Project-...')
#8 {main}
CRITICAL - 2021-12-22 13:52:06 --> Invalid file: /.php
#0 C:\src\Project-Website-UpworkTeam\GigihShop\system\View\View.php(198): CodeIgniter\Exceptions\FrameworkException::forInvalidFile('/.php')
#1 C:\src\Project-Website-UpworkTeam\GigihShop\system\Common.php(1092): CodeIgniter\View\View->render('/', Array, true)
#2 C:\src\Project-Website-UpworkTeam\GigihShop\app\Controllers\Barang2.php(68): view('/')
#3 C:\src\Project-Website-UpworkTeam\GigihShop\system\CodeIgniter.php(802): App\Controllers\Barang2->tambah_keranjang('1')
#4 C:\src\Project-Website-UpworkTeam\GigihShop\system\CodeIgniter.php(399): CodeIgniter\CodeIgniter->runController(Object(App\Controllers\Barang2))
#5 C:\src\Project-Website-UpworkTeam\GigihShop\system\CodeIgniter.php(317): CodeIgniter\CodeIgniter->handleRequest(NULL, Object(Config\Cache), false)
#6 C:\src\Project-Website-UpworkTeam\GigihShop\public\index.php(37): CodeIgniter\CodeIgniter->run()
#7 C:\src\Project-Website-UpworkTeam\GigihShop\system\Commands\Server\rewrite.php(43): require_once('C:\\src\\Project-...')
#8 {main}
CRITICAL - 2021-12-22 13:52:50 --> Invalid file: /.php
#0 C:\src\Project-Website-UpworkTeam\GigihShop\system\View\View.php(198): CodeIgniter\Exceptions\FrameworkException::forInvalidFile('/.php')
#1 C:\src\Project-Website-UpworkTeam\GigihShop\system\Common.php(1092): CodeIgniter\View\View->render('/', Array, true)
#2 C:\src\Project-Website-UpworkTeam\GigihShop\app\Controllers\Barang2.php(68): view('/')
#3 C:\src\Project-Website-UpworkTeam\GigihShop\system\CodeIgniter.php(802): App\Controllers\Barang2->tambah_keranjang('1')
#4 C:\src\Project-Website-UpworkTeam\GigihShop\system\CodeIgniter.php(399): CodeIgniter\CodeIgniter->runController(Object(App\Controllers\Barang2))
#5 C:\src\Project-Website-UpworkTeam\GigihShop\system\CodeIgniter.php(317): CodeIgniter\CodeIgniter->handleRequest(NULL, Object(Config\Cache), false)
#6 C:\src\Project-Website-UpworkTeam\GigihShop\public\index.php(37): CodeIgniter\CodeIgniter->run()
#7 C:\src\Project-Website-UpworkTeam\GigihShop\system\Commands\Server\rewrite.php(43): require_once('C:\\src\\Project-...')
#8 {main}
CRITICAL - 2021-12-22 13:57:31 --> Invalid file: /.php
#0 C:\src\Project-Website-UpworkTeam\GigihShop\system\View\View.php(198): CodeIgniter\Exceptions\FrameworkException::forInvalidFile('/.php')
#1 C:\src\Project-Website-UpworkTeam\GigihShop\system\Common.php(1092): CodeIgniter\View\View->render('/', Array, true)
#2 C:\src\Project-Website-UpworkTeam\GigihShop\app\Controllers\Barang2.php(88): view('/')
#3 C:\src\Project-Website-UpworkTeam\GigihShop\system\CodeIgniter.php(802): App\Controllers\Barang2->tambah_keranjang('1')
#4 C:\src\Project-Website-UpworkTeam\GigihShop\system\CodeIgniter.php(399): CodeIgniter\CodeIgniter->runController(Object(App\Controllers\Barang2))
#5 C:\src\Project-Website-UpworkTeam\GigihShop\system\CodeIgniter.php(317): CodeIgniter\CodeIgniter->handleRequest(NULL, Object(Config\Cache), false)
#6 C:\src\Project-Website-UpworkTeam\GigihShop\public\index.php(37): CodeIgniter\CodeIgniter->run()
#7 C:\src\Project-Website-UpworkTeam\GigihShop\system\Commands\Server\rewrite.php(43): require_once('C:\\src\\Project-...')
#8 {main}
CRITICAL - 2021-12-22 13:57:31 --> Invalid file: /.php
#0 C:\src\Project-Website-UpworkTeam\GigihShop\system\View\View.php(198): CodeIgniter\Exceptions\FrameworkException::forInvalidFile('/.php')
#1 C:\src\Project-Website-UpworkTeam\GigihShop\system\Common.php(1092): CodeIgniter\View\View->render('/', Array, true)
#2 C:\src\Project-Website-UpworkTeam\GigihShop\app\Controllers\Barang2.php(88): view('/')
#3 C:\src\Project-Website-UpworkTeam\GigihShop\system\CodeIgniter.php(802): App\Controllers\Barang2->tambah_keranjang('1')
#4 C:\src\Project-Website-UpworkTeam\GigihShop\system\CodeIgniter.php(399): CodeIgniter\CodeIgniter->runController(Object(App\Controllers\Barang2))
#5 C:\src\Project-Website-UpworkTeam\GigihShop\system\CodeIgniter.php(317): CodeIgniter\CodeIgniter->handleRequest(NULL, Object(Config\Cache), false)
#6 C:\src\Project-Website-UpworkTeam\GigihShop\public\index.php(37): CodeIgniter\CodeIgniter->run()
#7 C:\src\Project-Website-UpworkTeam\GigihShop\system\Commands\Server\rewrite.php(43): require_once('C:\\src\\Project-...')
#8 {main}
CRITICAL - 2021-12-22 13:57:49 --> Invalid file: /.php
#0 C:\src\Project-Website-UpworkTeam\GigihShop\system\View\View.php(198): CodeIgniter\Exceptions\FrameworkException::forInvalidFile('/.php')
#1 C:\src\Project-Website-UpworkTeam\GigihShop\system\Common.php(1092): CodeIgniter\View\View->render('/', Array, true)
#2 C:\src\Project-Website-UpworkTeam\GigihShop\app\Controllers\Barang2.php(88): view('/')
#3 C:\src\Project-Website-UpworkTeam\GigihShop\system\CodeIgniter.php(802): App\Controllers\Barang2->tambah_keranjang('1')
#4 C:\src\Project-Website-UpworkTeam\GigihShop\system\CodeIgniter.php(399): CodeIgniter\CodeIgniter->runController(Object(App\Controllers\Barang2))
#5 C:\src\Project-Website-UpworkTeam\GigihShop\system\CodeIgniter.php(317): CodeIgniter\CodeIgniter->handleRequest(NULL, Object(Config\Cache), false)
#6 C:\src\Project-Website-UpworkTeam\GigihShop\public\index.php(37): CodeIgniter\CodeIgniter->run()
#7 C:\src\Project-Website-UpworkTeam\GigihShop\system\Commands\Server\rewrite.php(43): require_once('C:\\src\\Project-...')
#8 {main}
CRITICAL - 2021-12-22 14:13:03 --> Invalid file: /.php
#0 C:\src\Project-Website-UpworkTeam\GigihShop\system\View\View.php(198): CodeIgniter\Exceptions\FrameworkException::forInvalidFile('/.php')
#1 C:\src\Project-Website-UpworkTeam\GigihShop\system\Common.php(1092): CodeIgniter\View\View->render('/', Array, true)
#2 C:\src\Project-Website-UpworkTeam\GigihShop\app\Controllers\Barang2.php(68): view('/')
#3 C:\src\Project-Website-UpworkTeam\GigihShop\system\CodeIgniter.php(802): App\Controllers\Barang2->tambah_keranjang('1')
#4 C:\src\Project-Website-UpworkTeam\GigihShop\system\CodeIgniter.php(399): CodeIgniter\CodeIgniter->runController(Object(App\Controllers\Barang2))
#5 C:\src\Project-Website-UpworkTeam\GigihShop\system\CodeIgniter.php(317): CodeIgniter\CodeIgniter->handleRequest(NULL, Object(Config\Cache), false)
#6 C:\src\Project-Website-UpworkTeam\GigihShop\public\index.php(37): CodeIgniter\CodeIgniter->run()
#7 C:\src\Project-Website-UpworkTeam\GigihShop\system\Commands\Server\rewrite.php(43): require_once('C:\\src\\Project-...')
#8 {main}
CRITICAL - 2021-12-22 14:13:17 --> Invalid file: /barang2.php
#0 C:\src\Project-Website-UpworkTeam\GigihShop\system\View\View.php(198): CodeIgniter\Exceptions\FrameworkException::forInvalidFile('/barang2.php')
#1 C:\src\Project-Website-UpworkTeam\GigihShop\system\Common.php(1092): CodeIgniter\View\View->render('/barang2', Array, true)
#2 C:\src\Project-Website-UpworkTeam\GigihShop\app\Controllers\Barang2.php(68): view('/barang2')
#3 C:\src\Project-Website-UpworkTeam\GigihShop\system\CodeIgniter.php(802): App\Controllers\Barang2->tambah_keranjang('1')
#4 C:\src\Project-Website-UpworkTeam\GigihShop\system\CodeIgniter.php(399): CodeIgniter\CodeIgniter->runController(Object(App\Controllers\Barang2))
#5 C:\src\Project-Website-UpworkTeam\GigihShop\system\CodeIgniter.php(317): CodeIgniter\CodeIgniter->handleRequest(NULL, Object(Config\Cache), false)
#6 C:\src\Project-Website-UpworkTeam\GigihShop\public\index.php(37): CodeIgniter\CodeIgniter->run()
#7 C:\src\Project-Website-UpworkTeam\GigihShop\system\Commands\Server\rewrite.php(43): require_once('C:\\src\\Project-...')
#8 {main}
CRITICAL - 2021-12-22 14:13:25 --> Invalid file: barang2/.php
#0 C:\src\Project-Website-UpworkTeam\GigihShop\system\View\View.php(198): CodeIgniter\Exceptions\FrameworkException::forInvalidFile('barang2/.php')
#1 C:\src\Project-Website-UpworkTeam\GigihShop\system\Common.php(1092): CodeIgniter\View\View->render('barang2/', Array, true)
#2 C:\src\Project-Website-UpworkTeam\GigihShop\app\Controllers\Barang2.php(68): view('barang2/')
#3 C:\src\Project-Website-UpworkTeam\GigihShop\system\CodeIgniter.php(802): App\Controllers\Barang2->tambah_keranjang('1')
#4 C:\src\Project-Website-UpworkTeam\GigihShop\system\CodeIgniter.php(399): CodeIgniter\CodeIgniter->runController(Object(App\Controllers\Barang2))
#5 C:\src\Project-Website-UpworkTeam\GigihShop\system\CodeIgniter.php(317): CodeIgniter\CodeIgniter->handleRequest(NULL, Object(Config\Cache), false)
#6 C:\src\Project-Website-UpworkTeam\GigihShop\public\index.php(37): CodeIgniter\CodeIgniter->run()
#7 C:\src\Project-Website-UpworkTeam\GigihShop\system\Commands\Server\rewrite.php(43): require_once('C:\\src\\Project-...')
#8 {main}
CRITICAL - 2021-12-22 14:13:29 --> Call to a member function links() on null
#0 C:\src\Project-Website-UpworkTeam\GigihShop\system\View\View.php(214): include()
#1 C:\src\Project-Website-UpworkTeam\GigihShop\system\View\View.php(217): CodeIgniter\View\View->CodeIgniter\View\{closure}()
#2 C:\src\Project-Website-UpworkTeam\GigihShop\system\Common.php(1092): CodeIgniter\View\View->render('barang2/index', Array, true)
#3 C:\src\Project-Website-UpworkTeam\GigihShop\app\Controllers\Barang2.php(68): view('barang2/index')
#4 C:\src\Project-Website-UpworkTeam\GigihShop\system\CodeIgniter.php(802): App\Controllers\Barang2->tambah_keranjang('1')
#5 C:\src\Project-Website-UpworkTeam\GigihShop\system\CodeIgniter.php(399): CodeIgniter\CodeIgniter->runController(Object(App\Controllers\Barang2))
#6 C:\src\Project-Website-UpworkTeam\GigihShop\system\CodeIgniter.php(317): CodeIgniter\CodeIgniter->handleRequest(NULL, Object(Config\Cache), false)
#7 C:\src\Project-Website-UpworkTeam\GigihShop\public\index.php(37): CodeIgniter\CodeIgniter->run()
#8 C:\src\Project-Website-UpworkTeam\GigihShop\system\Commands\Server\rewrite.php(43): require_once('C:\\src\\Project-...')
#9 {main}
CRITICAL - 2021-12-22 14:13:59 --> Invalid file: keranjang/index.php
#0 C:\src\Project-Website-UpworkTeam\GigihShop\system\View\View.php(198): CodeIgniter\Exceptions\FrameworkException::forInvalidFile('keranjang/index...')
#1 C:\src\Project-Website-UpworkTeam\GigihShop\system\Common.php(1092): CodeIgniter\View\View->render('keranjang/index', Array, true)
#2 C:\src\Project-Website-UpworkTeam\GigihShop\app\Controllers\Barang2.php(68): view('keranjang/index')
#3 C:\src\Project-Website-UpworkTeam\GigihShop\system\CodeIgniter.php(802): App\Controllers\Barang2->tambah_keranjang('1')
#4 C:\src\Project-Website-UpworkTeam\GigihShop\system\CodeIgniter.php(399): CodeIgniter\CodeIgniter->runController(Object(App\Controllers\Barang2))
#5 C:\src\Project-Website-UpworkTeam\GigihShop\system\CodeIgniter.php(317): CodeIgniter\CodeIgniter->handleRequest(NULL, Object(Config\Cache), false)
#6 C:\src\Project-Website-UpworkTeam\GigihShop\public\index.php(37): CodeIgniter\CodeIgniter->run()
#7 C:\src\Project-Website-UpworkTeam\GigihShop\system\Commands\Server\rewrite.php(43): require_once('C:\\src\\Project-...')
#8 {main}
CRITICAL - 2021-12-22 14:14:09 --> Invalid file: /keranjang/index.php
#0 C:\src\Project-Website-UpworkTeam\GigihShop\system\View\View.php(198): CodeIgniter\Exceptions\FrameworkException::forInvalidFile('/keranjang/inde...')
#1 C:\src\Project-Website-UpworkTeam\GigihShop\system\Common.php(1092): CodeIgniter\View\View->render('/keranjang/inde...', Array, true)
#2 C:\src\Project-Website-UpworkTeam\GigihShop\app\Controllers\Barang2.php(68): view('/keranjang/inde...')
#3 C:\src\Project-Website-UpworkTeam\GigihShop\system\CodeIgniter.php(802): App\Controllers\Barang2->tambah_keranjang('1')
#4 C:\src\Project-Website-UpworkTeam\GigihShop\system\CodeIgniter.php(399): CodeIgniter\CodeIgniter->runController(Object(App\Controllers\Barang2))
#5 C:\src\Project-Website-UpworkTeam\GigihShop\system\CodeIgniter.php(317): CodeIgniter\CodeIgniter->handleRequest(NULL, Object(Config\Cache), false)
#6 C:\src\Project-Website-UpworkTeam\GigihShop\public\index.php(37): CodeIgniter\CodeIgniter->run()
#7 C:\src\Project-Website-UpworkTeam\GigihShop\system\Commands\Server\rewrite.php(43): require_once('C:\\src\\Project-...')
#8 {main}
CRITICAL - 2021-12-22 14:14:22 --> Invalid file: /keranjang.php
#0 C:\src\Project-Website-UpworkTeam\GigihShop\system\View\View.php(198): CodeIgniter\Exceptions\FrameworkException::forInvalidFile('/keranjang.php')
#1 C:\src\Project-Website-UpworkTeam\GigihShop\system\Common.php(1092): CodeIgniter\View\View->render('/keranjang', Array, true)
#2 C:\src\Project-Website-UpworkTeam\GigihShop\app\Controllers\Barang2.php(68): view('/keranjang')
#3 C:\src\Project-Website-UpworkTeam\GigihShop\system\CodeIgniter.php(802): App\Controllers\Barang2->tambah_keranjang('1')
#4 C:\src\Project-Website-UpworkTeam\GigihShop\system\CodeIgniter.php(399): CodeIgniter\CodeIgniter->runController(Object(App\Controllers\Barang2))
#5 C:\src\Project-Website-UpworkTeam\GigihShop\system\CodeIgniter.php(317): CodeIgniter\CodeIgniter->handleRequest(NULL, Object(Config\Cache), false)
#6 C:\src\Project-Website-UpworkTeam\GigihShop\public\index.php(37): CodeIgniter\CodeIgniter->run()
#7 C:\src\Project-Website-UpworkTeam\GigihShop\system\Commands\Server\rewrite.php(43): require_once('C:\\src\\Project-...')
#8 {main}
CRITICAL - 2021-12-22 14:14:28 --> Invalid file: /keranjang.php
#0 C:\src\Project-Website-UpworkTeam\GigihShop\system\View\View.php(198): CodeIgniter\Exceptions\FrameworkException::forInvalidFile('/keranjang.php')
#1 C:\src\Project-Website-UpworkTeam\GigihShop\system\Common.php(1092): CodeIgniter\View\View->render('/keranjang', Array, true)
#2 C:\src\Project-Website-UpworkTeam\GigihShop\app\Controllers\Barang2.php(68): view('/keranjang')
#3 C:\src\Project-Website-UpworkTeam\GigihShop\system\CodeIgniter.php(802): App\Controllers\Barang2->tambah_keranjang('1')
#4 C:\src\Project-Website-UpworkTeam\GigihShop\system\CodeIgniter.php(399): CodeIgniter\CodeIgniter->runController(Object(App\Controllers\Barang2))
#5 C:\src\Project-Website-UpworkTeam\GigihShop\system\CodeIgniter.php(317): CodeIgniter\CodeIgniter->handleRequest(NULL, Object(Config\Cache), false)
#6 C:\src\Project-Website-UpworkTeam\GigihShop\public\index.php(37): CodeIgniter\CodeIgniter->run()
#7 C:\src\Project-Website-UpworkTeam\GigihShop\system\Commands\Server\rewrite.php(43): require_once('C:\\src\\Project-...')
#8 {main}
CRITICAL - 2021-12-22 14:14:37 --> Invalid file: keranjang.php
#0 C:\src\Project-Website-UpworkTeam\GigihShop\system\View\View.php(198): CodeIgniter\Exceptions\FrameworkException::forInvalidFile('keranjang.php')
#1 C:\src\Project-Website-UpworkTeam\GigihShop\system\Common.php(1092): CodeIgniter\View\View->render('keranjang', Array, true)
#2 C:\src\Project-Website-UpworkTeam\GigihShop\app\Controllers\Barang2.php(68): view('keranjang')
#3 C:\src\Project-Website-UpworkTeam\GigihShop\system\CodeIgniter.php(802): App\Controllers\Barang2->tambah_keranjang('1')
#4 C:\src\Project-Website-UpworkTeam\GigihShop\system\CodeIgniter.php(399): CodeIgniter\CodeIgniter->runController(Object(App\Controllers\Barang2))
#5 C:\src\Project-Website-UpworkTeam\GigihShop\system\CodeIgniter.php(317): CodeIgniter\CodeIgniter->handleRequest(NULL, Object(Config\Cache), false)
#6 C:\src\Project-Website-UpworkTeam\GigihShop\public\index.php(37): CodeIgniter\CodeIgniter->run()
#7 C:\src\Project-Website-UpworkTeam\GigihShop\system\Commands\Server\rewrite.php(43): require_once('C:\\src\\Project-...')
#8 {main}
CRITICAL - 2021-12-22 14:15:45 --> Invalid file: /keranjang.php
#0 C:\src\Project-Website-UpworkTeam\GigihShop\system\View\View.php(198): CodeIgniter\Exceptions\FrameworkException::forInvalidFile('/keranjang.php')
#1 C:\src\Project-Website-UpworkTeam\GigihShop\system\Common.php(1092): CodeIgniter\View\View->render('/keranjang', Array, true)
#2 C:\src\Project-Website-UpworkTeam\GigihShop\app\Controllers\Barang2.php(68): view('/keranjang')
#3 C:\src\Project-Website-UpworkTeam\GigihShop\system\CodeIgniter.php(802): App\Controllers\Barang2->tambah_keranjang('1')
#4 C:\src\Project-Website-UpworkTeam\GigihShop\system\CodeIgniter.php(399): CodeIgniter\CodeIgniter->runController(Object(App\Controllers\Barang2))
#5 C:\src\Project-Website-UpworkTeam\GigihShop\system\CodeIgniter.php(317): CodeIgniter\CodeIgniter->handleRequest(NULL, Object(Config\Cache), false)
#6 C:\src\Project-Website-UpworkTeam\GigihShop\public\index.php(37): CodeIgniter\CodeIgniter->run()
#7 C:\src\Project-Website-UpworkTeam\GigihShop\system\Commands\Server\rewrite.php(43): require_once('C:\\src\\Project-...')
#8 {main}
CRITICAL - 2021-12-22 14:16:19 --> Invalid file: /index.php
#0 C:\src\Project-Website-UpworkTeam\GigihShop\system\View\View.php(198): CodeIgniter\Exceptions\FrameworkException::forInvalidFile('/index.php')
#1 C:\src\Project-Website-UpworkTeam\GigihShop\system\Common.php(1092): CodeIgniter\View\View->render('/index', Array, true)
#2 C:\src\Project-Website-UpworkTeam\GigihShop\app\Controllers\Barang2.php(68): view('/index')
#3 C:\src\Project-Website-UpworkTeam\GigihShop\system\CodeIgniter.php(802): App\Controllers\Barang2->tambah_keranjang('1')
#4 C:\src\Project-Website-UpworkTeam\GigihShop\system\CodeIgniter.php(399): CodeIgniter\CodeIgniter->runController(Object(App\Controllers\Barang2))
#5 C:\src\Project-Website-UpworkTeam\GigihShop\system\CodeIgniter.php(317): CodeIgniter\CodeIgniter->handleRequest(NULL, Object(Config\Cache), false)
#6 C:\src\Project-Website-UpworkTeam\GigihShop\public\index.php(37): CodeIgniter\CodeIgniter->run()
#7 C:\src\Project-Website-UpworkTeam\GigihShop\system\Commands\Server\rewrite.php(43): require_once('C:\\src\\Project-...')
#8 {main}
CRITICAL - 2021-12-22 14:41:49 --> syntax error, unexpected 'return' (T_RETURN)
#0 C:\src\Project-Website-UpworkTeam\GigihShop\system\Router\Router.php(160): CodeIgniter\Router\Router->autoRoute('keranjang/tamba...')
#1 C:\src\Project-Website-UpworkTeam\GigihShop\system\CodeIgniter.php(702): CodeIgniter\Router\Router->handle('keranjang/tamba...')
#2 C:\src\Project-Website-UpworkTeam\GigihShop\system\CodeIgniter.php(358): CodeIgniter\CodeIgniter->tryToRouteIt(Object(CodeIgniter\Router\RouteCollection))
#3 C:\src\Project-Website-UpworkTeam\GigihShop\system\CodeIgniter.php(317): CodeIgniter\CodeIgniter->handleRequest(NULL, Object(Config\Cache), false)
#4 C:\src\Project-Website-UpworkTeam\GigihShop\public\index.php(37): CodeIgniter\CodeIgniter->run()
#5 C:\src\Project-Website-UpworkTeam\GigihShop\system\Commands\Server\rewrite.php(43): require_once('C:\\src\\Project-...')
#6 {main}
CRITICAL - 2021-12-22 14:43:46 --> Call to a member function getResultArray() on array
#0 C:\src\Project-Website-UpworkTeam\GigihShop\system\CodeIgniter.php(802): App\Controllers\Keranjang->tambah('4')
#1 C:\src\Project-Website-UpworkTeam\GigihShop\system\CodeIgniter.php(399): CodeIgniter\CodeIgniter->runController(Object(App\Controllers\Keranjang))
#2 C:\src\Project-Website-UpworkTeam\GigihShop\system\CodeIgniter.php(317): CodeIgniter\CodeIgniter->handleRequest(NULL, Object(Config\Cache), false)
#3 C:\src\Project-Website-UpworkTeam\GigihShop\public\index.php(37): CodeIgniter\CodeIgniter->run()
#4 C:\src\Project-Website-UpworkTeam\GigihShop\system\Commands\Server\rewrite.php(43): require_once('C:\\src\\Project-...')
#5 {main}
CRITICAL - 2021-12-22 14:44:13 --> Illegal string offset 'barang_id'
#0 C:\src\Project-Website-UpworkTeam\GigihShop\app\Controllers\Keranjang.php(28): CodeIgniter\Debug\Exceptions->errorHandler(2, 'Illegal string ...', 'C:\\src\\Project-...', 28, Array)
#1 C:\src\Project-Website-UpworkTeam\GigihShop\system\CodeIgniter.php(802): App\Controllers\Keranjang->tambah('4')
#2 C:\src\Project-Website-UpworkTeam\GigihShop\system\CodeIgniter.php(399): CodeIgniter\CodeIgniter->runController(Object(App\Controllers\Keranjang))
#3 C:\src\Project-Website-UpworkTeam\GigihShop\system\CodeIgniter.php(317): CodeIgniter\CodeIgniter->handleRequest(NULL, Object(Config\Cache), false)
#4 C:\src\Project-Website-UpworkTeam\GigihShop\public\index.php(37): CodeIgniter\CodeIgniter->run()
#5 C:\src\Project-Website-UpworkTeam\GigihShop\system\Commands\Server\rewrite.php(43): require_once('C:\\src\\Project-...')
#6 {main}
ERROR - 2021-12-22 14:54:51 --> Unknown column 'id' in 'where clause'
ERROR - 2021-12-22 14:59:47 --> Unknown column 'id' in 'where clause'
CRITICAL - 2021-12-22 16:42:14 --> Invalid file: /.php
#0 C:\src\Project-Website-UpworkTeam\GigihShop\system\View\View.php(198): CodeIgniter\Exceptions\FrameworkException::forInvalidFile('/.php')
#1 C:\src\Project-Website-UpworkTeam\GigihShop\system\Common.php(1092): CodeIgniter\View\View->render('/', Array, true)
#2 C:\src\Project-Website-UpworkTeam\GigihShop\app\Controllers\Keranjang.php(55): view('/')
#3 C:\src\Project-Website-UpworkTeam\GigihShop\system\CodeIgniter.php(802): App\Controllers\Keranjang->tambah('4')
#4 C:\src\Project-Website-UpworkTeam\GigihShop\system\CodeIgniter.php(399): CodeIgniter\CodeIgniter->runController(Object(App\Controllers\Keranjang))
#5 C:\src\Project-Website-UpworkTeam\GigihShop\system\CodeIgniter.php(317): CodeIgniter\CodeIgniter->handleRequest(NULL, Object(Config\Cache), false)
#6 C:\src\Project-Website-UpworkTeam\GigihShop\public\index.php(37): CodeIgniter\CodeIgniter->run()
#7 C:\src\Project-Website-UpworkTeam\GigihShop\system\Commands\Server\rewrite.php(43): require_once('C:\\src\\Project-...')
#8 {main}
CRITICAL - 2021-12-22 16:42:49 --> Invalid file: /.php
#0 C:\src\Project-Website-UpworkTeam\GigihShop\system\View\View.php(198): CodeIgniter\Exceptions\FrameworkException::forInvalidFile('/.php')
#1 C:\src\Project-Website-UpworkTeam\GigihShop\system\Common.php(1092): CodeIgniter\View\View->render('/', Array, true)
#2 C:\src\Project-Website-UpworkTeam\GigihShop\app\Controllers\Keranjang.php(55): view('/')
#3 C:\src\Project-Website-UpworkTeam\GigihShop\system\CodeIgniter.php(802): App\Controllers\Keranjang->tambah('4')
#4 C:\src\Project-Website-UpworkTeam\GigihShop\system\CodeIgniter.php(399): CodeIgniter\CodeIgniter->runController(Object(App\Controllers\Keranjang))
#5 C:\src\Project-Website-UpworkTeam\GigihShop\system\CodeIgniter.php(317): CodeIgniter\CodeIgniter->handleRequest(NULL, Object(Config\Cache), false)
#6 C:\src\Project-Website-UpworkTeam\GigihShop\public\index.php(37): CodeIgniter\CodeIgniter->run()
#7 C:\src\Project-Website-UpworkTeam\GigihShop\system\Commands\Server\rewrite.php(43): require_once('C:\\src\\Project-...')
#8 {main}
CRITICAL - 2021-12-22 16:46:06 --> Invalid file: /.php
#0 C:\src\Project-Website-UpworkTeam\GigihShop\system\View\View.php(198): CodeIgniter\Exceptions\FrameworkException::forInvalidFile('/.php')
#1 C:\src\Project-Website-UpworkTeam\GigihShop\system\Common.php(1092): CodeIgniter\View\View->render('/', Array, true)
#2 C:\src\Project-Website-UpworkTeam\GigihShop\app\Controllers\Keranjang.php(55): view('/')
#3 C:\src\Project-Website-UpworkTeam\GigihShop\system\CodeIgniter.php(802): App\Controllers\Keranjang->tambah('4')
#4 C:\src\Project-Website-UpworkTeam\GigihShop\system\CodeIgniter.php(399): CodeIgniter\CodeIgniter->runController(Object(App\Controllers\Keranjang))
#5 C:\src\Project-Website-UpworkTeam\GigihShop\system\CodeIgniter.php(317): CodeIgniter\CodeIgniter->handleRequest(NULL, Object(Config\Cache), false)
#6 C:\src\Project-Website-UpworkTeam\GigihShop\public\index.php(37): CodeIgniter\CodeIgniter->run()
#7 C:\src\Project-Website-UpworkTeam\GigihShop\system\Commands\Server\rewrite.php(43): require_once('C:\\src\\Project-...')
#8 {main}
CRITICAL - 2021-12-22 16:46:37 --> Invalid file: /.php
#0 C:\src\Project-Website-UpworkTeam\GigihShop\system\View\View.php(198): CodeIgniter\Exceptions\FrameworkException::forInvalidFile('/.php')
#1 C:\src\Project-Website-UpworkTeam\GigihShop\system\Common.php(1092): CodeIgniter\View\View->render('/', Array, true)
#2 C:\src\Project-Website-UpworkTeam\GigihShop\app\Controllers\Keranjang.php(57): view('/')
#3 C:\src\Project-Website-UpworkTeam\GigihShop\system\CodeIgniter.php(802): App\Controllers\Keranjang->tambah('4')
#4 C:\src\Project-Website-UpworkTeam\GigihShop\system\CodeIgniter.php(399): CodeIgniter\CodeIgniter->runController(Object(App\Controllers\Keranjang))
#5 C:\src\Project-Website-UpworkTeam\GigihShop\system\CodeIgniter.php(317): CodeIgniter\CodeIgniter->handleRequest(NULL, Object(Config\Cache), false)
#6 C:\src\Project-Website-UpworkTeam\GigihShop\public\index.php(37): CodeIgniter\CodeIgniter->run()
#7 C:\src\Project-Website-UpworkTeam\GigihShop\system\Commands\Server\rewrite.php(43): require_once('C:\\src\\Project-...')
#8 {main}
CRITICAL - 2021-12-22 16:52:00 --> Invalid file: /.php
#0 C:\src\Project-Website-UpworkTeam\GigihShop\system\View\View.php(198): CodeIgniter\Exceptions\FrameworkException::forInvalidFile('/.php')
#1 C:\src\Project-Website-UpworkTeam\GigihShop\system\Common.php(1092): CodeIgniter\View\View->render('/', Array, true)
#2 C:\src\Project-Website-UpworkTeam\GigihShop\app\Controllers\Keranjang.php(58): view('/')
#3 C:\src\Project-Website-UpworkTeam\GigihShop\system\CodeIgniter.php(802): App\Controllers\Keranjang->tambah('16')
#4 C:\src\Project-Website-UpworkTeam\GigihShop\system\CodeIgniter.php(399): CodeIgniter\CodeIgniter->runController(Object(App\Controllers\Keranjang))
#5 C:\src\Project-Website-UpworkTeam\GigihShop\system\CodeIgniter.php(317): CodeIgniter\CodeIgniter->handleRequest(NULL, Object(Config\Cache), false)
#6 C:\src\Project-Website-UpworkTeam\GigihShop\public\index.php(37): CodeIgniter\CodeIgniter->run()
#7 C:\src\Project-Website-UpworkTeam\GigihShop\system\Commands\Server\rewrite.php(43): require_once('C:\\src\\Project-...')
#8 {main}
CRITICAL - 2021-12-22 16:52:46 --> Invalid file: /.php
#0 C:\src\Project-Website-UpworkTeam\GigihShop\system\View\View.php(198): CodeIgniter\Exceptions\FrameworkException::forInvalidFile('/.php')
#1 C:\src\Project-Website-UpworkTeam\GigihShop\system\Common.php(1092): CodeIgniter\View\View->render('/', Array, true)
#2 C:\src\Project-Website-UpworkTeam\GigihShop\app\Controllers\Keranjang.php(58): view('/')
#3 C:\src\Project-Website-UpworkTeam\GigihShop\system\CodeIgniter.php(802): App\Controllers\Keranjang->tambah('16')
#4 C:\src\Project-Website-UpworkTeam\GigihShop\system\CodeIgniter.php(399): CodeIgniter\CodeIgniter->runController(Object(App\Controllers\Keranjang))
#5 C:\src\Project-Website-UpworkTeam\GigihShop\system\CodeIgniter.php(317): CodeIgniter\CodeIgniter->handleRequest(NULL, Object(Config\Cache), false)
#6 C:\src\Project-Website-UpworkTeam\GigihShop\public\index.php(37): CodeIgniter\CodeIgniter->run()
#7 C:\src\Project-Website-UpworkTeam\GigihShop\system\Commands\Server\rewrite.php(43): require_once('C:\\src\\Project-...')
#8 {main}
CRITICAL - 2021-12-22 16:53:43 --> Invalid file: /.php
#0 C:\src\Project-Website-UpworkTeam\GigihShop\system\View\View.php(198): CodeIgniter\Exceptions\FrameworkException::forInvalidFile('/.php')
#1 C:\src\Project-Website-UpworkTeam\GigihShop\system\Common.php(1092): CodeIgniter\View\View->render('/', Array, true)
#2 C:\src\Project-Website-UpworkTeam\GigihShop\app\Controllers\Keranjang.php(59): view('/')
#3 C:\src\Project-Website-UpworkTeam\GigihShop\system\CodeIgniter.php(802): App\Controllers\Keranjang->tambah('16')
#4 C:\src\Project-Website-UpworkTeam\GigihShop\system\CodeIgniter.php(399): CodeIgniter\CodeIgniter->runController(Object(App\Controllers\Keranjang))
#5 C:\src\Project-Website-UpworkTeam\GigihShop\system\CodeIgniter.php(317): CodeIgniter\CodeIgniter->handleRequest(NULL, Object(Config\Cache), false)
#6 C:\src\Project-Website-UpworkTeam\GigihShop\public\index.php(37): CodeIgniter\CodeIgniter->run()
#7 C:\src\Project-Website-UpworkTeam\GigihShop\system\Commands\Server\rewrite.php(43): require_once('C:\\src\\Project-...')
#8 {main}
CRITICAL - 2021-12-22 16:59:23 --> Invalid file: /.php
#0 C:\src\Project-Website-UpworkTeam\GigihShop\system\View\View.php(198): CodeIgniter\Exceptions\FrameworkException::forInvalidFile('/.php')
#1 C:\src\Project-Website-UpworkTeam\GigihShop\system\Common.php(1092): CodeIgniter\View\View->render('/', Array, true)
#2 C:\src\Project-Website-UpworkTeam\GigihShop\app\Controllers\Keranjang.php(77): view('/')
#3 C:\src\Project-Website-UpworkTeam\GigihShop\system\CodeIgniter.php(802): App\Controllers\Keranjang->tambah('16')
#4 C:\src\Project-Website-UpworkTeam\GigihShop\system\CodeIgniter.php(399): CodeIgniter\CodeIgniter->runController(Object(App\Controllers\Keranjang))
#5 C:\src\Project-Website-UpworkTeam\GigihShop\system\CodeIgniter.php(317): CodeIgniter\CodeIgniter->handleRequest(NULL, Object(Config\Cache), false)
#6 C:\src\Project-Website-UpworkTeam\GigihShop\public\index.php(37): CodeIgniter\CodeIgniter->run()
#7 C:\src\Project-Website-UpworkTeam\GigihShop\system\Commands\Server\rewrite.php(43): require_once('C:\\src\\Project-...')
#8 {main}
CRITICAL - 2021-12-22 16:59:34 --> Invalid file: /.php
#0 C:\src\Project-Website-UpworkTeam\GigihShop\system\View\View.php(198): CodeIgniter\Exceptions\FrameworkException::forInvalidFile('/.php')
#1 C:\src\Project-Website-UpworkTeam\GigihShop\system\Common.php(1092): CodeIgniter\View\View->render('/', Array, true)
#2 C:\src\Project-Website-UpworkTeam\GigihShop\app\Controllers\Keranjang.php(77): view('/')
#3 C:\src\Project-Website-UpworkTeam\GigihShop\system\CodeIgniter.php(802): App\Controllers\Keranjang->tambah('16')
#4 C:\src\Project-Website-UpworkTeam\GigihShop\system\CodeIgniter.php(399): CodeIgniter\CodeIgniter->runController(Object(App\Controllers\Keranjang))
#5 C:\src\Project-Website-UpworkTeam\GigihShop\system\CodeIgniter.php(317): CodeIgniter\CodeIgniter->handleRequest(NULL, Object(Config\Cache), false)
#6 C:\src\Project-Website-UpworkTeam\GigihShop\public\index.php(37): CodeIgniter\CodeIgniter->run()
#7 C:\src\Project-Website-UpworkTeam\GigihShop\system\Commands\Server\rewrite.php(43): require_once('C:\\src\\Project-...')
#8 {main}
CRITICAL - 2021-12-22 16:59:39 --> Invalid file: /.php
#0 C:\src\Project-Website-UpworkTeam\GigihShop\system\View\View.php(198): CodeIgniter\Exceptions\FrameworkException::forInvalidFile('/.php')
#1 C:\src\Project-Website-UpworkTeam\GigihShop\system\Common.php(1092): CodeIgniter\View\View->render('/', Array, true)
#2 C:\src\Project-Website-UpworkTeam\GigihShop\app\Controllers\Keranjang.php(77): view('/')
#3 C:\src\Project-Website-UpworkTeam\GigihShop\system\CodeIgniter.php(802): App\Controllers\Keranjang->tambah('16')
#4 C:\src\Project-Website-UpworkTeam\GigihShop\system\CodeIgniter.php(399): CodeIgniter\CodeIgniter->runController(Object(App\Controllers\Keranjang))
#5 C:\src\Project-Website-UpworkTeam\GigihShop\system\CodeIgniter.php(317): CodeIgniter\CodeIgniter->handleRequest(NULL, Object(Config\Cache), false)
#6 C:\src\Project-Website-UpworkTeam\GigihShop\public\index.php(37): CodeIgniter\CodeIgniter->run()
#7 C:\src\Project-Website-UpworkTeam\GigihShop\system\Commands\Server\rewrite.php(43): require_once('C:\\src\\Project-...')
#8 {main}
CRITICAL - 2021-12-22 17:00:57 --> array_count_values(): Can only count STRING and INTEGER values!
#0 [internal function]: CodeIgniter\Debug\Exceptions->errorHandler(2, 'array_count_val...', 'C:\\src\\Project-...', 53, Array)
#1 C:\src\Project-Website-UpworkTeam\GigihShop\app\Controllers\Keranjang.php(53): array_count_values(Array)
#2 C:\src\Project-Website-UpworkTeam\GigihShop\system\CodeIgniter.php(802): App\Controllers\Keranjang->tambah('16')
#3 C:\src\Project-Website-UpworkTeam\GigihShop\system\CodeIgniter.php(399): CodeIgniter\CodeIgniter->runController(Object(App\Controllers\Keranjang))
#4 C:\src\Project-Website-UpworkTeam\GigihShop\system\CodeIgniter.php(317): CodeIgniter\CodeIgniter->handleRequest(NULL, Object(Config\Cache), false)
#5 C:\src\Project-Website-UpworkTeam\GigihShop\public\index.php(37): CodeIgniter\CodeIgniter->run()
#6 C:\src\Project-Website-UpworkTeam\GigihShop\system\Commands\Server\rewrite.php(43): require_once('C:\\src\\Project-...')
#7 {main}
CRITICAL - 2021-12-22 17:01:13 --> array_count_values(): Can only count STRING and INTEGER values!
#0 [internal function]: CodeIgniter\Debug\Exceptions->errorHandler(2, 'array_count_val...', 'C:\\src\\Project-...', 53, Array)
#1 C:\src\Project-Website-UpworkTeam\GigihShop\app\Controllers\Keranjang.php(53): array_count_values(Array)
#2 C:\src\Project-Website-UpworkTeam\GigihShop\system\CodeIgniter.php(802): App\Controllers\Keranjang->tambah('16')
#3 C:\src\Project-Website-UpworkTeam\GigihShop\system\CodeIgniter.php(399): CodeIgniter\CodeIgniter->runController(Object(App\Controllers\Keranjang))
#4 C:\src\Project-Website-UpworkTeam\GigihShop\system\CodeIgniter.php(317): CodeIgniter\CodeIgniter->handleRequest(NULL, Object(Config\Cache), false)
#5 C:\src\Project-Website-UpworkTeam\GigihShop\public\index.php(37): CodeIgniter\CodeIgniter->run()
#6 C:\src\Project-Website-UpworkTeam\GigihShop\system\Commands\Server\rewrite.php(43): require_once('C:\\src\\Project-...')
#7 {main}
CRITICAL - 2021-12-22 17:01:57 --> array_count_values() expects parameter 1 to be array, string given
#0 [internal function]: CodeIgniter\Debug\Exceptions->errorHandler(2, 'array_count_val...', 'C:\\src\\Project-...', 49, Array)
#1 C:\src\Project-Website-UpworkTeam\GigihShop\app\Controllers\Keranjang.php(49): array_count_values('16')
#2 C:\src\Project-Website-UpworkTeam\GigihShop\system\CodeIgniter.php(802): App\Controllers\Keranjang->tambah('16')
#3 C:\src\Project-Website-UpworkTeam\GigihShop\system\CodeIgniter.php(399): CodeIgniter\CodeIgniter->runController(Object(App\Controllers\Keranjang))
#4 C:\src\Project-Website-UpworkTeam\GigihShop\system\CodeIgniter.php(317): CodeIgniter\CodeIgniter->handleRequest(NULL, Object(Config\Cache), false)
#5 C:\src\Project-Website-UpworkTeam\GigihShop\public\index.php(37): CodeIgniter\CodeIgniter->run()
#6 C:\src\Project-Website-UpworkTeam\GigihShop\system\Commands\Server\rewrite.php(43): require_once('C:\\src\\Project-...')
#7 {main}
CRITICAL - 2021-12-22 17:02:11 --> Invalid file: /.php
#0 C:\src\Project-Website-UpworkTeam\GigihShop\system\View\View.php(198): CodeIgniter\Exceptions\FrameworkException::forInvalidFile('/.php')
#1 C:\src\Project-Website-UpworkTeam\GigihShop\system\Common.php(1092): CodeIgniter\View\View->render('/', Array, true)
#2 C:\src\Project-Website-UpworkTeam\GigihShop\app\Controllers\Keranjang.php(59): view('/')
#3 C:\src\Project-Website-UpworkTeam\GigihShop\system\CodeIgniter.php(802): App\Controllers\Keranjang->tambah('16')
#4 C:\src\Project-Website-UpworkTeam\GigihShop\system\CodeIgniter.php(399): CodeIgniter\CodeIgniter->runController(Object(App\Controllers\Keranjang))
#5 C:\src\Project-Website-UpworkTeam\GigihShop\system\CodeIgniter.php(317): CodeIgniter\CodeIgniter->handleRequest(NULL, Object(Config\Cache), false)
#6 C:\src\Project-Website-UpworkTeam\GigihShop\public\index.php(37): CodeIgniter\CodeIgniter->run()
#7 C:\src\Project-Website-UpworkTeam\GigihShop\system\Commands\Server\rewrite.php(43): require_once('C:\\src\\Project-...')
#8 {main}
CRITICAL - 2021-12-22 17:02:23 --> array_count_values() expects parameter 1 to be array, string given
#0 [internal function]: CodeIgniter\Debug\Exceptions->errorHandler(2, 'array_count_val...', 'C:\\src\\Project-...', 49, Array)
#1 C:\src\Project-Website-UpworkTeam\GigihShop\app\Controllers\Keranjang.php(49): array_count_values('16')
#2 C:\src\Project-Website-UpworkTeam\GigihShop\system\CodeIgniter.php(802): App\Controllers\Keranjang->tambah('16')
#3 C:\src\Project-Website-UpworkTeam\GigihShop\system\CodeIgniter.php(399): CodeIgniter\CodeIgniter->runController(Object(App\Controllers\Keranjang))
#4 C:\src\Project-Website-UpworkTeam\GigihShop\system\CodeIgniter.php(317): CodeIgniter\CodeIgniter->handleRequest(NULL, Object(Config\Cache), false)
#5 C:\src\Project-Website-UpworkTeam\GigihShop\public\index.php(37): CodeIgniter\CodeIgniter->run()
#6 C:\src\Project-Website-UpworkTeam\GigihShop\system\Commands\Server\rewrite.php(43): require_once('C:\\src\\Project-...')
#7 {main}
CRITICAL - 2021-12-22 17:02:49 --> Invalid file: /.php
#0 C:\src\Project-Website-UpworkTeam\GigihShop\system\View\View.php(198): CodeIgniter\Exceptions\FrameworkException::forInvalidFile('/.php')
#1 C:\src\Project-Website-UpworkTeam\GigihShop\system\Common.php(1092): CodeIgniter\View\View->render('/', Array, true)
#2 C:\src\Project-Website-UpworkTeam\GigihShop\app\Controllers\Keranjang.php(59): view('/')
#3 C:\src\Project-Website-UpworkTeam\GigihShop\system\CodeIgniter.php(802): App\Controllers\Keranjang->tambah('16')
#4 C:\src\Project-Website-UpworkTeam\GigihShop\system\CodeIgniter.php(399): CodeIgniter\CodeIgniter->runController(Object(App\Controllers\Keranjang))
#5 C:\src\Project-Website-UpworkTeam\GigihShop\system\CodeIgniter.php(317): CodeIgniter\CodeIgniter->handleRequest(NULL, Object(Config\Cache), false)
#6 C:\src\Project-Website-UpworkTeam\GigihShop\public\index.php(37): CodeIgniter\CodeIgniter->run()
#7 C:\src\Project-Website-UpworkTeam\GigihShop\system\Commands\Server\rewrite.php(43): require_once('C:\\src\\Project-...')
#8 {main}
CRITICAL - 2021-12-22 17:04:07 --> count(): Parameter must be an array or an object that implements Countable
#0 [internal function]: CodeIgniter\Debug\Exceptions->errorHandler(2, 'count(): Parame...', 'C:\\src\\Project-...', 49, Array)
#1 C:\src\Project-Website-UpworkTeam\GigihShop\app\Controllers\Keranjang.php(49): count('16')
#2 C:\src\Project-Website-UpworkTeam\GigihShop\system\CodeIgniter.php(802): App\Controllers\Keranjang->tambah('16')
#3 C:\src\Project-Website-UpworkTeam\GigihShop\system\CodeIgniter.php(399): CodeIgniter\CodeIgniter->runController(Object(App\Controllers\Keranjang))
#4 C:\src\Project-Website-UpworkTeam\GigihShop\system\CodeIgniter.php(317): CodeIgniter\CodeIgniter->handleRequest(NULL, Object(Config\Cache), false)
#5 C:\src\Project-Website-UpworkTeam\GigihShop\public\index.php(37): CodeIgniter\CodeIgniter->run()
#6 C:\src\Project-Website-UpworkTeam\GigihShop\system\Commands\Server\rewrite.php(43): require_once('C:\\src\\Project-...')
#7 {main}
CRITICAL - 2021-12-22 17:04:44 --> Invalid file: /.php
#0 C:\src\Project-Website-UpworkTeam\GigihShop\system\View\View.php(198): CodeIgniter\Exceptions\FrameworkException::forInvalidFile('/.php')
#1 C:\src\Project-Website-UpworkTeam\GigihShop\system\Common.php(1092): CodeIgniter\View\View->render('/', Array, true)
#2 C:\src\Project-Website-UpworkTeam\GigihShop\app\Controllers\Keranjang.php(59): view('/')
#3 C:\src\Project-Website-UpworkTeam\GigihShop\system\CodeIgniter.php(802): App\Controllers\Keranjang->tambah('16')
#4 C:\src\Project-Website-UpworkTeam\GigihShop\system\CodeIgniter.php(399): CodeIgniter\CodeIgniter->runController(Object(App\Controllers\Keranjang))
#5 C:\src\Project-Website-UpworkTeam\GigihShop\system\CodeIgniter.php(317): CodeIgniter\CodeIgniter->handleRequest(NULL, Object(Config\Cache), false)
#6 C:\src\Project-Website-UpworkTeam\GigihShop\public\index.php(37): CodeIgniter\CodeIgniter->run()
#7 C:\src\Project-Website-UpworkTeam\GigihShop\system\Commands\Server\rewrite.php(43): require_once('C:\\src\\Project-...')
#8 {main}
CRITICAL - 2021-12-22 17:05:39 --> Invalid file: /.php
#0 C:\src\Project-Website-UpworkTeam\GigihShop\system\View\View.php(198): CodeIgniter\Exceptions\FrameworkException::forInvalidFile('/.php')
#1 C:\src\Project-Website-UpworkTeam\GigihShop\system\Common.php(1092): CodeIgniter\View\View->render('/', Array, true)
#2 C:\src\Project-Website-UpworkTeam\GigihShop\app\Controllers\Keranjang.php(60): view('/')
#3 C:\src\Project-Website-UpworkTeam\GigihShop\system\CodeIgniter.php(802): App\Controllers\Keranjang->tambah('16')
#4 C:\src\Project-Website-UpworkTeam\GigihShop\system\CodeIgniter.php(399): CodeIgniter\CodeIgniter->runController(Object(App\Controllers\Keranjang))
#5 C:\src\Project-Website-UpworkTeam\GigihShop\system\CodeIgniter.php(317): CodeIgniter\CodeIgniter->handleRequest(NULL, Object(Config\Cache), false)
#6 C:\src\Project-Website-UpworkTeam\GigihShop\public\index.php(37): CodeIgniter\CodeIgniter->run()
#7 C:\src\Project-Website-UpworkTeam\GigihShop\system\Commands\Server\rewrite.php(43): require_once('C:\\src\\Project-...')
#8 {main}
CRITICAL - 2021-12-22 17:06:13 --> Invalid file: /.php
#0 C:\src\Project-Website-UpworkTeam\GigihShop\system\View\View.php(198): CodeIgniter\Exceptions\FrameworkException::forInvalidFile('/.php')
#1 C:\src\Project-Website-UpworkTeam\GigihShop\system\Common.php(1092): CodeIgniter\View\View->render('/', Array, true)
#2 C:\src\Project-Website-UpworkTeam\GigihShop\app\Controllers\Keranjang.php(60): view('/')
#3 C:\src\Project-Website-UpworkTeam\GigihShop\system\CodeIgniter.php(802): App\Controllers\Keranjang->tambah('16')
#4 C:\src\Project-Website-UpworkTeam\GigihShop\system\CodeIgniter.php(399): CodeIgniter\CodeIgniter->runController(Object(App\Controllers\Keranjang))
#5 C:\src\Project-Website-UpworkTeam\GigihShop\system\CodeIgniter.php(317): CodeIgniter\CodeIgniter->handleRequest(NULL, Object(Config\Cache), false)
#6 C:\src\Project-Website-UpworkTeam\GigihShop\public\index.php(37): CodeIgniter\CodeIgniter->run()
#7 C:\src\Project-Website-UpworkTeam\GigihShop\system\Commands\Server\rewrite.php(43): require_once('C:\\src\\Project-...')
#8 {main}
CRITICAL - 2021-12-22 17:06:47 --> Invalid file: /.php
#0 C:\src\Project-Website-UpworkTeam\GigihShop\system\View\View.php(198): CodeIgniter\Exceptions\FrameworkException::forInvalidFile('/.php')
#1 C:\src\Project-Website-UpworkTeam\GigihShop\system\Common.php(1092): CodeIgniter\View\View->render('/', Array, true)
#2 C:\src\Project-Website-UpworkTeam\GigihShop\app\Controllers\Keranjang.php(62): view('/')
#3 C:\src\Project-Website-UpworkTeam\GigihShop\system\CodeIgniter.php(802): App\Controllers\Keranjang->tambah('16')
#4 C:\src\Project-Website-UpworkTeam\GigihShop\system\CodeIgniter.php(399): CodeIgniter\CodeIgniter->runController(Object(App\Controllers\Keranjang))
#5 C:\src\Project-Website-UpworkTeam\GigihShop\system\CodeIgniter.php(317): CodeIgniter\CodeIgniter->handleRequest(NULL, Object(Config\Cache), false)
#6 C:\src\Project-Website-UpworkTeam\GigihShop\public\index.php(37): CodeIgniter\CodeIgniter->run()
#7 C:\src\Project-Website-UpworkTeam\GigihShop\system\Commands\Server\rewrite.php(43): require_once('C:\\src\\Project-...')
#8 {main}
CRITICAL - 2021-12-22 17:06:56 --> Cannot use [] for reading
#0 [internal function]: CodeIgniter\Debug\Exceptions->shutdownHandler()
#1 {main}
CRITICAL - 2021-12-22 17:07:25 --> Invalid file: /.php
#0 C:\src\Project-Website-UpworkTeam\GigihShop\system\View\View.php(198): CodeIgniter\Exceptions\FrameworkException::forInvalidFile('/.php')
#1 C:\src\Project-Website-UpworkTeam\GigihShop\system\Common.php(1092): CodeIgniter\View\View->render('/', Array, true)
#2 C:\src\Project-Website-UpworkTeam\GigihShop\app\Controllers\Keranjang.php(62): view('/')
#3 C:\src\Project-Website-UpworkTeam\GigihShop\system\CodeIgniter.php(802): App\Controllers\Keranjang->tambah('16')
#4 C:\src\Project-Website-UpworkTeam\GigihShop\system\CodeIgniter.php(399): CodeIgniter\CodeIgniter->runController(Object(App\Controllers\Keranjang))
#5 C:\src\Project-Website-UpworkTeam\GigihShop\system\CodeIgniter.php(317): CodeIgniter\CodeIgniter->handleRequest(NULL, Object(Config\Cache), false)
#6 C:\src\Project-Website-UpworkTeam\GigihShop\public\index.php(37): CodeIgniter\CodeIgniter->run()
#7 C:\src\Project-Website-UpworkTeam\GigihShop\system\Commands\Server\rewrite.php(43): require_once('C:\\src\\Project-...')
#8 {main}
CRITICAL - 2021-12-22 17:35:16 --> Maximum execution time of 60 seconds exceeded
#0 [internal function]: CodeIgniter\Debug\Exceptions->shutdownHandler()
#1 {main}
CRITICAL - 2021-12-22 17:36:20 --> Maximum execution time of 60 seconds exceeded
#0 [internal function]: CodeIgniter\Debug\Exceptions->shutdownHandler()
#1 {main}
