CRITICAL - 2022-01-01 00:06:42 --> A non-numeric value encountered
#0 C:\src\Project-Website-UpworkTeam\GigihShop\app\Views\keranjang\detail.php(39): CodeIgniter\Debug\Exceptions->errorHandler(2, 'A non-numeric v...', 'C:\\src\\Project-...', 39, Array)
#1 C:\src\Project-Website-UpworkTeam\GigihShop\system\View\View.php(214): include('C:\\src\\Project-...')
#2 C:\src\Project-Website-UpworkTeam\GigihShop\system\View\View.php(217): CodeIgniter\View\View->CodeIgniter\View\{closure}()
#3 C:\src\Project-Website-UpworkTeam\GigihShop\system\Common.php(1092): CodeIgniter\View\View->render('/keranjang/deta...', Array, true)
#4 C:\src\Project-Website-UpworkTeam\GigihShop\app\Controllers\Keranjang.php(95): view('/keranjang/deta...', Array)
#5 C:\src\Project-Website-UpworkTeam\GigihShop\system\CodeIgniter.php(802): App\Controllers\Keranjang->detail('1')
#6 C:\src\Project-Website-UpworkTeam\GigihShop\system\CodeIgniter.php(399): CodeIgniter\CodeIgniter->runController(Object(App\Controllers\Keranjang))
#7 C:\src\Project-Website-UpworkTeam\GigihShop\system\CodeIgniter.php(317): CodeIgniter\CodeIgniter->handleRequest(NULL, Object(Config\Cache), false)
#8 C:\src\Project-Website-UpworkTeam\GigihShop\public\index.php(37): CodeIgniter\CodeIgniter->run()
#9 C:\src\Project-Website-UpworkTeam\GigihShop\system\Commands\Server\rewrite.php(43): require_once('C:\\src\\Project-...')
#10 {main}
CRITICAL - 2022-01-01 00:07:09 --> Illegal string offset 'harga1'
#0 C:\src\Project-Website-UpworkTeam\GigihShop\app\Views\keranjang\detail.php(39): CodeIgniter\Debug\Exceptions->errorHandler(2, 'Illegal string ...', 'C:\\src\\Project-...', 39, Array)
#1 C:\src\Project-Website-UpworkTeam\GigihShop\system\View\View.php(214): include('C:\\src\\Project-...')
#2 C:\src\Project-Website-UpworkTeam\GigihShop\system\View\View.php(217): CodeIgniter\View\View->CodeIgniter\View\{closure}()
#3 C:\src\Project-Website-UpworkTeam\GigihShop\system\Common.php(1092): CodeIgniter\View\View->render('/keranjang/deta...', Array, true)
#4 C:\src\Project-Website-UpworkTeam\GigihShop\app\Controllers\Keranjang.php(95): view('/keranjang/deta...', Array)
#5 C:\src\Project-Website-UpworkTeam\GigihShop\system\CodeIgniter.php(802): App\Controllers\Keranjang->detail('1')
#6 C:\src\Project-Website-UpworkTeam\GigihShop\system\CodeIgniter.php(399): CodeIgniter\CodeIgniter->runController(Object(App\Controllers\Keranjang))
#7 C:\src\Project-Website-UpworkTeam\GigihShop\system\CodeIgniter.php(317): CodeIgniter\CodeIgniter->handleRequest(NULL, Object(Config\Cache), false)
#8 C:\src\Project-Website-UpworkTeam\GigihShop\public\index.php(37): CodeIgniter\CodeIgniter->run()
#9 C:\src\Project-Website-UpworkTeam\GigihShop\system\Commands\Server\rewrite.php(43): require_once('C:\\src\\Project-...')
#10 {main}
CRITICAL - 2022-01-01 00:13:13 --> A non-numeric value encountered
#0 C:\src\Project-Website-UpworkTeam\GigihShop\app\Views\barang2\index.php(60): CodeIgniter\Debug\Exceptions->errorHandler(2, 'A non-numeric v...', 'C:\\src\\Project-...', 60, Array)
#1 C:\src\Project-Website-UpworkTeam\GigihShop\system\View\View.php(214): include('C:\\src\\Project-...')
#2 C:\src\Project-Website-UpworkTeam\GigihShop\system\View\View.php(217): CodeIgniter\View\View->CodeIgniter\View\{closure}()
#3 C:\src\Project-Website-UpworkTeam\GigihShop\system\Common.php(1092): CodeIgniter\View\View->render('/barang2/index', Array, true)
#4 C:\src\Project-Website-UpworkTeam\GigihShop\app\Controllers\Barang2.php(33): view('/barang2/index', Array)
#5 C:\src\Project-Website-UpworkTeam\GigihShop\system\CodeIgniter.php(802): App\Controllers\Barang2->index()
#6 C:\src\Project-Website-UpworkTeam\GigihShop\system\CodeIgniter.php(399): CodeIgniter\CodeIgniter->runController(Object(App\Controllers\Barang2))
#7 C:\src\Project-Website-UpworkTeam\GigihShop\system\CodeIgniter.php(317): CodeIgniter\CodeIgniter->handleRequest(NULL, Object(Config\Cache), false)
#8 C:\src\Project-Website-UpworkTeam\GigihShop\public\index.php(37): CodeIgniter\CodeIgniter->run()
#9 C:\src\Project-Website-UpworkTeam\GigihShop\system\Commands\Server\rewrite.php(43): require_once('C:\\src\\Project-...')
#10 {main}
CRITICAL - 2022-01-01 00:14:00 --> A non-numeric value encountered
#0 C:\src\Project-Website-UpworkTeam\GigihShop\app\Views\barang2\index.php(61): CodeIgniter\Debug\Exceptions->errorHandler(2, 'A non-numeric v...', 'C:\\src\\Project-...', 61, Array)
#1 C:\src\Project-Website-UpworkTeam\GigihShop\system\View\View.php(214): include('C:\\src\\Project-...')
#2 C:\src\Project-Website-UpworkTeam\GigihShop\system\View\View.php(217): CodeIgniter\View\View->CodeIgniter\View\{closure}()
#3 C:\src\Project-Website-UpworkTeam\GigihShop\system\Common.php(1092): CodeIgniter\View\View->render('/barang2/index', Array, true)
#4 C:\src\Project-Website-UpworkTeam\GigihShop\app\Controllers\Barang2.php(33): view('/barang2/index', Array)
#5 C:\src\Project-Website-UpworkTeam\GigihShop\system\CodeIgniter.php(802): App\Controllers\Barang2->index()
#6 C:\src\Project-Website-UpworkTeam\GigihShop\system\CodeIgniter.php(399): CodeIgniter\CodeIgniter->runController(Object(App\Controllers\Barang2))
#7 C:\src\Project-Website-UpworkTeam\GigihShop\system\CodeIgniter.php(317): CodeIgniter\CodeIgniter->handleRequest(NULL, Object(Config\Cache), false)
#8 C:\src\Project-Website-UpworkTeam\GigihShop\public\index.php(37): CodeIgniter\CodeIgniter->run()
#9 C:\src\Project-Website-UpworkTeam\GigihShop\system\Commands\Server\rewrite.php(43): require_once('C:\\src\\Project-...')
#10 {main}
CRITICAL - 2022-01-01 03:45:40 --> A non-numeric value encountered
#0 C:\src\Project-Website-UpworkTeam\GigihShop\app\Views\keranjang\detail.php(46): CodeIgniter\Debug\Exceptions->errorHandler(2, 'A non-numeric v...', 'C:\\src\\Project-...', 46, Array)
#1 C:\src\Project-Website-UpworkTeam\GigihShop\system\View\View.php(214): include('C:\\src\\Project-...')
#2 C:\src\Project-Website-UpworkTeam\GigihShop\system\View\View.php(217): CodeIgniter\View\View->CodeIgniter\View\{closure}()
#3 C:\src\Project-Website-UpworkTeam\GigihShop\system\Common.php(1092): CodeIgniter\View\View->render('/keranjang/deta...', Array, true)
#4 C:\src\Project-Website-UpworkTeam\GigihShop\app\Controllers\Keranjang.php(93): view('/keranjang/deta...', Array)
#5 C:\src\Project-Website-UpworkTeam\GigihShop\system\CodeIgniter.php(802): App\Controllers\Keranjang->detail('3')
#6 C:\src\Project-Website-UpworkTeam\GigihShop\system\CodeIgniter.php(399): CodeIgniter\CodeIgniter->runController(Object(App\Controllers\Keranjang))
#7 C:\src\Project-Website-UpworkTeam\GigihShop\system\CodeIgniter.php(317): CodeIgniter\CodeIgniter->handleRequest(NULL, Object(Config\Cache), false)
#8 C:\src\Project-Website-UpworkTeam\GigihShop\public\index.php(37): CodeIgniter\CodeIgniter->run()
#9 C:\src\Project-Website-UpworkTeam\GigihShop\system\Commands\Server\rewrite.php(43): require_once('C:\\src\\Project-...')
#10 {main}
CRITICAL - 2022-01-01 18:02:57 --> syntax error, unexpected 'var_dump' (T_STRING)
#0 C:\src\Project-Website-UpworkTeam\GigihShop\system\Router\Router.php(160): CodeIgniter\Router\Router->autoRoute('keranjang')
#1 C:\src\Project-Website-UpworkTeam\GigihShop\system\CodeIgniter.php(702): CodeIgniter\Router\Router->handle('keranjang')
#2 C:\src\Project-Website-UpworkTeam\GigihShop\system\CodeIgniter.php(358): CodeIgniter\CodeIgniter->tryToRouteIt(Object(CodeIgniter\Router\RouteCollection))
#3 C:\src\Project-Website-UpworkTeam\GigihShop\system\CodeIgniter.php(317): CodeIgniter\CodeIgniter->handleRequest(NULL, Object(Config\Cache), false)
#4 C:\src\Project-Website-UpworkTeam\GigihShop\public\index.php(37): CodeIgniter\CodeIgniter->run()
#5 C:\src\Project-Website-UpworkTeam\GigihShop\system\Commands\Server\rewrite.php(43): require_once('C:\\src\\Project-...')
#6 {main}
CRITICAL - 2022-01-01 18:03:09 --> syntax error, unexpected 'var_dump' (T_STRING)
#0 C:\src\Project-Website-UpworkTeam\GigihShop\system\Router\Router.php(160): CodeIgniter\Router\Router->autoRoute('keranjang')
#1 C:\src\Project-Website-UpworkTeam\GigihShop\system\CodeIgniter.php(702): CodeIgniter\Router\Router->handle('keranjang')
#2 C:\src\Project-Website-UpworkTeam\GigihShop\system\CodeIgniter.php(358): CodeIgniter\CodeIgniter->tryToRouteIt(Object(CodeIgniter\Router\RouteCollection))
#3 C:\src\Project-Website-UpworkTeam\GigihShop\system\CodeIgniter.php(317): CodeIgniter\CodeIgniter->handleRequest(NULL, Object(Config\Cache), false)
#4 C:\src\Project-Website-UpworkTeam\GigihShop\public\index.php(37): CodeIgniter\CodeIgniter->run()
#5 C:\src\Project-Website-UpworkTeam\GigihShop\system\Commands\Server\rewrite.php(43): require_once('C:\\src\\Project-...')
#6 {main}
CRITICAL - 2022-01-01 18:40:14 --> There is no data to insert.
#0 C:\src\Project-Website-UpworkTeam\GigihShop\system\BaseModel.php(718): CodeIgniter\Database\Exceptions\DataException::forEmptyDataset('insert')
#1 C:\src\Project-Website-UpworkTeam\GigihShop\system\Model.php(620): CodeIgniter\BaseModel->insert(Array, false)
#2 C:\src\Project-Website-UpworkTeam\GigihShop\system\BaseModel.php(658): CodeIgniter\Model->insert(Array, false)
#3 C:\src\Project-Website-UpworkTeam\GigihShop\app\Controllers\Keranjang.php(102): CodeIgniter\BaseModel->save(Array)
#4 C:\src\Project-Website-UpworkTeam\GigihShop\system\CodeIgniter.php(802): App\Controllers\Keranjang->update('3')
#5 C:\src\Project-Website-UpworkTeam\GigihShop\system\CodeIgniter.php(399): CodeIgniter\CodeIgniter->runController(Object(App\Controllers\Keranjang))
#6 C:\src\Project-Website-UpworkTeam\GigihShop\system\CodeIgniter.php(317): CodeIgniter\CodeIgniter->handleRequest(NULL, Object(Config\Cache), false)
#7 C:\src\Project-Website-UpworkTeam\GigihShop\public\index.php(37): CodeIgniter\CodeIgniter->run()
#8 C:\src\Project-Website-UpworkTeam\GigihShop\system\Commands\Server\rewrite.php(43): require_once('C:\\src\\Project-...')
#9 {main}
CRITICAL - 2022-01-01 18:42:13 --> There is no data to insert.
#0 C:\src\Project-Website-UpworkTeam\GigihShop\system\BaseModel.php(718): CodeIgniter\Database\Exceptions\DataException::forEmptyDataset('insert')
#1 C:\src\Project-Website-UpworkTeam\GigihShop\system\Model.php(620): CodeIgniter\BaseModel->insert(Array, false)
#2 C:\src\Project-Website-UpworkTeam\GigihShop\system\BaseModel.php(658): CodeIgniter\Model->insert(Array, false)
#3 C:\src\Project-Website-UpworkTeam\GigihShop\app\Controllers\Keranjang.php(102): CodeIgniter\BaseModel->save(Array)
#4 C:\src\Project-Website-UpworkTeam\GigihShop\system\CodeIgniter.php(802): App\Controllers\Keranjang->update('3')
#5 C:\src\Project-Website-UpworkTeam\GigihShop\system\CodeIgniter.php(399): CodeIgniter\CodeIgniter->runController(Object(App\Controllers\Keranjang))
#6 C:\src\Project-Website-UpworkTeam\GigihShop\system\CodeIgniter.php(317): CodeIgniter\CodeIgniter->handleRequest(NULL, Object(Config\Cache), false)
#7 C:\src\Project-Website-UpworkTeam\GigihShop\public\index.php(37): CodeIgniter\CodeIgniter->run()
#8 C:\src\Project-Website-UpworkTeam\GigihShop\system\Commands\Server\rewrite.php(43): require_once('C:\\src\\Project-...')
#9 {main}
ERROR - 2022-01-01 18:44:05 --> Cannot add or update a child row: a foreign key constraint fails (`gigih_shop`.`keranjang`, CONSTRAINT `keranjang_ibfk_1` FOREIGN KEY (`users_id`) REFERENCES `users` (`id`))
ERROR - 2022-01-01 18:56:03 --> Cannot add or update a child row: a foreign key constraint fails (`gigih_shop`.`keranjang`, CONSTRAINT `keranjang_ibfk_1` FOREIGN KEY (`users_id`) REFERENCES `users` (`id`))
CRITICAL - 2022-01-01 22:05:11 --> Call to undefined function rupiah()
#0 C:\src\Project-Website-UpworkTeam\GigihShop\system\View\View.php(214): include()
#1 C:\src\Project-Website-UpworkTeam\GigihShop\system\View\View.php(217): CodeIgniter\View\View->CodeIgniter\View\{closure}()
#2 C:\src\Project-Website-UpworkTeam\GigihShop\system\Common.php(1092): CodeIgniter\View\View->render('/barang2/index', Array, true)
#3 C:\src\Project-Website-UpworkTeam\GigihShop\app\Controllers\Barang2.php(33): view('/barang2/index', Array)
#4 C:\src\Project-Website-UpworkTeam\GigihShop\system\CodeIgniter.php(802): App\Controllers\Barang2->index()
#5 C:\src\Project-Website-UpworkTeam\GigihShop\system\CodeIgniter.php(399): CodeIgniter\CodeIgniter->runController(Object(App\Controllers\Barang2))
#6 C:\src\Project-Website-UpworkTeam\GigihShop\system\CodeIgniter.php(317): CodeIgniter\CodeIgniter->handleRequest(NULL, Object(Config\Cache), false)
#7 C:\src\Project-Website-UpworkTeam\GigihShop\public\index.php(37): CodeIgniter\CodeIgniter->run()
#8 C:\src\Project-Website-UpworkTeam\GigihShop\system\Commands\Server\rewrite.php(43): require_once('C:\\src\\Project-...')
#9 {main}
CRITICAL - 2022-01-01 22:05:41 --> Call to undefined function rupiah()
#0 C:\src\Project-Website-UpworkTeam\GigihShop\system\View\View.php(214): include()
#1 C:\src\Project-Website-UpworkTeam\GigihShop\system\View\View.php(217): CodeIgniter\View\View->CodeIgniter\View\{closure}()
#2 C:\src\Project-Website-UpworkTeam\GigihShop\system\Common.php(1092): CodeIgniter\View\View->render('/barang2/index', Array, true)
#3 C:\src\Project-Website-UpworkTeam\GigihShop\app\Controllers\Barang2.php(33): view('/barang2/index', Array)
#4 C:\src\Project-Website-UpworkTeam\GigihShop\system\CodeIgniter.php(802): App\Controllers\Barang2->index()
#5 C:\src\Project-Website-UpworkTeam\GigihShop\system\CodeIgniter.php(399): CodeIgniter\CodeIgniter->runController(Object(App\Controllers\Barang2))
#6 C:\src\Project-Website-UpworkTeam\GigihShop\system\CodeIgniter.php(317): CodeIgniter\CodeIgniter->handleRequest(NULL, Object(Config\Cache), false)
#7 C:\src\Project-Website-UpworkTeam\GigihShop\public\index.php(37): CodeIgniter\CodeIgniter->run()
#8 C:\src\Project-Website-UpworkTeam\GigihShop\system\Commands\Server\rewrite.php(43): require_once('C:\\src\\Project-...')
#9 {main}
CRITICAL - 2022-01-01 22:05:54 --> Call to undefined function rupiah()
#0 C:\src\Project-Website-UpworkTeam\GigihShop\system\View\View.php(214): include()
#1 C:\src\Project-Website-UpworkTeam\GigihShop\system\View\View.php(217): CodeIgniter\View\View->CodeIgniter\View\{closure}()
#2 C:\src\Project-Website-UpworkTeam\GigihShop\system\Common.php(1092): CodeIgniter\View\View->render('/keranjang/deta...', Array, true)
#3 C:\src\Project-Website-UpworkTeam\GigihShop\app\Controllers\Keranjang.php(93): view('/keranjang/deta...', Array)
#4 C:\src\Project-Website-UpworkTeam\GigihShop\system\CodeIgniter.php(802): App\Controllers\Keranjang->detail('3')
#5 C:\src\Project-Website-UpworkTeam\GigihShop\system\CodeIgniter.php(399): CodeIgniter\CodeIgniter->runController(Object(App\Controllers\Keranjang))
#6 C:\src\Project-Website-UpworkTeam\GigihShop\system\CodeIgniter.php(317): CodeIgniter\CodeIgniter->handleRequest(NULL, Object(Config\Cache), false)
#7 C:\src\Project-Website-UpworkTeam\GigihShop\public\index.php(37): CodeIgniter\CodeIgniter->run()
#8 C:\src\Project-Website-UpworkTeam\GigihShop\system\Commands\Server\rewrite.php(43): require_once('C:\\src\\Project-...')
#9 {main}
CRITICAL - 2022-01-01 23:12:06 --> A non-numeric value encountered
#0 C:\src\Project-Website-UpworkTeam\GigihShop\app\Views\barang2\index.php(81): CodeIgniter\Debug\Exceptions->errorHandler(2, 'A non-numeric v...', 'C:\\src\\Project-...', 81, Array)
#1 C:\src\Project-Website-UpworkTeam\GigihShop\system\View\View.php(214): include('C:\\src\\Project-...')
#2 C:\src\Project-Website-UpworkTeam\GigihShop\system\View\View.php(217): CodeIgniter\View\View->CodeIgniter\View\{closure}()
#3 C:\src\Project-Website-UpworkTeam\GigihShop\system\Common.php(1092): CodeIgniter\View\View->render('/barang2/index', Array, true)
#4 C:\src\Project-Website-UpworkTeam\GigihShop\app\Controllers\Barang2.php(33): view('/barang2/index', Array)
#5 C:\src\Project-Website-UpworkTeam\GigihShop\system\CodeIgniter.php(802): App\Controllers\Barang2->index()
#6 C:\src\Project-Website-UpworkTeam\GigihShop\system\CodeIgniter.php(399): CodeIgniter\CodeIgniter->runController(Object(App\Controllers\Barang2))
#7 C:\src\Project-Website-UpworkTeam\GigihShop\system\CodeIgniter.php(317): CodeIgniter\CodeIgniter->handleRequest(NULL, Object(Config\Cache), false)
#8 C:\src\Project-Website-UpworkTeam\GigihShop\public\index.php(37): CodeIgniter\CodeIgniter->run()
#9 C:\src\Project-Website-UpworkTeam\GigihShop\system\Commands\Server\rewrite.php(43): require_once('C:\\src\\Project-...')
#10 {main}
CRITICAL - 2022-01-01 23:13:01 --> A non-numeric value encountered
#0 C:\src\Project-Website-UpworkTeam\GigihShop\app\Views\barang2\index.php(20): CodeIgniter\Debug\Exceptions->errorHandler(2, 'A non-numeric v...', 'C:\\src\\Project-...', 20, Array)
#1 C:\src\Project-Website-UpworkTeam\GigihShop\app\Views\barang2\index.php(89): textWrap('Batu hiasan tam...')
#2 C:\src\Project-Website-UpworkTeam\GigihShop\system\View\View.php(214): include('C:\\src\\Project-...')
#3 C:\src\Project-Website-UpworkTeam\GigihShop\system\View\View.php(217): CodeIgniter\View\View->CodeIgniter\View\{closure}()
#4 C:\src\Project-Website-UpworkTeam\GigihShop\system\Common.php(1092): CodeIgniter\View\View->render('/barang2/index', Array, true)
#5 C:\src\Project-Website-UpworkTeam\GigihShop\app\Controllers\Barang2.php(33): view('/barang2/index', Array)
#6 C:\src\Project-Website-UpworkTeam\GigihShop\system\CodeIgniter.php(802): App\Controllers\Barang2->index()
#7 C:\src\Project-Website-UpworkTeam\GigihShop\system\CodeIgniter.php(399): CodeIgniter\CodeIgniter->runController(Object(App\Controllers\Barang2))
#8 C:\src\Project-Website-UpworkTeam\GigihShop\system\CodeIgniter.php(317): CodeIgniter\CodeIgniter->handleRequest(NULL, Object(Config\Cache), false)
#9 C:\src\Project-Website-UpworkTeam\GigihShop\public\index.php(37): CodeIgniter\CodeIgniter->run()
#10 C:\src\Project-Website-UpworkTeam\GigihShop\system\Commands\Server\rewrite.php(43): require_once('C:\\src\\Project-...')
#11 {main}
