CRITICAL - 2021-12-16 12:13:38 --> Invalid file: app\Views\pages\home.php
#0 C:\src\Project-Website-UpworkTeam\GigihShop\system\View\View.php(198): CodeIgniter\Exceptions\FrameworkException::forInvalidFile('app\\Views\\pages...')
#1 C:\src\Project-Website-UpworkTeam\GigihShop\system\Common.php(1092): CodeIgniter\View\View->render('app\\Views\\pages...', Array, true)
#2 C:\src\Project-Website-UpworkTeam\GigihShop\vendor\myth\auth\src\Controllers\AuthController.php(429): view('app\\Views\\pages...', Array)
#3 C:\src\Project-Website-UpworkTeam\GigihShop\vendor\myth\auth\src\Controllers\AuthController.php(57): Myth\Auth\Controllers\AuthController->_render('app\\Views\\pages...', Array)
#4 C:\src\Project-Website-UpworkTeam\GigihShop\system\CodeIgniter.php(802): Myth\Auth\Controllers\AuthController->login()
#5 C:\src\Project-Website-UpworkTeam\GigihShop\system\CodeIgniter.php(399): CodeIgniter\CodeIgniter->runController(Object(Myth\Auth\Controllers\AuthController))
#6 C:\src\Project-Website-UpworkTeam\GigihShop\system\CodeIgniter.php(317): CodeIgniter\CodeIgniter->handleRequest(NULL, Object(Config\Cache), false)
#7 C:\src\Project-Website-UpworkTeam\GigihShop\public\index.php(37): CodeIgniter\CodeIgniter->run()
#8 C:\src\Project-Website-UpworkTeam\GigihShop\system\Commands\Server\rewrite.php(43): require_once('C:\\src\\Project-...')
#9 {main}
CRITICAL - 2021-12-16 12:14:01 --> Invalid file: Views\pages\home.php
#0 C:\src\Project-Website-UpworkTeam\GigihShop\system\View\View.php(198): CodeIgniter\Exceptions\FrameworkException::forInvalidFile('Views\\pages\\hom...')
#1 C:\src\Project-Website-UpworkTeam\GigihShop\system\Common.php(1092): CodeIgniter\View\View->render('Views\\pages\\hom...', Array, true)
#2 C:\src\Project-Website-UpworkTeam\GigihShop\vendor\myth\auth\src\Controllers\AuthController.php(429): view('Views\\pages\\hom...', Array)
#3 C:\src\Project-Website-UpworkTeam\GigihShop\vendor\myth\auth\src\Controllers\AuthController.php(57): Myth\Auth\Controllers\AuthController->_render('Views\\pages\\hom...', Array)
#4 C:\src\Project-Website-UpworkTeam\GigihShop\system\CodeIgniter.php(802): Myth\Auth\Controllers\AuthController->login()
#5 C:\src\Project-Website-UpworkTeam\GigihShop\system\CodeIgniter.php(399): CodeIgniter\CodeIgniter->runController(Object(Myth\Auth\Controllers\AuthController))
#6 C:\src\Project-Website-UpworkTeam\GigihShop\system\CodeIgniter.php(317): CodeIgniter\CodeIgniter->handleRequest(NULL, Object(Config\Cache), false)
#7 C:\src\Project-Website-UpworkTeam\GigihShop\public\index.php(37): CodeIgniter\CodeIgniter->run()
#8 C:\src\Project-Website-UpworkTeam\GigihShop\system\Commands\Server\rewrite.php(43): require_once('C:\\src\\Project-...')
#9 {main}
CRITICAL - 2021-12-16 12:16:14 --> Call to undefined function logged_in()
#0 C:\src\Project-Website-UpworkTeam\GigihShop\system\View\View.php(214): include()
#1 C:\src\Project-Website-UpworkTeam\GigihShop\system\View\View.php(217): CodeIgniter\View\View->CodeIgniter\View\{closure}()
#2 C:\src\Project-Website-UpworkTeam\GigihShop\system\View\View.php(432): CodeIgniter\View\View->render('layout/navbar', NULL, true)
#3 C:\src\Project-Website-UpworkTeam\GigihShop\vendor\myth\auth\src\Views\layout.php(17): CodeIgniter\View\View->include('layout/navbar')
#4 C:\src\Project-Website-UpworkTeam\GigihShop\system\View\View.php(214): include('C:\\src\\Project-...')
#5 C:\src\Project-Website-UpworkTeam\GigihShop\system\View\View.php(217): CodeIgniter\View\View->CodeIgniter\View\{closure}()
#6 C:\src\Project-Website-UpworkTeam\GigihShop\system\View\View.php(230): CodeIgniter\View\View->render('Myth\\Auth\\Views...', Array, true)
#7 C:\src\Project-Website-UpworkTeam\GigihShop\system\Common.php(1092): CodeIgniter\View\View->render('Myth\\Auth\\Views...', Array, true)
#8 C:\src\Project-Website-UpworkTeam\GigihShop\vendor\myth\auth\src\Controllers\AuthController.php(429): view('Myth\\Auth\\Views...', Array)
#9 C:\src\Project-Website-UpworkTeam\GigihShop\vendor\myth\auth\src\Controllers\AuthController.php(57): Myth\Auth\Controllers\AuthController->_render('Myth\\Auth\\Views...', Array)
#10 C:\src\Project-Website-UpworkTeam\GigihShop\system\CodeIgniter.php(802): Myth\Auth\Controllers\AuthController->login()
#11 C:\src\Project-Website-UpworkTeam\GigihShop\system\CodeIgniter.php(399): CodeIgniter\CodeIgniter->runController(Object(Myth\Auth\Controllers\AuthController))
#12 C:\src\Project-Website-UpworkTeam\GigihShop\system\CodeIgniter.php(317): CodeIgniter\CodeIgniter->handleRequest(NULL, Object(Config\Cache), false)
#13 C:\src\Project-Website-UpworkTeam\GigihShop\public\index.php(37): CodeIgniter\CodeIgniter->run()
#14 C:\src\Project-Website-UpworkTeam\GigihShop\system\Commands\Server\rewrite.php(43): require_once('C:\\src\\Project-...')
#15 {main}
CRITICAL - 2021-12-16 12:16:27 --> Call to undefined function logged_in()
#0 C:\src\Project-Website-UpworkTeam\GigihShop\system\View\View.php(214): include()
#1 C:\src\Project-Website-UpworkTeam\GigihShop\system\View\View.php(217): CodeIgniter\View\View->CodeIgniter\View\{closure}()
#2 C:\src\Project-Website-UpworkTeam\GigihShop\system\View\View.php(432): CodeIgniter\View\View->render('layout/navbar', NULL, true)
#3 C:\src\Project-Website-UpworkTeam\GigihShop\vendor\myth\auth\src\Views\layout.php(17): CodeIgniter\View\View->include('layout/navbar')
#4 C:\src\Project-Website-UpworkTeam\GigihShop\system\View\View.php(214): include('C:\\src\\Project-...')
#5 C:\src\Project-Website-UpworkTeam\GigihShop\system\View\View.php(217): CodeIgniter\View\View->CodeIgniter\View\{closure}()
#6 C:\src\Project-Website-UpworkTeam\GigihShop\system\View\View.php(230): CodeIgniter\View\View->render('Myth\\Auth\\Views...', Array, true)
#7 C:\src\Project-Website-UpworkTeam\GigihShop\system\Common.php(1092): CodeIgniter\View\View->render('Myth\\Auth\\Views...', Array, true)
#8 C:\src\Project-Website-UpworkTeam\GigihShop\vendor\myth\auth\src\Controllers\AuthController.php(429): view('Myth\\Auth\\Views...', Array)
#9 C:\src\Project-Website-UpworkTeam\GigihShop\vendor\myth\auth\src\Controllers\AuthController.php(57): Myth\Auth\Controllers\AuthController->_render('Myth\\Auth\\Views...', Array)
#10 C:\src\Project-Website-UpworkTeam\GigihShop\system\CodeIgniter.php(802): Myth\Auth\Controllers\AuthController->login()
#11 C:\src\Project-Website-UpworkTeam\GigihShop\system\CodeIgniter.php(399): CodeIgniter\CodeIgniter->runController(Object(Myth\Auth\Controllers\AuthController))
#12 C:\src\Project-Website-UpworkTeam\GigihShop\system\CodeIgniter.php(317): CodeIgniter\CodeIgniter->handleRequest(NULL, Object(Config\Cache), false)
#13 C:\src\Project-Website-UpworkTeam\GigihShop\public\index.php(37): CodeIgniter\CodeIgniter->run()
#14 C:\src\Project-Website-UpworkTeam\GigihShop\system\Commands\Server\rewrite.php(43): require_once('C:\\src\\Project-...')
#15 {main}
CRITICAL - 2021-12-16 12:17:02 --> Call to undefined function logged_in()
#0 C:\src\Project-Website-UpworkTeam\GigihShop\system\View\View.php(214): include()
#1 C:\src\Project-Website-UpworkTeam\GigihShop\system\View\View.php(217): CodeIgniter\View\View->CodeIgniter\View\{closure}()
#2 C:\src\Project-Website-UpworkTeam\GigihShop\system\View\View.php(432): CodeIgniter\View\View->render('layout/navbar', NULL, true)
#3 C:\src\Project-Website-UpworkTeam\GigihShop\vendor\myth\auth\src\Views\layout.php(17): CodeIgniter\View\View->include('layout/navbar')
#4 C:\src\Project-Website-UpworkTeam\GigihShop\system\View\View.php(214): include('C:\\src\\Project-...')
#5 C:\src\Project-Website-UpworkTeam\GigihShop\system\View\View.php(217): CodeIgniter\View\View->CodeIgniter\View\{closure}()
#6 C:\src\Project-Website-UpworkTeam\GigihShop\system\View\View.php(230): CodeIgniter\View\View->render('Myth\\Auth\\Views...', Array, true)
#7 C:\src\Project-Website-UpworkTeam\GigihShop\system\Common.php(1092): CodeIgniter\View\View->render('Myth\\Auth\\Views...', Array, true)
#8 C:\src\Project-Website-UpworkTeam\GigihShop\vendor\myth\auth\src\Controllers\AuthController.php(429): view('Myth\\Auth\\Views...', Array)
#9 C:\src\Project-Website-UpworkTeam\GigihShop\vendor\myth\auth\src\Controllers\AuthController.php(57): Myth\Auth\Controllers\AuthController->_render('Myth\\Auth\\Views...', Array)
#10 C:\src\Project-Website-UpworkTeam\GigihShop\system\CodeIgniter.php(802): Myth\Auth\Controllers\AuthController->login()
#11 C:\src\Project-Website-UpworkTeam\GigihShop\system\CodeIgniter.php(399): CodeIgniter\CodeIgniter->runController(Object(Myth\Auth\Controllers\AuthController))
#12 C:\src\Project-Website-UpworkTeam\GigihShop\system\CodeIgniter.php(317): CodeIgniter\CodeIgniter->handleRequest(NULL, Object(Config\Cache), false)
#13 C:\src\Project-Website-UpworkTeam\GigihShop\public\index.php(37): CodeIgniter\CodeIgniter->run()
#14 C:\src\Project-Website-UpworkTeam\GigihShop\system\Commands\Server\rewrite.php(43): require_once('C:\\src\\Project-...')
#15 {main}
CRITICAL - 2021-12-16 12:17:06 --> Call to undefined function logged_in()
#0 C:\src\Project-Website-UpworkTeam\GigihShop\system\View\View.php(214): include()
#1 C:\src\Project-Website-UpworkTeam\GigihShop\system\View\View.php(217): CodeIgniter\View\View->CodeIgniter\View\{closure}()
#2 C:\src\Project-Website-UpworkTeam\GigihShop\system\View\View.php(432): CodeIgniter\View\View->render('layout/navbar', NULL, true)
#3 C:\src\Project-Website-UpworkTeam\GigihShop\vendor\myth\auth\src\Views\layout.php(17): CodeIgniter\View\View->include('layout/navbar')
#4 C:\src\Project-Website-UpworkTeam\GigihShop\system\View\View.php(214): include('C:\\src\\Project-...')
#5 C:\src\Project-Website-UpworkTeam\GigihShop\system\View\View.php(217): CodeIgniter\View\View->CodeIgniter\View\{closure}()
#6 C:\src\Project-Website-UpworkTeam\GigihShop\system\View\View.php(230): CodeIgniter\View\View->render('Myth\\Auth\\Views...', Array, true)
#7 C:\src\Project-Website-UpworkTeam\GigihShop\system\Common.php(1092): CodeIgniter\View\View->render('Myth\\Auth\\Views...', Array, true)
#8 C:\src\Project-Website-UpworkTeam\GigihShop\vendor\myth\auth\src\Controllers\AuthController.php(429): view('Myth\\Auth\\Views...', Array)
#9 C:\src\Project-Website-UpworkTeam\GigihShop\vendor\myth\auth\src\Controllers\AuthController.php(57): Myth\Auth\Controllers\AuthController->_render('Myth\\Auth\\Views...', Array)
#10 C:\src\Project-Website-UpworkTeam\GigihShop\system\CodeIgniter.php(802): Myth\Auth\Controllers\AuthController->login()
#11 C:\src\Project-Website-UpworkTeam\GigihShop\system\CodeIgniter.php(399): CodeIgniter\CodeIgniter->runController(Object(Myth\Auth\Controllers\AuthController))
#12 C:\src\Project-Website-UpworkTeam\GigihShop\system\CodeIgniter.php(317): CodeIgniter\CodeIgniter->handleRequest(NULL, Object(Config\Cache), false)
#13 C:\src\Project-Website-UpworkTeam\GigihShop\public\index.php(37): CodeIgniter\CodeIgniter->run()
#14 C:\src\Project-Website-UpworkTeam\GigihShop\system\Commands\Server\rewrite.php(43): require_once('C:\\src\\Project-...')
#15 {main}
CRITICAL - 2021-12-16 12:17:08 --> Call to undefined function logged_in()
#0 C:\src\Project-Website-UpworkTeam\GigihShop\system\View\View.php(214): include()
#1 C:\src\Project-Website-UpworkTeam\GigihShop\system\View\View.php(217): CodeIgniter\View\View->CodeIgniter\View\{closure}()
#2 C:\src\Project-Website-UpworkTeam\GigihShop\system\View\View.php(432): CodeIgniter\View\View->render('layout/navbar', NULL, true)
#3 C:\src\Project-Website-UpworkTeam\GigihShop\vendor\myth\auth\src\Views\layout.php(17): CodeIgniter\View\View->include('layout/navbar')
#4 C:\src\Project-Website-UpworkTeam\GigihShop\system\View\View.php(214): include('C:\\src\\Project-...')
#5 C:\src\Project-Website-UpworkTeam\GigihShop\system\View\View.php(217): CodeIgniter\View\View->CodeIgniter\View\{closure}()
#6 C:\src\Project-Website-UpworkTeam\GigihShop\system\View\View.php(230): CodeIgniter\View\View->render('Myth\\Auth\\Views...', Array, true)
#7 C:\src\Project-Website-UpworkTeam\GigihShop\system\Common.php(1092): CodeIgniter\View\View->render('Myth\\Auth\\Views...', Array, true)
#8 C:\src\Project-Website-UpworkTeam\GigihShop\vendor\myth\auth\src\Controllers\AuthController.php(429): view('Myth\\Auth\\Views...', Array)
#9 C:\src\Project-Website-UpworkTeam\GigihShop\vendor\myth\auth\src\Controllers\AuthController.php(57): Myth\Auth\Controllers\AuthController->_render('Myth\\Auth\\Views...', Array)
#10 C:\src\Project-Website-UpworkTeam\GigihShop\system\CodeIgniter.php(802): Myth\Auth\Controllers\AuthController->login()
#11 C:\src\Project-Website-UpworkTeam\GigihShop\system\CodeIgniter.php(399): CodeIgniter\CodeIgniter->runController(Object(Myth\Auth\Controllers\AuthController))
#12 C:\src\Project-Website-UpworkTeam\GigihShop\system\CodeIgniter.php(317): CodeIgniter\CodeIgniter->handleRequest(NULL, Object(Config\Cache), false)
#13 C:\src\Project-Website-UpworkTeam\GigihShop\public\index.php(37): CodeIgniter\CodeIgniter->run()
#14 C:\src\Project-Website-UpworkTeam\GigihShop\system\Commands\Server\rewrite.php(43): require_once('C:\\src\\Project-...')
#15 {main}
CRITICAL - 2021-12-16 12:17:29 --> Call to undefined function logged_in()
#0 C:\src\Project-Website-UpworkTeam\GigihShop\system\View\View.php(214): include()
#1 C:\src\Project-Website-UpworkTeam\GigihShop\system\View\View.php(217): CodeIgniter\View\View->CodeIgniter\View\{closure}()
#2 C:\src\Project-Website-UpworkTeam\GigihShop\system\View\View.php(432): CodeIgniter\View\View->render('layout/navbar', NULL, true)
#3 C:\src\Project-Website-UpworkTeam\GigihShop\vendor\myth\auth\src\Views\layout.php(17): CodeIgniter\View\View->include('layout/navbar')
#4 C:\src\Project-Website-UpworkTeam\GigihShop\system\View\View.php(214): include('C:\\src\\Project-...')
#5 C:\src\Project-Website-UpworkTeam\GigihShop\system\View\View.php(217): CodeIgniter\View\View->CodeIgniter\View\{closure}()
#6 C:\src\Project-Website-UpworkTeam\GigihShop\system\View\View.php(230): CodeIgniter\View\View->render('Myth\\Auth\\Views...', Array, true)
#7 C:\src\Project-Website-UpworkTeam\GigihShop\system\Common.php(1092): CodeIgniter\View\View->render('Myth\\Auth\\Views...', Array, true)
#8 C:\src\Project-Website-UpworkTeam\GigihShop\vendor\myth\auth\src\Controllers\AuthController.php(429): view('Myth\\Auth\\Views...', Array)
#9 C:\src\Project-Website-UpworkTeam\GigihShop\vendor\myth\auth\src\Controllers\AuthController.php(57): Myth\Auth\Controllers\AuthController->_render('Myth\\Auth\\Views...', Array)
#10 C:\src\Project-Website-UpworkTeam\GigihShop\system\CodeIgniter.php(802): Myth\Auth\Controllers\AuthController->login()
#11 C:\src\Project-Website-UpworkTeam\GigihShop\system\CodeIgniter.php(399): CodeIgniter\CodeIgniter->runController(Object(Myth\Auth\Controllers\AuthController))
#12 C:\src\Project-Website-UpworkTeam\GigihShop\system\CodeIgniter.php(317): CodeIgniter\CodeIgniter->handleRequest(NULL, Object(Config\Cache), false)
#13 C:\src\Project-Website-UpworkTeam\GigihShop\public\index.php(37): CodeIgniter\CodeIgniter->run()
#14 C:\src\Project-Website-UpworkTeam\GigihShop\system\Commands\Server\rewrite.php(43): require_once('C:\\src\\Project-...')
#15 {main}
