ERROR - 2022-04-12 10:09:52 --> Unknown column 'kategori_id' in 'where clause'
ERROR - 2022-04-12 10:09:52 --> Unknown column 'kategori_id' in 'where clause'
CRITICAL - 2022-04-12 10:09:52 --> Call to a member function getResult() on bool
#0 D:\Application\xampp\htdocs\GigihShop\system\BaseModel.php(584): CodeIgniter\Model->doFindAll(6, 0)
#1 D:\Application\xampp\htdocs\GigihShop\system\BaseModel.php(1084): CodeIgniter\BaseModel->findAll(6, 0)
#2 D:\Application\xampp\htdocs\GigihShop\app\Controllers\Barang.php(26): CodeIgniter\BaseModel->paginate(6, 'barang')
#3 D:\Application\xampp\htdocs\GigihShop\system\CodeIgniter.php(802): App\Controllers\Barang->index()
#4 D:\Application\xampp\htdocs\GigihShop\system\CodeIgniter.php(399): CodeIgniter\CodeIgniter->runController(Object(App\Controllers\Barang))
#5 D:\Application\xampp\htdocs\GigihShop\system\CodeIgniter.php(317): CodeIgniter\CodeIgniter->handleRequest(NULL, Object(Config\Cache), false)
#6 D:\Application\xampp\htdocs\GigihShop\public\index.php(37): CodeIgniter\CodeIgniter->run()
#7 D:\Application\xampp\htdocs\GigihShop\system\Commands\Server\rewrite.php(43): require_once('D:\\Application\\...')
#8 {main}
ERROR - 2022-04-12 10:09:56 --> Unknown column 'kategori_id' in 'where clause'
ERROR - 2022-04-12 10:09:56 --> Unknown column 'kategori_id' in 'where clause'
CRITICAL - 2022-04-12 10:09:56 --> Call to a member function getResult() on bool
#0 D:\Application\xampp\htdocs\GigihShop\system\BaseModel.php(584): CodeIgniter\Model->doFindAll(6, 0)
#1 D:\Application\xampp\htdocs\GigihShop\system\BaseModel.php(1084): CodeIgniter\BaseModel->findAll(6, 0)
#2 D:\Application\xampp\htdocs\GigihShop\app\Controllers\Barang.php(26): CodeIgniter\BaseModel->paginate(6, 'barang')
#3 D:\Application\xampp\htdocs\GigihShop\system\CodeIgniter.php(802): App\Controllers\Barang->index()
#4 D:\Application\xampp\htdocs\GigihShop\system\CodeIgniter.php(399): CodeIgniter\CodeIgniter->runController(Object(App\Controllers\Barang))
#5 D:\Application\xampp\htdocs\GigihShop\system\CodeIgniter.php(317): CodeIgniter\CodeIgniter->handleRequest(NULL, Object(Config\Cache), false)
#6 D:\Application\xampp\htdocs\GigihShop\public\index.php(37): CodeIgniter\CodeIgniter->run()
#7 D:\Application\xampp\htdocs\GigihShop\system\Commands\Server\rewrite.php(43): require_once('D:\\Application\\...')
#8 {main}
CRITICAL - 2022-04-12 10:16:51 --> Invalid argument supplied for foreach()
#0 D:\Application\xampp\htdocs\GigihShop\app\Views\barang\index.php(55): CodeIgniter\Debug\Exceptions->errorHandler(2, 'Invalid argumen...', 'D:\\Application\\...', 55, Array)
#1 D:\Application\xampp\htdocs\GigihShop\system\View\View.php(214): include('D:\\Application\\...')
#2 D:\Application\xampp\htdocs\GigihShop\system\View\View.php(217): CodeIgniter\View\View->CodeIgniter\View\{closure}()
#3 D:\Application\xampp\htdocs\GigihShop\system\Common.php(1092): CodeIgniter\View\View->render('/barang/index', Array, true)
#4 D:\Application\xampp\htdocs\GigihShop\app\Controllers\Barang.php(38): view('/barang/index', Array)
#5 D:\Application\xampp\htdocs\GigihShop\system\CodeIgniter.php(802): App\Controllers\Barang->index()
#6 D:\Application\xampp\htdocs\GigihShop\system\CodeIgniter.php(399): CodeIgniter\CodeIgniter->runController(Object(App\Controllers\Barang))
#7 D:\Application\xampp\htdocs\GigihShop\system\CodeIgniter.php(317): CodeIgniter\CodeIgniter->handleRequest(NULL, Object(Config\Cache), false)
#8 D:\Application\xampp\htdocs\GigihShop\public\index.php(37): CodeIgniter\CodeIgniter->run()
#9 D:\Application\xampp\htdocs\GigihShop\system\Commands\Server\rewrite.php(43): require_once('D:\\Application\\...')
#10 {main}
CRITICAL - 2022-04-12 10:26:43 --> Call to a member function paginate() on array
#0 D:\Application\xampp\htdocs\GigihShop\system\CodeIgniter.php(802): App\Controllers\Barang->index()
#1 D:\Application\xampp\htdocs\GigihShop\system\CodeIgniter.php(399): CodeIgniter\CodeIgniter->runController(Object(App\Controllers\Barang))
#2 D:\Application\xampp\htdocs\GigihShop\system\CodeIgniter.php(317): CodeIgniter\CodeIgniter->handleRequest(NULL, Object(Config\Cache), false)
#3 D:\Application\xampp\htdocs\GigihShop\public\index.php(37): CodeIgniter\CodeIgniter->run()
#4 D:\Application\xampp\htdocs\GigihShop\system\Commands\Server\rewrite.php(43): require_once('D:\\Application\\...')
#5 {main}
CRITICAL - 2022-04-12 10:27:00 --> Call to a member function paginate() on array
#0 D:\Application\xampp\htdocs\GigihShop\system\CodeIgniter.php(802): App\Controllers\Barang->index()
#1 D:\Application\xampp\htdocs\GigihShop\system\CodeIgniter.php(399): CodeIgniter\CodeIgniter->runController(Object(App\Controllers\Barang))
#2 D:\Application\xampp\htdocs\GigihShop\system\CodeIgniter.php(317): CodeIgniter\CodeIgniter->handleRequest(NULL, Object(Config\Cache), false)
#3 D:\Application\xampp\htdocs\GigihShop\public\index.php(37): CodeIgniter\CodeIgniter->run()
#4 D:\Application\xampp\htdocs\GigihShop\system\Commands\Server\rewrite.php(43): require_once('D:\\Application\\...')
#5 {main}
ERROR - 2022-04-12 10:36:36 --> Column 'nama_barang' cannot be null
ERROR - 2022-04-12 10:38:24 --> Column 'nama_barang' cannot be null
ERROR - 2022-04-12 10:38:27 --> Column 'nama_barang' cannot be null
ERROR - 2022-04-12 10:38:37 --> Column 'nama_barang' cannot be null
ERROR - 2022-04-12 11:29:21 --> Column 'nama_barang' cannot be null
ERROR - 2022-04-12 11:41:20 --> Column 'nama_barang' cannot be null
ERROR - 2022-04-12 11:41:38 --> Column 'nama_barang' cannot be null
ERROR - 2022-04-12 12:18:19 --> Unknown column 'nama_buah' in 'field list'
ERROR - 2022-04-12 12:18:22 --> Unknown column 'nama_buah' in 'field list'
ERROR - 2022-04-12 12:18:48 --> Unknown column 'nama_buah' in 'field list'
ERROR - 2022-04-12 12:28:59 --> Unknown column 'nama_buah' in 'field list'
ERROR - 2022-04-12 12:29:02 --> Unknown column 'nama_buah' in 'field list'
CRITICAL - 2022-04-12 12:47:54 --> number_format() expects parameter 1 to be float, string given
#0 [internal function]: CodeIgniter\Debug\Exceptions->errorHandler(2, 'number_format()...', 'D:\\Application\\...', 17, Array)
#1 D:\Application\xampp\htdocs\GigihShop\app\Views\keranjang\index.php(17): number_format('anda belum memi...', 2, ',', '.')
#2 D:\Application\xampp\htdocs\GigihShop\app\Views\keranjang\index.php(46): rupiah('anda belum memi...')
#3 D:\Application\xampp\htdocs\GigihShop\system\View\View.php(214): include('D:\\Application\\...')
#4 D:\Application\xampp\htdocs\GigihShop\system\View\View.php(217): CodeIgniter\View\View->CodeIgniter\View\{closure}()
#5 D:\Application\xampp\htdocs\GigihShop\system\Common.php(1092): CodeIgniter\View\View->render('keranjang/index', Array, true)
#6 D:\Application\xampp\htdocs\GigihShop\app\Controllers\Keranjang.php(32): view('keranjang/index', Array)
#7 D:\Application\xampp\htdocs\GigihShop\system\CodeIgniter.php(802): App\Controllers\Keranjang->index()
#8 D:\Application\xampp\htdocs\GigihShop\system\CodeIgniter.php(399): CodeIgniter\CodeIgniter->runController(Object(App\Controllers\Keranjang))
#9 D:\Application\xampp\htdocs\GigihShop\system\CodeIgniter.php(317): CodeIgniter\CodeIgniter->handleRequest(NULL, Object(Config\Cache), false)
#10 D:\Application\xampp\htdocs\GigihShop\public\index.php(37): CodeIgniter\CodeIgniter->run()
#11 D:\Application\xampp\htdocs\GigihShop\system\Commands\Server\rewrite.php(43): require_once('D:\\Application\\...')
#12 {main}
CRITICAL - 2022-04-12 18:21:59 --> Class name must be a valid object or a string
#0 E:\4IA20\ATA\Praktikum\Praktikum Rekayasa Perangkat Lunak 2\Ujian\FruitShop\system\Config\BaseService.php(248): Myth\Auth\Config\Services::activator(Object(Myth\Auth\Config\Auth), false)
#1 E:\4IA20\ATA\Praktikum\Praktikum Rekayasa Perangkat Lunak 2\Ujian\FruitShop\system\Config\BaseService.php(189): CodeIgniter\Config\BaseService::__callStatic('activator', Array)
#2 E:\4IA20\ATA\Praktikum\Praktikum Rekayasa Perangkat Lunak 2\Ujian\FruitShop\vendor\myth\auth\src\Config\Services.php(86): CodeIgniter\Config\BaseService::getSharedInstance('activator', NULL)
#3 E:\4IA20\ATA\Praktikum\Praktikum Rekayasa Perangkat Lunak 2\Ujian\FruitShop\system\Config\BaseService.php(248): Myth\Auth\Config\Services::activator()
#4 E:\4IA20\ATA\Praktikum\Praktikum Rekayasa Perangkat Lunak 2\Ujian\FruitShop\system\Common.php(932): CodeIgniter\Config\BaseService::__callStatic('activator', Array)
#5 E:\4IA20\ATA\Praktikum\Praktikum Rekayasa Perangkat Lunak 2\Ujian\FruitShop\vendor\myth\auth\src\Controllers\AuthController.php(195): service('activator')
#6 E:\4IA20\ATA\Praktikum\Praktikum Rekayasa Perangkat Lunak 2\Ujian\FruitShop\system\CodeIgniter.php(802): Myth\Auth\Controllers\AuthController->attemptRegister()
#7 E:\4IA20\ATA\Praktikum\Praktikum Rekayasa Perangkat Lunak 2\Ujian\FruitShop\system\CodeIgniter.php(399): CodeIgniter\CodeIgniter->runController(Object(Myth\Auth\Controllers\AuthController))
#8 E:\4IA20\ATA\Praktikum\Praktikum Rekayasa Perangkat Lunak 2\Ujian\FruitShop\system\CodeIgniter.php(317): CodeIgniter\CodeIgniter->handleRequest(NULL, Object(Config\Cache), false)
#9 E:\4IA20\ATA\Praktikum\Praktikum Rekayasa Perangkat Lunak 2\Ujian\FruitShop\public\index.php(37): CodeIgniter\CodeIgniter->run()
#10 E:\4IA20\ATA\Praktikum\Praktikum Rekayasa Perangkat Lunak 2\Ujian\FruitShop\system\Commands\Server\rewrite.php(43): require_once('E:\\4IA20\\ATA\\Pr...')
#11 {main}
