CRITICAL - 2022-01-03 02:24:21 --> Call to a member function userdata() on null
#0 C:\src\Project-Website-UpworkTeam\GigihShop\system\CodeIgniter.php(802): App\Controllers\Keranjang->detailpesanan()
#1 C:\src\Project-Website-UpworkTeam\GigihShop\system\CodeIgniter.php(399): CodeIgniter\CodeIgniter->runController(Object(App\Controllers\Keranjang))
#2 C:\src\Project-Website-UpworkTeam\GigihShop\system\CodeIgniter.php(317): CodeIgniter\CodeIgniter->handleRequest(NULL, Object(Config\Cache), false)
#3 C:\src\Project-Website-UpworkTeam\GigihShop\public\index.php(37): CodeIgniter\CodeIgniter->run()
#4 C:\src\Project-Website-UpworkTeam\GigihShop\system\Commands\Server\rewrite.php(43): require_once('C:\\src\\Project-...')
#5 {main}
CRITICAL - 2022-01-03 02:24:33 --> Call to a member function userdata() on null
#0 C:\src\Project-Website-UpworkTeam\GigihShop\system\CodeIgniter.php(802): App\Controllers\Keranjang->detailpesanan()
#1 C:\src\Project-Website-UpworkTeam\GigihShop\system\CodeIgniter.php(399): CodeIgniter\CodeIgniter->runController(Object(App\Controllers\Keranjang))
#2 C:\src\Project-Website-UpworkTeam\GigihShop\system\CodeIgniter.php(317): CodeIgniter\CodeIgniter->handleRequest(NULL, Object(Config\Cache), false)
#3 C:\src\Project-Website-UpworkTeam\GigihShop\public\index.php(37): CodeIgniter\CodeIgniter->run()
#4 C:\src\Project-Website-UpworkTeam\GigihShop\system\Commands\Server\rewrite.php(43): require_once('C:\\src\\Project-...')
#5 {main}
CRITICAL - 2022-01-03 03:21:30 --> Invalid argument supplied for foreach()
#0 C:\src\Project-Website-UpworkTeam\GigihShop\app\Views\pesanan\index.php(39): CodeIgniter\Debug\Exceptions->errorHandler(2, 'Invalid argumen...', 'C:\\src\\Project-...', 39, Array)
#1 C:\src\Project-Website-UpworkTeam\GigihShop\system\View\View.php(214): include('C:\\src\\Project-...')
#2 C:\src\Project-Website-UpworkTeam\GigihShop\system\View\View.php(217): CodeIgniter\View\View->CodeIgniter\View\{closure}()
#3 C:\src\Project-Website-UpworkTeam\GigihShop\system\Common.php(1092): CodeIgniter\View\View->render('pesanan/index', Array, true)
#4 C:\src\Project-Website-UpworkTeam\GigihShop\app\Controllers\Pesanan.php(31): view('pesanan/index', Array)
#5 C:\src\Project-Website-UpworkTeam\GigihShop\system\CodeIgniter.php(802): App\Controllers\Pesanan->index()
#6 C:\src\Project-Website-UpworkTeam\GigihShop\system\CodeIgniter.php(399): CodeIgniter\CodeIgniter->runController(Object(App\Controllers\Pesanan))
#7 C:\src\Project-Website-UpworkTeam\GigihShop\system\CodeIgniter.php(317): CodeIgniter\CodeIgniter->handleRequest(NULL, Object(Config\Cache), false)
#8 C:\src\Project-Website-UpworkTeam\GigihShop\public\index.php(37): CodeIgniter\CodeIgniter->run()
#9 C:\src\Project-Website-UpworkTeam\GigihShop\system\Commands\Server\rewrite.php(43): require_once('C:\\src\\Project-...')
#10 {main}
CRITICAL - 2022-01-03 17:48:56 --> Invalid argument supplied for foreach()
#0 C:\src\Project-Website-UpworkTeam\GigihShop\app\Views\pesanan\detail.php(117): CodeIgniter\Debug\Exceptions->errorHandler(2, 'Invalid argumen...', 'C:\\src\\Project-...', 117, Array)
#1 C:\src\Project-Website-UpworkTeam\GigihShop\system\View\View.php(214): include('C:\\src\\Project-...')
#2 C:\src\Project-Website-UpworkTeam\GigihShop\system\View\View.php(217): CodeIgniter\View\View->CodeIgniter\View\{closure}()
#3 C:\src\Project-Website-UpworkTeam\GigihShop\system\Common.php(1092): CodeIgniter\View\View->render('pesanan/detail', Array, true)
#4 C:\src\Project-Website-UpworkTeam\GigihShop\app\Controllers\Pesanan.php(117): view('pesanan/detail', Array)
#5 C:\src\Project-Website-UpworkTeam\GigihShop\system\CodeIgniter.php(802): App\Controllers\Pesanan->detail('1')
#6 C:\src\Project-Website-UpworkTeam\GigihShop\system\CodeIgniter.php(399): CodeIgniter\CodeIgniter->runController(Object(App\Controllers\Pesanan))
#7 C:\src\Project-Website-UpworkTeam\GigihShop\system\CodeIgniter.php(317): CodeIgniter\CodeIgniter->handleRequest(NULL, Object(Config\Cache), false)
#8 C:\src\Project-Website-UpworkTeam\GigihShop\public\index.php(37): CodeIgniter\CodeIgniter->run()
#9 C:\src\Project-Website-UpworkTeam\GigihShop\system\Commands\Server\rewrite.php(43): require_once('C:\\src\\Project-...')
#10 {main}
CRITICAL - 2022-01-03 17:54:02 --> count(): Parameter must be an array or an object that implements Countable
#0 C:\src\Project-Website-UpworkTeam\GigihShop\app\Views\pesanan\detail.php(161): CodeIgniter\Debug\Exceptions->errorHandler(2, 'count(): Parame...', 'C:\\src\\Project-...', 161, Array)
#1 C:\src\Project-Website-UpworkTeam\GigihShop\system\View\View.php(214): include('C:\\src\\Project-...')
#2 C:\src\Project-Website-UpworkTeam\GigihShop\system\View\View.php(217): CodeIgniter\View\View->CodeIgniter\View\{closure}()
#3 C:\src\Project-Website-UpworkTeam\GigihShop\system\Common.php(1092): CodeIgniter\View\View->render('pesanan/detail', Array, true)
#4 C:\src\Project-Website-UpworkTeam\GigihShop\app\Controllers\Pesanan.php(117): view('pesanan/detail', Array)
#5 C:\src\Project-Website-UpworkTeam\GigihShop\system\CodeIgniter.php(802): App\Controllers\Pesanan->detail('1')
#6 C:\src\Project-Website-UpworkTeam\GigihShop\system\CodeIgniter.php(399): CodeIgniter\CodeIgniter->runController(Object(App\Controllers\Pesanan))
#7 C:\src\Project-Website-UpworkTeam\GigihShop\system\CodeIgniter.php(317): CodeIgniter\CodeIgniter->handleRequest(NULL, Object(Config\Cache), false)
#8 C:\src\Project-Website-UpworkTeam\GigihShop\public\index.php(37): CodeIgniter\CodeIgniter->run()
#9 C:\src\Project-Website-UpworkTeam\GigihShop\system\Commands\Server\rewrite.php(43): require_once('C:\\src\\Project-...')
#10 {main}
ERROR - 2022-01-03 18:37:43 --> Cannot delete or update a parent row: a foreign key constraint fails (`gigih_shop`.`pesanan_detail`, CONSTRAINT `pesanan_detail_ibfk_1` FOREIGN KEY (`pesanan_id`) REFERENCES `pesanan` (`pesanan_id`))
ERROR - 2022-01-03 18:39:23 --> Cannot delete or update a parent row: a foreign key constraint fails (`gigih_shop`.`pesanan_detail`, CONSTRAINT `pesanan_detail_ibfk_1` FOREIGN KEY (`pesanan_id`) REFERENCES `pesanan` (`pesanan_id`))
ERROR - 2022-01-03 18:41:02 --> Cannot delete or update a parent row: a foreign key constraint fails (`gigih_shop`.`pesanan_detail`, CONSTRAINT `pesanan_detail_ibfk_1` FOREIGN KEY (`pesanan_id`) REFERENCES `pesanan` (`pesanan_id`))
CRITICAL - 2022-01-03 18:56:06 --> Too few arguments to function App\Controllers\Pesanan::detail(), 0 passed in C:\src\Project-Website-UpworkTeam\GigihShop\system\CodeIgniter.php on line 802 and exactly 1 expected
#0 C:\src\Project-Website-UpworkTeam\GigihShop\system\CodeIgniter.php(802): App\Controllers\Pesanan->detail()
#1 C:\src\Project-Website-UpworkTeam\GigihShop\system\CodeIgniter.php(399): CodeIgniter\CodeIgniter->runController(Object(App\Controllers\Pesanan))
#2 C:\src\Project-Website-UpworkTeam\GigihShop\system\CodeIgniter.php(317): CodeIgniter\CodeIgniter->handleRequest(NULL, Object(Config\Cache), false)
#3 C:\src\Project-Website-UpworkTeam\GigihShop\public\index.php(37): CodeIgniter\CodeIgniter->run()
#4 C:\src\Project-Website-UpworkTeam\GigihShop\system\Commands\Server\rewrite.php(43): require_once('C:\\src\\Project-...')
#5 {main}
CRITICAL - 2022-01-03 18:58:41 --> Too few arguments to function App\Controllers\Pesanan::detail(), 0 passed in C:\src\Project-Website-UpworkTeam\GigihShop\system\CodeIgniter.php on line 802 and exactly 1 expected
#0 C:\src\Project-Website-UpworkTeam\GigihShop\system\CodeIgniter.php(802): App\Controllers\Pesanan->detail()
#1 C:\src\Project-Website-UpworkTeam\GigihShop\system\CodeIgniter.php(399): CodeIgniter\CodeIgniter->runController(Object(App\Controllers\Pesanan))
#2 C:\src\Project-Website-UpworkTeam\GigihShop\system\CodeIgniter.php(317): CodeIgniter\CodeIgniter->handleRequest(NULL, Object(Config\Cache), false)
#3 C:\src\Project-Website-UpworkTeam\GigihShop\public\index.php(37): CodeIgniter\CodeIgniter->run()
#4 C:\src\Project-Website-UpworkTeam\GigihShop\system\Commands\Server\rewrite.php(43): require_once('C:\\src\\Project-...')
#5 {main}
CRITICAL - 2022-01-03 19:46:40 --> Too few arguments to function App\Controllers\Pesanan::detail(), 0 passed in C:\src\Project-Website-UpworkTeam\GigihShop\system\CodeIgniter.php on line 802 and exactly 1 expected
#0 C:\src\Project-Website-UpworkTeam\GigihShop\system\CodeIgniter.php(802): App\Controllers\Pesanan->detail()
#1 C:\src\Project-Website-UpworkTeam\GigihShop\system\CodeIgniter.php(399): CodeIgniter\CodeIgniter->runController(Object(App\Controllers\Pesanan))
#2 C:\src\Project-Website-UpworkTeam\GigihShop\system\CodeIgniter.php(317): CodeIgniter\CodeIgniter->handleRequest(NULL, Object(Config\Cache), false)
#3 C:\src\Project-Website-UpworkTeam\GigihShop\public\index.php(37): CodeIgniter\CodeIgniter->run()
#4 C:\src\Project-Website-UpworkTeam\GigihShop\system\Commands\Server\rewrite.php(43): require_once('C:\\src\\Project-...')
#5 {main}
CRITICAL - 2022-01-03 20:04:46 --> Call to undefined function logged_in()
#0 C:\src\Project-Website-UpworkTeam\GigihShop\system\View\View.php(214): include()
#1 C:\src\Project-Website-UpworkTeam\GigihShop\system\View\View.php(217): CodeIgniter\View\View->CodeIgniter\View\{closure}()
#2 C:\src\Project-Website-UpworkTeam\GigihShop\system\View\View.php(432): CodeIgniter\View\View->render('Myth\\Auth\\Views...', NULL, true)
#3 C:\src\Project-Website-UpworkTeam\GigihShop\vendor\myth\auth\src\Views\layout.php(15): CodeIgniter\View\View->include('Myth\\Auth\\Views...')
#4 C:\src\Project-Website-UpworkTeam\GigihShop\system\View\View.php(214): include('C:\\src\\Project-...')
#5 C:\src\Project-Website-UpworkTeam\GigihShop\system\View\View.php(217): CodeIgniter\View\View->CodeIgniter\View\{closure}()
#6 C:\src\Project-Website-UpworkTeam\GigihShop\system\View\View.php(230): CodeIgniter\View\View->render('Myth\\Auth\\Views...', Array, true)
#7 C:\src\Project-Website-UpworkTeam\GigihShop\system\Common.php(1092): CodeIgniter\View\View->render('Myth\\Auth\\Views...', Array, true)
#8 C:\src\Project-Website-UpworkTeam\GigihShop\vendor\myth\auth\src\Controllers\AuthController.php(429): view('Myth\\Auth\\Views...', Array)
#9 C:\src\Project-Website-UpworkTeam\GigihShop\vendor\myth\auth\src\Controllers\AuthController.php(57): Myth\Auth\Controllers\AuthController->_render('Myth\\Auth\\Views...', Array)
#10 C:\src\Project-Website-UpworkTeam\GigihShop\system\CodeIgniter.php(802): Myth\Auth\Controllers\AuthController->login()
#11 C:\src\Project-Website-UpworkTeam\GigihShop\system\CodeIgniter.php(399): CodeIgniter\CodeIgniter->runController(Object(Myth\Auth\Controllers\AuthController))
#12 C:\src\Project-Website-UpworkTeam\GigihShop\system\CodeIgniter.php(317): CodeIgniter\CodeIgniter->handleRequest(NULL, Object(Config\Cache), false)
#13 C:\src\Project-Website-UpworkTeam\GigihShop\public\index.php(37): CodeIgniter\CodeIgniter->run()
#14 C:\src\Project-Website-UpworkTeam\GigihShop\system\Commands\Server\rewrite.php(43): require_once('C:\\src\\Project-...')
#15 {main}
