ERROR - 2021-10-21 04:59:17 --> Error connecting to the database: No connection could be made because the target machine actively refused it.

CRITICAL - 2021-10-21 04:59:17 --> Unable to connect to the database.
Main connection [MySQLi]: No connection could be made because the target machine actively refused it.

#0 C:\src\myCI4app\system\Database\BaseConnection.php(570): CodeIgniter\Database\BaseConnection->initialize()
#1 C:\src\myCI4app\system\Database\BaseBuilder.php(1428): CodeIgniter\Database\BaseConnection->query('SELECT *\nFROM `...', Array, false)
#2 C:\src\myCI4app\system\Model.php(183): CodeIgniter\Database\BaseBuilder->get()
#3 C:\src\myCI4app\system\BaseModel.php(584): CodeIgniter\Model->doFindAll(0, 0)
#4 C:\src\myCI4app\app\Models\KomikModel.php(16): CodeIgniter\BaseModel->findAll()
#5 C:\src\myCI4app\app\Controllers\Komik.php(22): App\Models\KomikModel->getKomik()
#6 C:\src\myCI4app\system\CodeIgniter.php(802): App\Controllers\Komik->index()
#7 C:\src\myCI4app\system\CodeIgniter.php(399): CodeIgniter\CodeIgniter->runController(Object(App\Controllers\Komik))
#8 C:\src\myCI4app\system\CodeIgniter.php(317): CodeIgniter\CodeIgniter->handleRequest(NULL, Object(Config\Cache), false)
#9 C:\src\myCI4app\public\index.php(37): CodeIgniter\CodeIgniter->run()
#10 C:\src\myCI4app\system\Commands\Server\rewrite.php(43): require_once('C:\\src\\myCI4app...')
#11 {main}
CRITICAL - 2021-10-21 09:55:03 --> unlink(img/): Is a directory
#0 [internal function]: CodeIgniter\Debug\Exceptions->errorHandler(2, 'unlink(img/): I...', 'C:\\src\\myCI4app...', 190, Array)
#1 C:\src\myCI4app\app\Controllers\Komik.php(190): unlink('img/')
#2 C:\src\myCI4app\system\CodeIgniter.php(802): App\Controllers\Komik->update('1')
#3 C:\src\myCI4app\system\CodeIgniter.php(399): CodeIgniter\CodeIgniter->runController(Object(App\Controllers\Komik))
#4 C:\src\myCI4app\system\CodeIgniter.php(317): CodeIgniter\CodeIgniter->handleRequest(NULL, Object(Config\Cache), false)
#5 C:\src\myCI4app\public\index.php(37): CodeIgniter\CodeIgniter->run()
#6 C:\src\myCI4app\system\Commands\Server\rewrite.php(43): require_once('C:\\src\\myCI4app...')
#7 {main}
CRITICAL - 2021-10-21 09:59:38 --> unlink(img/): Is a directory
#0 [internal function]: CodeIgniter\Debug\Exceptions->errorHandler(2, 'unlink(img/): I...', 'C:\\src\\myCI4app...', 190, Array)
#1 C:\src\myCI4app\app\Controllers\Komik.php(190): unlink('img/')
#2 C:\src\myCI4app\system\CodeIgniter.php(802): App\Controllers\Komik->update('1')
#3 C:\src\myCI4app\system\CodeIgniter.php(399): CodeIgniter\CodeIgniter->runController(Object(App\Controllers\Komik))
#4 C:\src\myCI4app\system\CodeIgniter.php(317): CodeIgniter\CodeIgniter->handleRequest(NULL, Object(Config\Cache), false)
#5 C:\src\myCI4app\public\index.php(37): CodeIgniter\CodeIgniter->run()
#6 C:\src\myCI4app\system\Commands\Server\rewrite.php(43): require_once('C:\\src\\myCI4app...')
#7 {main}
CRITICAL - 2021-10-21 10:06:19 --> unlink(img/): Is a directory
#0 [internal function]: CodeIgniter\Debug\Exceptions->errorHandler(2, 'unlink(img/): I...', 'C:\\src\\myCI4app...', 189, Array)
#1 C:\src\myCI4app\app\Controllers\Komik.php(189): unlink('img/')
#2 C:\src\myCI4app\system\CodeIgniter.php(802): App\Controllers\Komik->update('1')
#3 C:\src\myCI4app\system\CodeIgniter.php(399): CodeIgniter\CodeIgniter->runController(Object(App\Controllers\Komik))
#4 C:\src\myCI4app\system\CodeIgniter.php(317): CodeIgniter\CodeIgniter->handleRequest(NULL, Object(Config\Cache), false)
#5 C:\src\myCI4app\public\index.php(37): CodeIgniter\CodeIgniter->run()
#6 C:\src\myCI4app\system\Commands\Server\rewrite.php(43): require_once('C:\\src\\myCI4app...')
#7 {main}
CRITICAL - 2021-10-21 10:09:42 --> unlink(img/): Is a directory
#0 [internal function]: CodeIgniter\Debug\Exceptions->errorHandler(2, 'unlink(img/): I...', 'C:\\src\\myCI4app...', 189, Array)
#1 C:\src\myCI4app\app\Controllers\Komik.php(189): unlink('img/')
#2 C:\src\myCI4app\system\CodeIgniter.php(802): App\Controllers\Komik->update('1')
#3 C:\src\myCI4app\system\CodeIgniter.php(399): CodeIgniter\CodeIgniter->runController(Object(App\Controllers\Komik))
#4 C:\src\myCI4app\system\CodeIgniter.php(317): CodeIgniter\CodeIgniter->handleRequest(NULL, Object(Config\Cache), false)
#5 C:\src\myCI4app\public\index.php(37): CodeIgniter\CodeIgniter->run()
#6 C:\src\myCI4app\system\Commands\Server\rewrite.php(43): require_once('C:\\src\\myCI4app...')
#7 {main}
CRITICAL - 2021-10-21 10:16:54 --> unlink(img/): Is a directory
#0 [internal function]: CodeIgniter\Debug\Exceptions->errorHandler(2, 'unlink(img/): I...', 'C:\\src\\myCI4app...', 189, Array)
#1 C:\src\myCI4app\app\Controllers\Komik.php(189): unlink('img/')
#2 C:\src\myCI4app\system\CodeIgniter.php(802): App\Controllers\Komik->update('1')
#3 C:\src\myCI4app\system\CodeIgniter.php(399): CodeIgniter\CodeIgniter->runController(Object(App\Controllers\Komik))
#4 C:\src\myCI4app\system\CodeIgniter.php(317): CodeIgniter\CodeIgniter->handleRequest(NULL, Object(Config\Cache), false)
#5 C:\src\myCI4app\public\index.php(37): CodeIgniter\CodeIgniter->run()
#6 C:\src\myCI4app\system\Commands\Server\rewrite.php(43): require_once('C:\\src\\myCI4app...')
#7 {main}
CRITICAL - 2021-10-21 10:17:22 --> unlink(img/): Is a directory
#0 [internal function]: CodeIgniter\Debug\Exceptions->errorHandler(2, 'unlink(img/): I...', 'C:\\src\\myCI4app...', 127, Array)
#1 C:\src\myCI4app\app\Controllers\Komik.php(127): unlink('img/')
#2 C:\src\myCI4app\system\CodeIgniter.php(802): App\Controllers\Komik->delete('1')
#3 C:\src\myCI4app\system\CodeIgniter.php(399): CodeIgniter\CodeIgniter->runController(Object(App\Controllers\Komik))
#4 C:\src\myCI4app\system\CodeIgniter.php(317): CodeIgniter\CodeIgniter->handleRequest(NULL, Object(Config\Cache), false)
#5 C:\src\myCI4app\public\index.php(37): CodeIgniter\CodeIgniter->run()
#6 C:\src\myCI4app\system\Commands\Server\rewrite.php(43): require_once('C:\\src\\myCI4app...')
#7 {main}
CRITICAL - 2021-10-21 10:19:45 --> unlink(img/1634811459_7e4f0d1736c3cbaf53b8.png): No such file or directory
#0 [internal function]: CodeIgniter\Debug\Exceptions->errorHandler(2, 'unlink(img/1634...', 'C:\\src\\myCI4app...', 189, Array)
#1 C:\src\myCI4app\app\Controllers\Komik.php(189): unlink('img/1634811459_...')
#2 C:\src\myCI4app\system\CodeIgniter.php(802): App\Controllers\Komik->update('7')
#3 C:\src\myCI4app\system\CodeIgniter.php(399): CodeIgniter\CodeIgniter->runController(Object(App\Controllers\Komik))
#4 C:\src\myCI4app\system\CodeIgniter.php(317): CodeIgniter\CodeIgniter->handleRequest(NULL, Object(Config\Cache), false)
#5 C:\src\myCI4app\public\index.php(37): CodeIgniter\CodeIgniter->run()
#6 C:\src\myCI4app\system\Commands\Server\rewrite.php(43): require_once('C:\\src\\myCI4app...')
#7 {main}
ERROR - 2021-10-21 12:53:03 --> Table 'myci4.users' doesn't exist
ERROR - 2021-10-21 12:57:25 --> You have an error in your SQL syntax; check the manual that corresponds to your MariaDB server version for the right syntax to use near ':updated_at:)' at line 1
ERROR - 2021-10-21 12:57:25 --> Table 'myci4.users' doesn't exist
ERROR - 2021-10-21 12:58:12 --> Unknown column 'update_at' in 'field list'
ERROR - 2021-10-21 12:58:12 --> Table 'myci4.users' doesn't exist
ERROR - 2021-10-21 12:59:13 --> Unknown column 'update_at' in 'field list'
