CRITICAL - 2021-12-18 12:32:07 --> include(kategori/index.php): failed to open stream: No such file or directory
#0 C:\src\Project-Website-UpworkTeam\GigihShop\app\Views\barang2\index.php(38): CodeIgniter\Debug\Exceptions->errorHandler(2, 'include(kategor...', 'C:\\src\\Project-...', 38, Array)
#1 C:\src\Project-Website-UpworkTeam\GigihShop\app\Views\barang2\index.php(38): include()
#2 C:\src\Project-Website-UpworkTeam\GigihShop\system\View\View.php(214): include('C:\\src\\Project-...')
#3 C:\src\Project-Website-UpworkTeam\GigihShop\system\View\View.php(217): CodeIgniter\View\View->CodeIgniter\View\{closure}()
#4 C:\src\Project-Website-UpworkTeam\GigihShop\system\Common.php(1092): CodeIgniter\View\View->render('barang2/index', Array, true)
#5 C:\src\Project-Website-UpworkTeam\GigihShop\app\Controllers\Barang2.php(21): view('barang2/index')
#6 C:\src\Project-Website-UpworkTeam\GigihShop\system\CodeIgniter.php(802): App\Controllers\Barang2->index()
#7 C:\src\Project-Website-UpworkTeam\GigihShop\system\CodeIgniter.php(399): CodeIgniter\CodeIgniter->runController(Object(App\Controllers\Barang2))
#8 C:\src\Project-Website-UpworkTeam\GigihShop\system\CodeIgniter.php(317): CodeIgniter\CodeIgniter->handleRequest(NULL, Object(Config\Cache), false)
#9 C:\src\Project-Website-UpworkTeam\GigihShop\public\index.php(37): CodeIgniter\CodeIgniter->run()
#10 C:\src\Project-Website-UpworkTeam\GigihShop\system\Commands\Server\rewrite.php(43): require_once('C:\\src\\Project-...')
#11 {main}
CRITICAL - 2021-12-18 12:32:46 --> include(/kategori/index.php): failed to open stream: No such file or directory
#0 C:\src\Project-Website-UpworkTeam\GigihShop\app\Views\barang2\index.php(38): CodeIgniter\Debug\Exceptions->errorHandler(2, 'include(/katego...', 'C:\\src\\Project-...', 38, Array)
#1 C:\src\Project-Website-UpworkTeam\GigihShop\app\Views\barang2\index.php(38): include()
#2 C:\src\Project-Website-UpworkTeam\GigihShop\system\View\View.php(214): include('C:\\src\\Project-...')
#3 C:\src\Project-Website-UpworkTeam\GigihShop\system\View\View.php(217): CodeIgniter\View\View->CodeIgniter\View\{closure}()
#4 C:\src\Project-Website-UpworkTeam\GigihShop\system\Common.php(1092): CodeIgniter\View\View->render('barang2/index', Array, true)
#5 C:\src\Project-Website-UpworkTeam\GigihShop\app\Controllers\Barang2.php(21): view('barang2/index')
#6 C:\src\Project-Website-UpworkTeam\GigihShop\system\CodeIgniter.php(802): App\Controllers\Barang2->index()
#7 C:\src\Project-Website-UpworkTeam\GigihShop\system\CodeIgniter.php(399): CodeIgniter\CodeIgniter->runController(Object(App\Controllers\Barang2))
#8 C:\src\Project-Website-UpworkTeam\GigihShop\system\CodeIgniter.php(317): CodeIgniter\CodeIgniter->handleRequest(NULL, Object(Config\Cache), false)
#9 C:\src\Project-Website-UpworkTeam\GigihShop\public\index.php(37): CodeIgniter\CodeIgniter->run()
#10 C:\src\Project-Website-UpworkTeam\GigihShop\system\Commands\Server\rewrite.php(43): require_once('C:\\src\\Project-...')
#11 {main}
CRITICAL - 2021-12-18 12:33:19 --> include(app/views/kategori/index.php): failed to open stream: No such file or directory
#0 C:\src\Project-Website-UpworkTeam\GigihShop\app\Views\barang2\index.php(38): CodeIgniter\Debug\Exceptions->errorHandler(2, 'include(app/vie...', 'C:\\src\\Project-...', 38, Array)
#1 C:\src\Project-Website-UpworkTeam\GigihShop\app\Views\barang2\index.php(38): include()
#2 C:\src\Project-Website-UpworkTeam\GigihShop\system\View\View.php(214): include('C:\\src\\Project-...')
#3 C:\src\Project-Website-UpworkTeam\GigihShop\system\View\View.php(217): CodeIgniter\View\View->CodeIgniter\View\{closure}()
#4 C:\src\Project-Website-UpworkTeam\GigihShop\system\Common.php(1092): CodeIgniter\View\View->render('barang2/index', Array, true)
#5 C:\src\Project-Website-UpworkTeam\GigihShop\app\Controllers\Barang2.php(21): view('barang2/index')
#6 C:\src\Project-Website-UpworkTeam\GigihShop\system\CodeIgniter.php(802): App\Controllers\Barang2->index()
#7 C:\src\Project-Website-UpworkTeam\GigihShop\system\CodeIgniter.php(399): CodeIgniter\CodeIgniter->runController(Object(App\Controllers\Barang2))
#8 C:\src\Project-Website-UpworkTeam\GigihShop\system\CodeIgniter.php(317): CodeIgniter\CodeIgniter->handleRequest(NULL, Object(Config\Cache), false)
#9 C:\src\Project-Website-UpworkTeam\GigihShop\public\index.php(37): CodeIgniter\CodeIgniter->run()
#10 C:\src\Project-Website-UpworkTeam\GigihShop\system\Commands\Server\rewrite.php(43): require_once('C:\\src\\Project-...')
#11 {main}
CRITICAL - 2021-12-18 12:34:11 --> include(/app/Views/kategori/index.php): failed to open stream: No such file or directory
#0 C:\src\Project-Website-UpworkTeam\GigihShop\app\Views\barang2\index.php(38): CodeIgniter\Debug\Exceptions->errorHandler(2, 'include(/app/Vi...', 'C:\\src\\Project-...', 38, Array)
#1 C:\src\Project-Website-UpworkTeam\GigihShop\app\Views\barang2\index.php(38): include()
#2 C:\src\Project-Website-UpworkTeam\GigihShop\system\View\View.php(214): include('C:\\src\\Project-...')
#3 C:\src\Project-Website-UpworkTeam\GigihShop\system\View\View.php(217): CodeIgniter\View\View->CodeIgniter\View\{closure}()
#4 C:\src\Project-Website-UpworkTeam\GigihShop\system\Common.php(1092): CodeIgniter\View\View->render('barang2/index', Array, true)
#5 C:\src\Project-Website-UpworkTeam\GigihShop\app\Controllers\Barang2.php(21): view('barang2/index')
#6 C:\src\Project-Website-UpworkTeam\GigihShop\system\CodeIgniter.php(802): App\Controllers\Barang2->index()
#7 C:\src\Project-Website-UpworkTeam\GigihShop\system\CodeIgniter.php(399): CodeIgniter\CodeIgniter->runController(Object(App\Controllers\Barang2))
#8 C:\src\Project-Website-UpworkTeam\GigihShop\system\CodeIgniter.php(317): CodeIgniter\CodeIgniter->handleRequest(NULL, Object(Config\Cache), false)
#9 C:\src\Project-Website-UpworkTeam\GigihShop\public\index.php(37): CodeIgniter\CodeIgniter->run()
#10 C:\src\Project-Website-UpworkTeam\GigihShop\system\Commands\Server\rewrite.php(43): require_once('C:\\src\\Project-...')
#11 {main}
CRITICAL - 2021-12-18 12:34:51 --> include(Views/kategori/index.php): failed to open stream: No such file or directory
#0 C:\src\Project-Website-UpworkTeam\GigihShop\app\Views\barang2\index.php(38): CodeIgniter\Debug\Exceptions->errorHandler(2, 'include(Views/k...', 'C:\\src\\Project-...', 38, Array)
#1 C:\src\Project-Website-UpworkTeam\GigihShop\app\Views\barang2\index.php(38): include()
#2 C:\src\Project-Website-UpworkTeam\GigihShop\system\View\View.php(214): include('C:\\src\\Project-...')
#3 C:\src\Project-Website-UpworkTeam\GigihShop\system\View\View.php(217): CodeIgniter\View\View->CodeIgniter\View\{closure}()
#4 C:\src\Project-Website-UpworkTeam\GigihShop\system\Common.php(1092): CodeIgniter\View\View->render('barang2/index', Array, true)
#5 C:\src\Project-Website-UpworkTeam\GigihShop\app\Controllers\Barang2.php(21): view('barang2/index')
#6 C:\src\Project-Website-UpworkTeam\GigihShop\system\CodeIgniter.php(802): App\Controllers\Barang2->index()
#7 C:\src\Project-Website-UpworkTeam\GigihShop\system\CodeIgniter.php(399): CodeIgniter\CodeIgniter->runController(Object(App\Controllers\Barang2))
#8 C:\src\Project-Website-UpworkTeam\GigihShop\system\CodeIgniter.php(317): CodeIgniter\CodeIgniter->handleRequest(NULL, Object(Config\Cache), false)
#9 C:\src\Project-Website-UpworkTeam\GigihShop\public\index.php(37): CodeIgniter\CodeIgniter->run()
#10 C:\src\Project-Website-UpworkTeam\GigihShop\system\Commands\Server\rewrite.php(43): require_once('C:\\src\\Project-...')
#11 {main}
CRITICAL - 2021-12-18 12:35:00 --> include(/Views/kategori/index.php): failed to open stream: No such file or directory
#0 C:\src\Project-Website-UpworkTeam\GigihShop\app\Views\barang2\index.php(38): CodeIgniter\Debug\Exceptions->errorHandler(2, 'include(/Views/...', 'C:\\src\\Project-...', 38, Array)
#1 C:\src\Project-Website-UpworkTeam\GigihShop\app\Views\barang2\index.php(38): include()
#2 C:\src\Project-Website-UpworkTeam\GigihShop\system\View\View.php(214): include('C:\\src\\Project-...')
#3 C:\src\Project-Website-UpworkTeam\GigihShop\system\View\View.php(217): CodeIgniter\View\View->CodeIgniter\View\{closure}()
#4 C:\src\Project-Website-UpworkTeam\GigihShop\system\Common.php(1092): CodeIgniter\View\View->render('barang2/index', Array, true)
#5 C:\src\Project-Website-UpworkTeam\GigihShop\app\Controllers\Barang2.php(21): view('barang2/index')
#6 C:\src\Project-Website-UpworkTeam\GigihShop\system\CodeIgniter.php(802): App\Controllers\Barang2->index()
#7 C:\src\Project-Website-UpworkTeam\GigihShop\system\CodeIgniter.php(399): CodeIgniter\CodeIgniter->runController(Object(App\Controllers\Barang2))
#8 C:\src\Project-Website-UpworkTeam\GigihShop\system\CodeIgniter.php(317): CodeIgniter\CodeIgniter->handleRequest(NULL, Object(Config\Cache), false)
#9 C:\src\Project-Website-UpworkTeam\GigihShop\public\index.php(37): CodeIgniter\CodeIgniter->run()
#10 C:\src\Project-Website-UpworkTeam\GigihShop\system\Commands\Server\rewrite.php(43): require_once('C:\\src\\Project-...')
#11 {main}
CRITICAL - 2021-12-18 12:42:35 --> Invalid argument supplied for foreach()
#0 C:\src\Project-Website-UpworkTeam\GigihShop\app\Views\barang2\kategori\index.php(2): CodeIgniter\Debug\Exceptions->errorHandler(2, 'Invalid argumen...', 'C:\\src\\Project-...', 2, Array)
#1 C:\src\Project-Website-UpworkTeam\GigihShop\app\Views\barang2\index.php(38): include('C:\\src\\Project-...')
#2 C:\src\Project-Website-UpworkTeam\GigihShop\system\View\View.php(214): include('C:\\src\\Project-...')
#3 C:\src\Project-Website-UpworkTeam\GigihShop\system\View\View.php(217): CodeIgniter\View\View->CodeIgniter\View\{closure}()
#4 C:\src\Project-Website-UpworkTeam\GigihShop\system\Common.php(1092): CodeIgniter\View\View->render('barang2/index', Array, true)
#5 C:\src\Project-Website-UpworkTeam\GigihShop\app\Controllers\Barang2.php(9): view('barang2/index')
#6 C:\src\Project-Website-UpworkTeam\GigihShop\system\CodeIgniter.php(802): App\Controllers\Barang2->index()
#7 C:\src\Project-Website-UpworkTeam\GigihShop\system\CodeIgniter.php(399): CodeIgniter\CodeIgniter->runController(Object(App\Controllers\Barang2))
#8 C:\src\Project-Website-UpworkTeam\GigihShop\system\CodeIgniter.php(317): CodeIgniter\CodeIgniter->handleRequest(NULL, Object(Config\Cache), false)
#9 C:\src\Project-Website-UpworkTeam\GigihShop\public\index.php(37): CodeIgniter\CodeIgniter->run()
#10 C:\src\Project-Website-UpworkTeam\GigihShop\system\Commands\Server\rewrite.php(43): require_once('C:\\src\\Project-...')
#11 {main}
CRITICAL - 2021-12-18 13:19:05 --> include(./kategori/index.php): failed to open stream: No such file or directory
#0 C:\src\Project-Website-UpworkTeam\GigihShop\app\Views\barang2\index.php(38): CodeIgniter\Debug\Exceptions->errorHandler(2, 'include(./kateg...', 'C:\\src\\Project-...', 38, Array)
#1 C:\src\Project-Website-UpworkTeam\GigihShop\app\Views\barang2\index.php(38): include()
#2 C:\src\Project-Website-UpworkTeam\GigihShop\system\View\View.php(214): include('C:\\src\\Project-...')
#3 C:\src\Project-Website-UpworkTeam\GigihShop\system\View\View.php(217): CodeIgniter\View\View->CodeIgniter\View\{closure}()
#4 C:\src\Project-Website-UpworkTeam\GigihShop\system\Common.php(1092): CodeIgniter\View\View->render('barang2/index', Array, true)
#5 C:\src\Project-Website-UpworkTeam\GigihShop\app\Controllers\Barang2.php(25): view('barang2/index', Array)
#6 C:\src\Project-Website-UpworkTeam\GigihShop\system\CodeIgniter.php(802): App\Controllers\Barang2->index()
#7 C:\src\Project-Website-UpworkTeam\GigihShop\system\CodeIgniter.php(399): CodeIgniter\CodeIgniter->runController(Object(App\Controllers\Barang2))
#8 C:\src\Project-Website-UpworkTeam\GigihShop\system\CodeIgniter.php(317): CodeIgniter\CodeIgniter->handleRequest(NULL, Object(Config\Cache), false)
#9 C:\src\Project-Website-UpworkTeam\GigihShop\public\index.php(37): CodeIgniter\CodeIgniter->run()
#10 C:\src\Project-Website-UpworkTeam\GigihShop\system\Commands\Server\rewrite.php(43): require_once('C:\\src\\Project-...')
#11 {main}
CRITICAL - 2021-12-18 13:19:35 --> include(./Views/kategori/index.php): failed to open stream: No such file or directory
#0 C:\src\Project-Website-UpworkTeam\GigihShop\app\Views\barang2\index.php(38): CodeIgniter\Debug\Exceptions->errorHandler(2, 'include(./Views...', 'C:\\src\\Project-...', 38, Array)
#1 C:\src\Project-Website-UpworkTeam\GigihShop\app\Views\barang2\index.php(38): include()
#2 C:\src\Project-Website-UpworkTeam\GigihShop\system\View\View.php(214): include('C:\\src\\Project-...')
#3 C:\src\Project-Website-UpworkTeam\GigihShop\system\View\View.php(217): CodeIgniter\View\View->CodeIgniter\View\{closure}()
#4 C:\src\Project-Website-UpworkTeam\GigihShop\system\Common.php(1092): CodeIgniter\View\View->render('barang2/index', Array, true)
#5 C:\src\Project-Website-UpworkTeam\GigihShop\app\Controllers\Barang2.php(25): view('barang2/index', Array)
#6 C:\src\Project-Website-UpworkTeam\GigihShop\system\CodeIgniter.php(802): App\Controllers\Barang2->index()
#7 C:\src\Project-Website-UpworkTeam\GigihShop\system\CodeIgniter.php(399): CodeIgniter\CodeIgniter->runController(Object(App\Controllers\Barang2))
#8 C:\src\Project-Website-UpworkTeam\GigihShop\system\CodeIgniter.php(317): CodeIgniter\CodeIgniter->handleRequest(NULL, Object(Config\Cache), false)
#9 C:\src\Project-Website-UpworkTeam\GigihShop\public\index.php(37): CodeIgniter\CodeIgniter->run()
#10 C:\src\Project-Website-UpworkTeam\GigihShop\system\Commands\Server\rewrite.php(43): require_once('C:\\src\\Project-...')
#11 {main}
CRITICAL - 2021-12-18 13:20:07 --> include(Views/kategori/index.php): failed to open stream: No such file or directory
#0 C:\src\Project-Website-UpworkTeam\GigihShop\app\Views\barang2\index.php(38): CodeIgniter\Debug\Exceptions->errorHandler(2, 'include(Views/k...', 'C:\\src\\Project-...', 38, Array)
#1 C:\src\Project-Website-UpworkTeam\GigihShop\app\Views\barang2\index.php(38): include()
#2 C:\src\Project-Website-UpworkTeam\GigihShop\system\View\View.php(214): include('C:\\src\\Project-...')
#3 C:\src\Project-Website-UpworkTeam\GigihShop\system\View\View.php(217): CodeIgniter\View\View->CodeIgniter\View\{closure}()
#4 C:\src\Project-Website-UpworkTeam\GigihShop\system\Common.php(1092): CodeIgniter\View\View->render('barang2/index', Array, true)
#5 C:\src\Project-Website-UpworkTeam\GigihShop\app\Controllers\Barang2.php(25): view('barang2/index', Array)
#6 C:\src\Project-Website-UpworkTeam\GigihShop\system\CodeIgniter.php(802): App\Controllers\Barang2->index()
#7 C:\src\Project-Website-UpworkTeam\GigihShop\system\CodeIgniter.php(399): CodeIgniter\CodeIgniter->runController(Object(App\Controllers\Barang2))
#8 C:\src\Project-Website-UpworkTeam\GigihShop\system\CodeIgniter.php(317): CodeIgniter\CodeIgniter->handleRequest(NULL, Object(Config\Cache), false)
#9 C:\src\Project-Website-UpworkTeam\GigihShop\public\index.php(37): CodeIgniter\CodeIgniter->run()
#10 C:\src\Project-Website-UpworkTeam\GigihShop\system\Commands\Server\rewrite.php(43): require_once('C:\\src\\Project-...')
#11 {main}
CRITICAL - 2021-12-18 13:20:20 --> include(../Views/kategori/index.php): failed to open stream: No such file or directory
#0 C:\src\Project-Website-UpworkTeam\GigihShop\app\Views\barang2\index.php(38): CodeIgniter\Debug\Exceptions->errorHandler(2, 'include(../View...', 'C:\\src\\Project-...', 38, Array)
#1 C:\src\Project-Website-UpworkTeam\GigihShop\app\Views\barang2\index.php(38): include()
#2 C:\src\Project-Website-UpworkTeam\GigihShop\system\View\View.php(214): include('C:\\src\\Project-...')
#3 C:\src\Project-Website-UpworkTeam\GigihShop\system\View\View.php(217): CodeIgniter\View\View->CodeIgniter\View\{closure}()
#4 C:\src\Project-Website-UpworkTeam\GigihShop\system\Common.php(1092): CodeIgniter\View\View->render('barang2/index', Array, true)
#5 C:\src\Project-Website-UpworkTeam\GigihShop\app\Controllers\Barang2.php(25): view('barang2/index', Array)
#6 C:\src\Project-Website-UpworkTeam\GigihShop\system\CodeIgniter.php(802): App\Controllers\Barang2->index()
#7 C:\src\Project-Website-UpworkTeam\GigihShop\system\CodeIgniter.php(399): CodeIgniter\CodeIgniter->runController(Object(App\Controllers\Barang2))
#8 C:\src\Project-Website-UpworkTeam\GigihShop\system\CodeIgniter.php(317): CodeIgniter\CodeIgniter->handleRequest(NULL, Object(Config\Cache), false)
#9 C:\src\Project-Website-UpworkTeam\GigihShop\public\index.php(37): CodeIgniter\CodeIgniter->run()
#10 C:\src\Project-Website-UpworkTeam\GigihShop\system\Commands\Server\rewrite.php(43): require_once('C:\\src\\Project-...')
#11 {main}
CRITICAL - 2021-12-18 13:23:21 --> include(/kategori/index.php): failed to open stream: No such file or directory
#0 C:\src\Project-Website-UpworkTeam\GigihShop\app\Views\barang2\index.php(38): CodeIgniter\Debug\Exceptions->errorHandler(2, 'include(/katego...', 'C:\\src\\Project-...', 38, Array)
#1 C:\src\Project-Website-UpworkTeam\GigihShop\app\Views\barang2\index.php(38): include()
#2 C:\src\Project-Website-UpworkTeam\GigihShop\system\View\View.php(214): include('C:\\src\\Project-...')
#3 C:\src\Project-Website-UpworkTeam\GigihShop\system\View\View.php(217): CodeIgniter\View\View->CodeIgniter\View\{closure}()
#4 C:\src\Project-Website-UpworkTeam\GigihShop\system\Common.php(1092): CodeIgniter\View\View->render('barang2/index', Array, true)
#5 C:\src\Project-Website-UpworkTeam\GigihShop\app\Controllers\Barang2.php(25): view('barang2/index', Array)
#6 C:\src\Project-Website-UpworkTeam\GigihShop\system\CodeIgniter.php(802): App\Controllers\Barang2->index()
#7 C:\src\Project-Website-UpworkTeam\GigihShop\system\CodeIgniter.php(399): CodeIgniter\CodeIgniter->runController(Object(App\Controllers\Barang2))
#8 C:\src\Project-Website-UpworkTeam\GigihShop\system\CodeIgniter.php(317): CodeIgniter\CodeIgniter->handleRequest(NULL, Object(Config\Cache), false)
#9 C:\src\Project-Website-UpworkTeam\GigihShop\public\index.php(37): CodeIgniter\CodeIgniter->run()
#10 C:\src\Project-Website-UpworkTeam\GigihShop\system\Commands\Server\rewrite.php(43): require_once('C:\\src\\Project-...')
#11 {main}
CRITICAL - 2021-12-18 13:23:36 --> include(../kategori/index.php): failed to open stream: No such file or directory
#0 C:\src\Project-Website-UpworkTeam\GigihShop\app\Views\barang2\index.php(38): CodeIgniter\Debug\Exceptions->errorHandler(2, 'include(../kate...', 'C:\\src\\Project-...', 38, Array)
#1 C:\src\Project-Website-UpworkTeam\GigihShop\app\Views\barang2\index.php(38): include()
#2 C:\src\Project-Website-UpworkTeam\GigihShop\system\View\View.php(214): include('C:\\src\\Project-...')
#3 C:\src\Project-Website-UpworkTeam\GigihShop\system\View\View.php(217): CodeIgniter\View\View->CodeIgniter\View\{closure}()
#4 C:\src\Project-Website-UpworkTeam\GigihShop\system\Common.php(1092): CodeIgniter\View\View->render('barang2/index', Array, true)
#5 C:\src\Project-Website-UpworkTeam\GigihShop\app\Controllers\Barang2.php(25): view('barang2/index', Array)
#6 C:\src\Project-Website-UpworkTeam\GigihShop\system\CodeIgniter.php(802): App\Controllers\Barang2->index()
#7 C:\src\Project-Website-UpworkTeam\GigihShop\system\CodeIgniter.php(399): CodeIgniter\CodeIgniter->runController(Object(App\Controllers\Barang2))
#8 C:\src\Project-Website-UpworkTeam\GigihShop\system\CodeIgniter.php(317): CodeIgniter\CodeIgniter->handleRequest(NULL, Object(Config\Cache), false)
#9 C:\src\Project-Website-UpworkTeam\GigihShop\public\index.php(37): CodeIgniter\CodeIgniter->run()
#10 C:\src\Project-Website-UpworkTeam\GigihShop\system\Commands\Server\rewrite.php(43): require_once('C:\\src\\Project-...')
#11 {main}
CRITICAL - 2021-12-18 13:26:08 --> include(./GigihShop/app/Views/kategori/index.php): failed to open stream: No such file or directory
#0 C:\src\Project-Website-UpworkTeam\GigihShop\app\Views\barang2\index.php(38): CodeIgniter\Debug\Exceptions->errorHandler(2, 'include(./Gigih...', 'C:\\src\\Project-...', 38, Array)
#1 C:\src\Project-Website-UpworkTeam\GigihShop\app\Views\barang2\index.php(38): include()
#2 C:\src\Project-Website-UpworkTeam\GigihShop\system\View\View.php(214): include('C:\\src\\Project-...')
#3 C:\src\Project-Website-UpworkTeam\GigihShop\system\View\View.php(217): CodeIgniter\View\View->CodeIgniter\View\{closure}()
#4 C:\src\Project-Website-UpworkTeam\GigihShop\system\Common.php(1092): CodeIgniter\View\View->render('barang2/index', Array, true)
#5 C:\src\Project-Website-UpworkTeam\GigihShop\app\Controllers\Barang2.php(25): view('barang2/index', Array)
#6 C:\src\Project-Website-UpworkTeam\GigihShop\system\CodeIgniter.php(802): App\Controllers\Barang2->index()
#7 C:\src\Project-Website-UpworkTeam\GigihShop\system\CodeIgniter.php(399): CodeIgniter\CodeIgniter->runController(Object(App\Controllers\Barang2))
#8 C:\src\Project-Website-UpworkTeam\GigihShop\system\CodeIgniter.php(317): CodeIgniter\CodeIgniter->handleRequest(NULL, Object(Config\Cache), false)
#9 C:\src\Project-Website-UpworkTeam\GigihShop\public\index.php(37): CodeIgniter\CodeIgniter->run()
#10 C:\src\Project-Website-UpworkTeam\GigihShop\system\Commands\Server\rewrite.php(43): require_once('C:\\src\\Project-...')
#11 {main}
CRITICAL - 2021-12-18 13:54:51 --> Cannot use object of type mysqli as array
#0 C:\src\Project-Website-UpworkTeam\GigihShop\app\Views\barang2\index.php(38): include()
#1 C:\src\Project-Website-UpworkTeam\GigihShop\system\View\View.php(214): include('C:\\src\\Project-...')
#2 C:\src\Project-Website-UpworkTeam\GigihShop\system\View\View.php(217): CodeIgniter\View\View->CodeIgniter\View\{closure}()
#3 C:\src\Project-Website-UpworkTeam\GigihShop\system\Common.php(1092): CodeIgniter\View\View->render('barang2/index', Array, true)
#4 C:\src\Project-Website-UpworkTeam\GigihShop\app\Controllers\Barang2.php(31): view('barang2/index', Array)
#5 C:\src\Project-Website-UpworkTeam\GigihShop\system\CodeIgniter.php(802): App\Controllers\Barang2->index()
#6 C:\src\Project-Website-UpworkTeam\GigihShop\system\CodeIgniter.php(399): CodeIgniter\CodeIgniter->runController(Object(App\Controllers\Barang2))
#7 C:\src\Project-Website-UpworkTeam\GigihShop\system\CodeIgniter.php(317): CodeIgniter\CodeIgniter->handleRequest(NULL, Object(Config\Cache), false)
#8 C:\src\Project-Website-UpworkTeam\GigihShop\public\index.php(37): CodeIgniter\CodeIgniter->run()
#9 C:\src\Project-Website-UpworkTeam\GigihShop\system\Commands\Server\rewrite.php(43): require_once('C:\\src\\Project-...')
#10 {main}
CRITICAL - 2021-12-18 13:55:29 --> Illegal string offset 'gambar'
#0 C:\src\Project-Website-UpworkTeam\GigihShop\app\Views\barang2\kategori\index.php(5): CodeIgniter\Debug\Exceptions->errorHandler(2, 'Illegal string ...', 'C:\\src\\Project-...', 5, Array)
#1 C:\src\Project-Website-UpworkTeam\GigihShop\app\Views\barang2\index.php(38): include('C:\\src\\Project-...')
#2 C:\src\Project-Website-UpworkTeam\GigihShop\system\View\View.php(214): include('C:\\src\\Project-...')
#3 C:\src\Project-Website-UpworkTeam\GigihShop\system\View\View.php(217): CodeIgniter\View\View->CodeIgniter\View\{closure}()
#4 C:\src\Project-Website-UpworkTeam\GigihShop\system\Common.php(1092): CodeIgniter\View\View->render('barang2/index', Array, true)
#5 C:\src\Project-Website-UpworkTeam\GigihShop\app\Controllers\Barang2.php(31): view('barang2/index', Array)
#6 C:\src\Project-Website-UpworkTeam\GigihShop\system\CodeIgniter.php(802): App\Controllers\Barang2->index()
#7 C:\src\Project-Website-UpworkTeam\GigihShop\system\CodeIgniter.php(399): CodeIgniter\CodeIgniter->runController(Object(App\Controllers\Barang2))
#8 C:\src\Project-Website-UpworkTeam\GigihShop\system\CodeIgniter.php(317): CodeIgniter\CodeIgniter->handleRequest(NULL, Object(Config\Cache), false)
#9 C:\src\Project-Website-UpworkTeam\GigihShop\public\index.php(37): CodeIgniter\CodeIgniter->run()
#10 C:\src\Project-Website-UpworkTeam\GigihShop\system\Commands\Server\rewrite.php(43): require_once('C:\\src\\Project-...')
#11 {main}
CRITICAL - 2021-12-18 13:55:41 --> Invalid argument supplied for foreach()
#0 C:\src\Project-Website-UpworkTeam\GigihShop\app\Views\barang2\kategori\index.php(2): CodeIgniter\Debug\Exceptions->errorHandler(2, 'Invalid argumen...', 'C:\\src\\Project-...', 2, Array)
#1 C:\src\Project-Website-UpworkTeam\GigihShop\app\Views\barang2\index.php(38): include('C:\\src\\Project-...')
#2 C:\src\Project-Website-UpworkTeam\GigihShop\system\View\View.php(214): include('C:\\src\\Project-...')
#3 C:\src\Project-Website-UpworkTeam\GigihShop\system\View\View.php(217): CodeIgniter\View\View->CodeIgniter\View\{closure}()
#4 C:\src\Project-Website-UpworkTeam\GigihShop\system\Common.php(1092): CodeIgniter\View\View->render('barang2/index', Array, true)
#5 C:\src\Project-Website-UpworkTeam\GigihShop\app\Controllers\Barang2.php(31): view('barang2/index', Array)
#6 C:\src\Project-Website-UpworkTeam\GigihShop\system\CodeIgniter.php(802): App\Controllers\Barang2->index()
#7 C:\src\Project-Website-UpworkTeam\GigihShop\system\CodeIgniter.php(399): CodeIgniter\CodeIgniter->runController(Object(App\Controllers\Barang2))
#8 C:\src\Project-Website-UpworkTeam\GigihShop\system\CodeIgniter.php(317): CodeIgniter\CodeIgniter->handleRequest(NULL, Object(Config\Cache), false)
#9 C:\src\Project-Website-UpworkTeam\GigihShop\public\index.php(37): CodeIgniter\CodeIgniter->run()
#10 C:\src\Project-Website-UpworkTeam\GigihShop\system\Commands\Server\rewrite.php(43): require_once('C:\\src\\Project-...')
#11 {main}
CRITICAL - 2021-12-18 13:56:04 --> Invalid argument supplied for foreach()
#0 C:\src\Project-Website-UpworkTeam\GigihShop\app\Views\barang2\kategori\index.php(2): CodeIgniter\Debug\Exceptions->errorHandler(2, 'Invalid argumen...', 'C:\\src\\Project-...', 2, Array)
#1 C:\src\Project-Website-UpworkTeam\GigihShop\app\Views\barang2\index.php(38): include('C:\\src\\Project-...')
#2 C:\src\Project-Website-UpworkTeam\GigihShop\system\View\View.php(214): include('C:\\src\\Project-...')
#3 C:\src\Project-Website-UpworkTeam\GigihShop\system\View\View.php(217): CodeIgniter\View\View->CodeIgniter\View\{closure}()
#4 C:\src\Project-Website-UpworkTeam\GigihShop\system\Common.php(1092): CodeIgniter\View\View->render('barang2/index', Array, true)
#5 C:\src\Project-Website-UpworkTeam\GigihShop\app\Controllers\Barang2.php(30): view('barang2/index', Array)
#6 C:\src\Project-Website-UpworkTeam\GigihShop\system\CodeIgniter.php(802): App\Controllers\Barang2->index()
#7 C:\src\Project-Website-UpworkTeam\GigihShop\system\CodeIgniter.php(399): CodeIgniter\CodeIgniter->runController(Object(App\Controllers\Barang2))
#8 C:\src\Project-Website-UpworkTeam\GigihShop\system\CodeIgniter.php(317): CodeIgniter\CodeIgniter->handleRequest(NULL, Object(Config\Cache), false)
#9 C:\src\Project-Website-UpworkTeam\GigihShop\public\index.php(37): CodeIgniter\CodeIgniter->run()
#10 C:\src\Project-Website-UpworkTeam\GigihShop\system\Commands\Server\rewrite.php(43): require_once('C:\\src\\Project-...')
#11 {main}
CRITICAL - 2021-12-18 13:56:24 --> Invalid argument supplied for foreach()
#0 C:\src\Project-Website-UpworkTeam\GigihShop\app\Views\barang2\kategori\index.php(2): CodeIgniter\Debug\Exceptions->errorHandler(2, 'Invalid argumen...', 'C:\\src\\Project-...', 2, Array)
#1 C:\src\Project-Website-UpworkTeam\GigihShop\app\Views\barang2\index.php(38): include('C:\\src\\Project-...')
#2 C:\src\Project-Website-UpworkTeam\GigihShop\system\View\View.php(214): include('C:\\src\\Project-...')
#3 C:\src\Project-Website-UpworkTeam\GigihShop\system\View\View.php(217): CodeIgniter\View\View->CodeIgniter\View\{closure}()
#4 C:\src\Project-Website-UpworkTeam\GigihShop\system\Common.php(1092): CodeIgniter\View\View->render('barang2/index', Array, true)
#5 C:\src\Project-Website-UpworkTeam\GigihShop\app\Controllers\Barang2.php(28): view('barang2/index', Array)
#6 C:\src\Project-Website-UpworkTeam\GigihShop\system\CodeIgniter.php(802): App\Controllers\Barang2->index()
#7 C:\src\Project-Website-UpworkTeam\GigihShop\system\CodeIgniter.php(399): CodeIgniter\CodeIgniter->runController(Object(App\Controllers\Barang2))
#8 C:\src\Project-Website-UpworkTeam\GigihShop\system\CodeIgniter.php(317): CodeIgniter\CodeIgniter->handleRequest(NULL, Object(Config\Cache), false)
#9 C:\src\Project-Website-UpworkTeam\GigihShop\public\index.php(37): CodeIgniter\CodeIgniter->run()
#10 C:\src\Project-Website-UpworkTeam\GigihShop\system\Commands\Server\rewrite.php(43): require_once('C:\\src\\Project-...')
#11 {main}
CRITICAL - 2021-12-18 13:56:25 --> Invalid argument supplied for foreach()
#0 C:\src\Project-Website-UpworkTeam\GigihShop\app\Views\barang2\kategori\index.php(2): CodeIgniter\Debug\Exceptions->errorHandler(2, 'Invalid argumen...', 'C:\\src\\Project-...', 2, Array)
#1 C:\src\Project-Website-UpworkTeam\GigihShop\app\Views\barang2\index.php(38): include('C:\\src\\Project-...')
#2 C:\src\Project-Website-UpworkTeam\GigihShop\system\View\View.php(214): include('C:\\src\\Project-...')
#3 C:\src\Project-Website-UpworkTeam\GigihShop\system\View\View.php(217): CodeIgniter\View\View->CodeIgniter\View\{closure}()
#4 C:\src\Project-Website-UpworkTeam\GigihShop\system\Common.php(1092): CodeIgniter\View\View->render('barang2/index', Array, true)
#5 C:\src\Project-Website-UpworkTeam\GigihShop\app\Controllers\Barang2.php(28): view('barang2/index', Array)
#6 C:\src\Project-Website-UpworkTeam\GigihShop\system\CodeIgniter.php(802): App\Controllers\Barang2->index()
#7 C:\src\Project-Website-UpworkTeam\GigihShop\system\CodeIgniter.php(399): CodeIgniter\CodeIgniter->runController(Object(App\Controllers\Barang2))
#8 C:\src\Project-Website-UpworkTeam\GigihShop\system\CodeIgniter.php(317): CodeIgniter\CodeIgniter->handleRequest(NULL, Object(Config\Cache), false)
#9 C:\src\Project-Website-UpworkTeam\GigihShop\public\index.php(37): CodeIgniter\CodeIgniter->run()
#10 C:\src\Project-Website-UpworkTeam\GigihShop\system\Commands\Server\rewrite.php(43): require_once('C:\\src\\Project-...')
#11 {main}
CRITICAL - 2021-12-18 13:56:57 --> Invalid argument supplied for foreach()
#0 C:\src\Project-Website-UpworkTeam\GigihShop\app\Views\barang2\kategori\index.php(2): CodeIgniter\Debug\Exceptions->errorHandler(2, 'Invalid argumen...', 'C:\\src\\Project-...', 2, Array)
#1 C:\src\Project-Website-UpworkTeam\GigihShop\app\Views\barang2\index.php(38): include('C:\\src\\Project-...')
#2 C:\src\Project-Website-UpworkTeam\GigihShop\system\View\View.php(214): include('C:\\src\\Project-...')
#3 C:\src\Project-Website-UpworkTeam\GigihShop\system\View\View.php(217): CodeIgniter\View\View->CodeIgniter\View\{closure}()
#4 C:\src\Project-Website-UpworkTeam\GigihShop\system\Common.php(1092): CodeIgniter\View\View->render('barang2/index', Array, true)
#5 C:\src\Project-Website-UpworkTeam\GigihShop\app\Controllers\Barang2.php(31): view('barang2/index', Array)
#6 C:\src\Project-Website-UpworkTeam\GigihShop\system\CodeIgniter.php(802): App\Controllers\Barang2->index()
#7 C:\src\Project-Website-UpworkTeam\GigihShop\system\CodeIgniter.php(399): CodeIgniter\CodeIgniter->runController(Object(App\Controllers\Barang2))
#8 C:\src\Project-Website-UpworkTeam\GigihShop\system\CodeIgniter.php(317): CodeIgniter\CodeIgniter->handleRequest(NULL, Object(Config\Cache), false)
#9 C:\src\Project-Website-UpworkTeam\GigihShop\public\index.php(37): CodeIgniter\CodeIgniter->run()
#10 C:\src\Project-Website-UpworkTeam\GigihShop\system\Commands\Server\rewrite.php(43): require_once('C:\\src\\Project-...')
#11 {main}
CRITICAL - 2021-12-18 13:57:09 --> Cannot use object of type mysqli as array
#0 C:\src\Project-Website-UpworkTeam\GigihShop\app\Views\barang2\index.php(38): include()
#1 C:\src\Project-Website-UpworkTeam\GigihShop\system\View\View.php(214): include('C:\\src\\Project-...')
#2 C:\src\Project-Website-UpworkTeam\GigihShop\system\View\View.php(217): CodeIgniter\View\View->CodeIgniter\View\{closure}()
#3 C:\src\Project-Website-UpworkTeam\GigihShop\system\Common.php(1092): CodeIgniter\View\View->render('barang2/index', Array, true)
#4 C:\src\Project-Website-UpworkTeam\GigihShop\app\Controllers\Barang2.php(31): view('barang2/index', Array)
#5 C:\src\Project-Website-UpworkTeam\GigihShop\system\CodeIgniter.php(802): App\Controllers\Barang2->index()
#6 C:\src\Project-Website-UpworkTeam\GigihShop\system\CodeIgniter.php(399): CodeIgniter\CodeIgniter->runController(Object(App\Controllers\Barang2))
#7 C:\src\Project-Website-UpworkTeam\GigihShop\system\CodeIgniter.php(317): CodeIgniter\CodeIgniter->handleRequest(NULL, Object(Config\Cache), false)
#8 C:\src\Project-Website-UpworkTeam\GigihShop\public\index.php(37): CodeIgniter\CodeIgniter->run()
#9 C:\src\Project-Website-UpworkTeam\GigihShop\system\Commands\Server\rewrite.php(43): require_once('C:\\src\\Project-...')
#10 {main}
CRITICAL - 2021-12-18 13:58:46 --> Cannot use object of type mysqli as array
#0 C:\src\Project-Website-UpworkTeam\GigihShop\app\Views\barang2\index.php(38): include()
#1 C:\src\Project-Website-UpworkTeam\GigihShop\system\View\View.php(214): include('C:\\src\\Project-...')
#2 C:\src\Project-Website-UpworkTeam\GigihShop\system\View\View.php(217): CodeIgniter\View\View->CodeIgniter\View\{closure}()
#3 C:\src\Project-Website-UpworkTeam\GigihShop\system\Common.php(1092): CodeIgniter\View\View->render('barang2/index', Array, true)
#4 C:\src\Project-Website-UpworkTeam\GigihShop\app\Controllers\Barang2.php(32): view('barang2/index', Array)
#5 C:\src\Project-Website-UpworkTeam\GigihShop\system\CodeIgniter.php(802): App\Controllers\Barang2->index()
#6 C:\src\Project-Website-UpworkTeam\GigihShop\system\CodeIgniter.php(399): CodeIgniter\CodeIgniter->runController(Object(App\Controllers\Barang2))
#7 C:\src\Project-Website-UpworkTeam\GigihShop\system\CodeIgniter.php(317): CodeIgniter\CodeIgniter->handleRequest(NULL, Object(Config\Cache), false)
#8 C:\src\Project-Website-UpworkTeam\GigihShop\public\index.php(37): CodeIgniter\CodeIgniter->run()
#9 C:\src\Project-Website-UpworkTeam\GigihShop\system\Commands\Server\rewrite.php(43): require_once('C:\\src\\Project-...')
#10 {main}
CRITICAL - 2021-12-18 13:58:51 --> Cannot use object of type mysqli as array
#0 C:\src\Project-Website-UpworkTeam\GigihShop\app\Views\barang2\index.php(38): include()
#1 C:\src\Project-Website-UpworkTeam\GigihShop\system\View\View.php(214): include('C:\\src\\Project-...')
#2 C:\src\Project-Website-UpworkTeam\GigihShop\system\View\View.php(217): CodeIgniter\View\View->CodeIgniter\View\{closure}()
#3 C:\src\Project-Website-UpworkTeam\GigihShop\system\Common.php(1092): CodeIgniter\View\View->render('barang2/index', Array, true)
#4 C:\src\Project-Website-UpworkTeam\GigihShop\app\Controllers\Barang2.php(32): view('barang2/index', Array)
#5 C:\src\Project-Website-UpworkTeam\GigihShop\system\CodeIgniter.php(802): App\Controllers\Barang2->index()
#6 C:\src\Project-Website-UpworkTeam\GigihShop\system\CodeIgniter.php(399): CodeIgniter\CodeIgniter->runController(Object(App\Controllers\Barang2))
#7 C:\src\Project-Website-UpworkTeam\GigihShop\system\CodeIgniter.php(317): CodeIgniter\CodeIgniter->handleRequest(NULL, Object(Config\Cache), false)
#8 C:\src\Project-Website-UpworkTeam\GigihShop\public\index.php(37): CodeIgniter\CodeIgniter->run()
#9 C:\src\Project-Website-UpworkTeam\GigihShop\system\Commands\Server\rewrite.php(43): require_once('C:\\src\\Project-...')
#10 {main}
CRITICAL - 2021-12-18 13:59:14 --> syntax error, unexpected 'as' (T_AS)
#0 C:\src\Project-Website-UpworkTeam\GigihShop\system\Router\Router.php(160): CodeIgniter\Router\Router->autoRoute('barang2')
#1 C:\src\Project-Website-UpworkTeam\GigihShop\system\CodeIgniter.php(702): CodeIgniter\Router\Router->handle('barang2')
#2 C:\src\Project-Website-UpworkTeam\GigihShop\system\CodeIgniter.php(358): CodeIgniter\CodeIgniter->tryToRouteIt(Object(CodeIgniter\Router\RouteCollection))
#3 C:\src\Project-Website-UpworkTeam\GigihShop\system\CodeIgniter.php(317): CodeIgniter\CodeIgniter->handleRequest(NULL, Object(Config\Cache), false)
#4 C:\src\Project-Website-UpworkTeam\GigihShop\public\index.php(37): CodeIgniter\CodeIgniter->run()
#5 C:\src\Project-Website-UpworkTeam\GigihShop\system\Commands\Server\rewrite.php(43): require_once('C:\\src\\Project-...')
#6 {main}
CRITICAL - 2021-12-18 13:59:40 --> Cannot use object of type mysqli as array
#0 C:\src\Project-Website-UpworkTeam\GigihShop\app\Views\barang2\index.php(38): include()
#1 C:\src\Project-Website-UpworkTeam\GigihShop\system\View\View.php(214): include('C:\\src\\Project-...')
#2 C:\src\Project-Website-UpworkTeam\GigihShop\system\View\View.php(217): CodeIgniter\View\View->CodeIgniter\View\{closure}()
#3 C:\src\Project-Website-UpworkTeam\GigihShop\system\Common.php(1092): CodeIgniter\View\View->render('barang2/index', Array, true)
#4 C:\src\Project-Website-UpworkTeam\GigihShop\app\Controllers\Barang2.php(32): view('barang2/index', Array)
#5 C:\src\Project-Website-UpworkTeam\GigihShop\system\CodeIgniter.php(802): App\Controllers\Barang2->index()
#6 C:\src\Project-Website-UpworkTeam\GigihShop\system\CodeIgniter.php(399): CodeIgniter\CodeIgniter->runController(Object(App\Controllers\Barang2))
#7 C:\src\Project-Website-UpworkTeam\GigihShop\system\CodeIgniter.php(317): CodeIgniter\CodeIgniter->handleRequest(NULL, Object(Config\Cache), false)
#8 C:\src\Project-Website-UpworkTeam\GigihShop\public\index.php(37): CodeIgniter\CodeIgniter->run()
#9 C:\src\Project-Website-UpworkTeam\GigihShop\system\Commands\Server\rewrite.php(43): require_once('C:\\src\\Project-...')
#10 {main}
CRITICAL - 2021-12-18 13:59:58 --> Cannot use object of type mysqli as array
#0 C:\src\Project-Website-UpworkTeam\GigihShop\app\Views\barang2\index.php(38): include()
#1 C:\src\Project-Website-UpworkTeam\GigihShop\system\View\View.php(214): include('C:\\src\\Project-...')
#2 C:\src\Project-Website-UpworkTeam\GigihShop\system\View\View.php(217): CodeIgniter\View\View->CodeIgniter\View\{closure}()
#3 C:\src\Project-Website-UpworkTeam\GigihShop\system\Common.php(1092): CodeIgniter\View\View->render('barang2/index', Array, true)
#4 C:\src\Project-Website-UpworkTeam\GigihShop\app\Controllers\Barang2.php(32): view('barang2/index', Array)
#5 C:\src\Project-Website-UpworkTeam\GigihShop\system\CodeIgniter.php(802): App\Controllers\Barang2->index()
#6 C:\src\Project-Website-UpworkTeam\GigihShop\system\CodeIgniter.php(399): CodeIgniter\CodeIgniter->runController(Object(App\Controllers\Barang2))
#7 C:\src\Project-Website-UpworkTeam\GigihShop\system\CodeIgniter.php(317): CodeIgniter\CodeIgniter->handleRequest(NULL, Object(Config\Cache), false)
#8 C:\src\Project-Website-UpworkTeam\GigihShop\public\index.php(37): CodeIgniter\CodeIgniter->run()
#9 C:\src\Project-Website-UpworkTeam\GigihShop\system\Commands\Server\rewrite.php(43): require_once('C:\\src\\Project-...')
#10 {main}
CRITICAL - 2021-12-18 14:00:04 --> Cannot use object of type mysqli as array
#0 C:\src\Project-Website-UpworkTeam\GigihShop\app\Views\barang2\index.php(38): include()
#1 C:\src\Project-Website-UpworkTeam\GigihShop\system\View\View.php(214): include('C:\\src\\Project-...')
#2 C:\src\Project-Website-UpworkTeam\GigihShop\system\View\View.php(217): CodeIgniter\View\View->CodeIgniter\View\{closure}()
#3 C:\src\Project-Website-UpworkTeam\GigihShop\system\Common.php(1092): CodeIgniter\View\View->render('barang2/index', Array, true)
#4 C:\src\Project-Website-UpworkTeam\GigihShop\app\Controllers\Barang2.php(31): view('barang2/index', Array)
#5 C:\src\Project-Website-UpworkTeam\GigihShop\system\CodeIgniter.php(802): App\Controllers\Barang2->index()
#6 C:\src\Project-Website-UpworkTeam\GigihShop\system\CodeIgniter.php(399): CodeIgniter\CodeIgniter->runController(Object(App\Controllers\Barang2))
#7 C:\src\Project-Website-UpworkTeam\GigihShop\system\CodeIgniter.php(317): CodeIgniter\CodeIgniter->handleRequest(NULL, Object(Config\Cache), false)
#8 C:\src\Project-Website-UpworkTeam\GigihShop\public\index.php(37): CodeIgniter\CodeIgniter->run()
#9 C:\src\Project-Website-UpworkTeam\GigihShop\system\Commands\Server\rewrite.php(43): require_once('C:\\src\\Project-...')
#10 {main}
CRITICAL - 2021-12-18 14:00:06 --> Cannot use object of type mysqli as array
#0 C:\src\Project-Website-UpworkTeam\GigihShop\app\Views\barang2\index.php(38): include()
#1 C:\src\Project-Website-UpworkTeam\GigihShop\system\View\View.php(214): include('C:\\src\\Project-...')
#2 C:\src\Project-Website-UpworkTeam\GigihShop\system\View\View.php(217): CodeIgniter\View\View->CodeIgniter\View\{closure}()
#3 C:\src\Project-Website-UpworkTeam\GigihShop\system\Common.php(1092): CodeIgniter\View\View->render('barang2/index', Array, true)
#4 C:\src\Project-Website-UpworkTeam\GigihShop\app\Controllers\Barang2.php(31): view('barang2/index', Array)
#5 C:\src\Project-Website-UpworkTeam\GigihShop\system\CodeIgniter.php(802): App\Controllers\Barang2->index()
#6 C:\src\Project-Website-UpworkTeam\GigihShop\system\CodeIgniter.php(399): CodeIgniter\CodeIgniter->runController(Object(App\Controllers\Barang2))
#7 C:\src\Project-Website-UpworkTeam\GigihShop\system\CodeIgniter.php(317): CodeIgniter\CodeIgniter->handleRequest(NULL, Object(Config\Cache), false)
#8 C:\src\Project-Website-UpworkTeam\GigihShop\public\index.php(37): CodeIgniter\CodeIgniter->run()
#9 C:\src\Project-Website-UpworkTeam\GigihShop\system\Commands\Server\rewrite.php(43): require_once('C:\\src\\Project-...')
#10 {main}
CRITICAL - 2021-12-18 14:00:18 --> Cannot use object of type mysqli as array
#0 C:\src\Project-Website-UpworkTeam\GigihShop\app\Views\barang2\index.php(38): include()
#1 C:\src\Project-Website-UpworkTeam\GigihShop\system\View\View.php(214): include('C:\\src\\Project-...')
#2 C:\src\Project-Website-UpworkTeam\GigihShop\system\View\View.php(217): CodeIgniter\View\View->CodeIgniter\View\{closure}()
#3 C:\src\Project-Website-UpworkTeam\GigihShop\system\Common.php(1092): CodeIgniter\View\View->render('barang2/index', Array, true)
#4 C:\src\Project-Website-UpworkTeam\GigihShop\app\Controllers\Barang2.php(31): view('barang2/index', Array)
#5 C:\src\Project-Website-UpworkTeam\GigihShop\system\CodeIgniter.php(802): App\Controllers\Barang2->index()
#6 C:\src\Project-Website-UpworkTeam\GigihShop\system\CodeIgniter.php(399): CodeIgniter\CodeIgniter->runController(Object(App\Controllers\Barang2))
#7 C:\src\Project-Website-UpworkTeam\GigihShop\system\CodeIgniter.php(317): CodeIgniter\CodeIgniter->handleRequest(NULL, Object(Config\Cache), false)
#8 C:\src\Project-Website-UpworkTeam\GigihShop\public\index.php(37): CodeIgniter\CodeIgniter->run()
#9 C:\src\Project-Website-UpworkTeam\GigihShop\system\Commands\Server\rewrite.php(43): require_once('C:\\src\\Project-...')
#10 {main}
CRITICAL - 2021-12-18 14:00:30 --> Cannot use object of type mysqli as array
#0 C:\src\Project-Website-UpworkTeam\GigihShop\app\Views\barang2\index.php(38): include()
#1 C:\src\Project-Website-UpworkTeam\GigihShop\system\View\View.php(214): include('C:\\src\\Project-...')
#2 C:\src\Project-Website-UpworkTeam\GigihShop\system\View\View.php(217): CodeIgniter\View\View->CodeIgniter\View\{closure}()
#3 C:\src\Project-Website-UpworkTeam\GigihShop\system\Common.php(1092): CodeIgniter\View\View->render('barang2/index', Array, true)
#4 C:\src\Project-Website-UpworkTeam\GigihShop\app\Controllers\Barang2.php(33): view('barang2/index', Array)
#5 C:\src\Project-Website-UpworkTeam\GigihShop\system\CodeIgniter.php(802): App\Controllers\Barang2->index()
#6 C:\src\Project-Website-UpworkTeam\GigihShop\system\CodeIgniter.php(399): CodeIgniter\CodeIgniter->runController(Object(App\Controllers\Barang2))
#7 C:\src\Project-Website-UpworkTeam\GigihShop\system\CodeIgniter.php(317): CodeIgniter\CodeIgniter->handleRequest(NULL, Object(Config\Cache), false)
#8 C:\src\Project-Website-UpworkTeam\GigihShop\public\index.php(37): CodeIgniter\CodeIgniter->run()
#9 C:\src\Project-Website-UpworkTeam\GigihShop\system\Commands\Server\rewrite.php(43): require_once('C:\\src\\Project-...')
#10 {main}
CRITICAL - 2021-12-18 14:00:44 --> Cannot use object of type mysqli as array
#0 C:\src\Project-Website-UpworkTeam\GigihShop\app\Views\barang2\index.php(38): include()
#1 C:\src\Project-Website-UpworkTeam\GigihShop\system\View\View.php(214): include('C:\\src\\Project-...')
#2 C:\src\Project-Website-UpworkTeam\GigihShop\system\View\View.php(217): CodeIgniter\View\View->CodeIgniter\View\{closure}()
#3 C:\src\Project-Website-UpworkTeam\GigihShop\system\Common.php(1092): CodeIgniter\View\View->render('barang2/index', Array, true)
#4 C:\src\Project-Website-UpworkTeam\GigihShop\app\Controllers\Barang2.php(33): view('barang2/index', Array)
#5 C:\src\Project-Website-UpworkTeam\GigihShop\system\CodeIgniter.php(802): App\Controllers\Barang2->index()
#6 C:\src\Project-Website-UpworkTeam\GigihShop\system\CodeIgniter.php(399): CodeIgniter\CodeIgniter->runController(Object(App\Controllers\Barang2))
#7 C:\src\Project-Website-UpworkTeam\GigihShop\system\CodeIgniter.php(317): CodeIgniter\CodeIgniter->handleRequest(NULL, Object(Config\Cache), false)
#8 C:\src\Project-Website-UpworkTeam\GigihShop\public\index.php(37): CodeIgniter\CodeIgniter->run()
#9 C:\src\Project-Website-UpworkTeam\GigihShop\system\Commands\Server\rewrite.php(43): require_once('C:\\src\\Project-...')
#10 {main}
CRITICAL - 2021-12-18 14:07:17 --> Invalid argument supplied for foreach()
#0 C:\src\Project-Website-UpworkTeam\GigihShop\app\Views\kategori\index.php(2): CodeIgniter\Debug\Exceptions->errorHandler(2, 'Invalid argumen...', 'C:\\src\\Project-...', 2, Array)
#1 C:\src\Project-Website-UpworkTeam\GigihShop\system\View\View.php(214): include('C:\\src\\Project-...')
#2 C:\src\Project-Website-UpworkTeam\GigihShop\system\View\View.php(217): CodeIgniter\View\View->CodeIgniter\View\{closure}()
#3 C:\src\Project-Website-UpworkTeam\GigihShop\system\View\View.php(432): CodeIgniter\View\View->render('kategori/index', NULL, true)
#4 C:\src\Project-Website-UpworkTeam\GigihShop\app\Views\barang2\index.php(38): CodeIgniter\View\View->include('kategori/index')
#5 C:\src\Project-Website-UpworkTeam\GigihShop\system\View\View.php(214): include('C:\\src\\Project-...')
#6 C:\src\Project-Website-UpworkTeam\GigihShop\system\View\View.php(217): CodeIgniter\View\View->CodeIgniter\View\{closure}()
#7 C:\src\Project-Website-UpworkTeam\GigihShop\system\Common.php(1092): CodeIgniter\View\View->render('barang2/index', Array, true)
#8 C:\src\Project-Website-UpworkTeam\GigihShop\app\Controllers\Barang2.php(23): view('barang2/index', Array)
#9 C:\src\Project-Website-UpworkTeam\GigihShop\system\CodeIgniter.php(802): App\Controllers\Barang2->index()
#10 C:\src\Project-Website-UpworkTeam\GigihShop\system\CodeIgniter.php(399): CodeIgniter\CodeIgniter->runController(Object(App\Controllers\Barang2))
#11 C:\src\Project-Website-UpworkTeam\GigihShop\system\CodeIgniter.php(317): CodeIgniter\CodeIgniter->handleRequest(NULL, Object(Config\Cache), false)
#12 C:\src\Project-Website-UpworkTeam\GigihShop\public\index.php(37): CodeIgniter\CodeIgniter->run()
#13 C:\src\Project-Website-UpworkTeam\GigihShop\system\Commands\Server\rewrite.php(43): require_once('C:\\src\\Project-...')
#14 {main}
CRITICAL - 2021-12-18 14:07:35 --> Invalid argument supplied for foreach()
#0 C:\src\Project-Website-UpworkTeam\GigihShop\app\Views\kategori\index.php(2): CodeIgniter\Debug\Exceptions->errorHandler(2, 'Invalid argumen...', 'C:\\src\\Project-...', 2, Array)
#1 C:\src\Project-Website-UpworkTeam\GigihShop\system\View\View.php(214): include('C:\\src\\Project-...')
#2 C:\src\Project-Website-UpworkTeam\GigihShop\system\View\View.php(217): CodeIgniter\View\View->CodeIgniter\View\{closure}()
#3 C:\src\Project-Website-UpworkTeam\GigihShop\system\View\View.php(432): CodeIgniter\View\View->render('kategori/index', NULL, true)
#4 C:\src\Project-Website-UpworkTeam\GigihShop\app\Views\barang2\index.php(38): CodeIgniter\View\View->include('kategori/index')
#5 C:\src\Project-Website-UpworkTeam\GigihShop\system\View\View.php(214): include('C:\\src\\Project-...')
#6 C:\src\Project-Website-UpworkTeam\GigihShop\system\View\View.php(217): CodeIgniter\View\View->CodeIgniter\View\{closure}()
#7 C:\src\Project-Website-UpworkTeam\GigihShop\system\Common.php(1092): CodeIgniter\View\View->render('barang2/index', Array, true)
#8 C:\src\Project-Website-UpworkTeam\GigihShop\app\Controllers\Barang2.php(24): view('barang2/index', Array)
#9 C:\src\Project-Website-UpworkTeam\GigihShop\system\CodeIgniter.php(802): App\Controllers\Barang2->index()
#10 C:\src\Project-Website-UpworkTeam\GigihShop\system\CodeIgniter.php(399): CodeIgniter\CodeIgniter->runController(Object(App\Controllers\Barang2))
#11 C:\src\Project-Website-UpworkTeam\GigihShop\system\CodeIgniter.php(317): CodeIgniter\CodeIgniter->handleRequest(NULL, Object(Config\Cache), false)
#12 C:\src\Project-Website-UpworkTeam\GigihShop\public\index.php(37): CodeIgniter\CodeIgniter->run()
#13 C:\src\Project-Website-UpworkTeam\GigihShop\system\Commands\Server\rewrite.php(43): require_once('C:\\src\\Project-...')
#14 {main}
CRITICAL - 2021-12-18 14:08:23 --> Invalid argument supplied for foreach()
#0 C:\src\Project-Website-UpworkTeam\GigihShop\app\Views\kategori\index.php(2): CodeIgniter\Debug\Exceptions->errorHandler(2, 'Invalid argumen...', 'C:\\src\\Project-...', 2, Array)
#1 C:\src\Project-Website-UpworkTeam\GigihShop\system\View\View.php(214): include('C:\\src\\Project-...')
#2 C:\src\Project-Website-UpworkTeam\GigihShop\system\View\View.php(217): CodeIgniter\View\View->CodeIgniter\View\{closure}()
#3 C:\src\Project-Website-UpworkTeam\GigihShop\system\View\View.php(432): CodeIgniter\View\View->render('kategori/index', NULL, true)
#4 C:\src\Project-Website-UpworkTeam\GigihShop\app\Views\barang2\index.php(38): CodeIgniter\View\View->include('kategori/index')
#5 C:\src\Project-Website-UpworkTeam\GigihShop\system\View\View.php(214): include('C:\\src\\Project-...')
#6 C:\src\Project-Website-UpworkTeam\GigihShop\system\View\View.php(217): CodeIgniter\View\View->CodeIgniter\View\{closure}()
#7 C:\src\Project-Website-UpworkTeam\GigihShop\system\Common.php(1092): CodeIgniter\View\View->render('barang2/index', Array, true)
#8 C:\src\Project-Website-UpworkTeam\GigihShop\app\Controllers\Barang2.php(24): view('barang2/index', Array)
#9 C:\src\Project-Website-UpworkTeam\GigihShop\system\CodeIgniter.php(802): App\Controllers\Barang2->index()
#10 C:\src\Project-Website-UpworkTeam\GigihShop\system\CodeIgniter.php(399): CodeIgniter\CodeIgniter->runController(Object(App\Controllers\Barang2))
#11 C:\src\Project-Website-UpworkTeam\GigihShop\system\CodeIgniter.php(317): CodeIgniter\CodeIgniter->handleRequest(NULL, Object(Config\Cache), false)
#12 C:\src\Project-Website-UpworkTeam\GigihShop\public\index.php(37): CodeIgniter\CodeIgniter->run()
#13 C:\src\Project-Website-UpworkTeam\GigihShop\system\Commands\Server\rewrite.php(43): require_once('C:\\src\\Project-...')
#14 {main}
CRITICAL - 2021-12-18 14:08:37 --> Invalid argument supplied for foreach()
#0 C:\src\Project-Website-UpworkTeam\GigihShop\app\Views\kategori\index.php(2): CodeIgniter\Debug\Exceptions->errorHandler(2, 'Invalid argumen...', 'C:\\src\\Project-...', 2, Array)
#1 C:\src\Project-Website-UpworkTeam\GigihShop\system\View\View.php(214): include('C:\\src\\Project-...')
#2 C:\src\Project-Website-UpworkTeam\GigihShop\system\View\View.php(217): CodeIgniter\View\View->CodeIgniter\View\{closure}()
#3 C:\src\Project-Website-UpworkTeam\GigihShop\system\View\View.php(432): CodeIgniter\View\View->render('kategori/index', NULL, true)
#4 C:\src\Project-Website-UpworkTeam\GigihShop\app\Views\barang2\index.php(38): CodeIgniter\View\View->include('kategori/index')
#5 C:\src\Project-Website-UpworkTeam\GigihShop\system\View\View.php(214): include('C:\\src\\Project-...')
#6 C:\src\Project-Website-UpworkTeam\GigihShop\system\View\View.php(217): CodeIgniter\View\View->CodeIgniter\View\{closure}()
#7 C:\src\Project-Website-UpworkTeam\GigihShop\system\Common.php(1092): CodeIgniter\View\View->render('barang2/index', Array, true)
#8 C:\src\Project-Website-UpworkTeam\GigihShop\app\Controllers\Barang2.php(24): view('barang2/index', Array)
#9 C:\src\Project-Website-UpworkTeam\GigihShop\system\CodeIgniter.php(802): App\Controllers\Barang2->index()
#10 C:\src\Project-Website-UpworkTeam\GigihShop\system\CodeIgniter.php(399): CodeIgniter\CodeIgniter->runController(Object(App\Controllers\Barang2))
#11 C:\src\Project-Website-UpworkTeam\GigihShop\system\CodeIgniter.php(317): CodeIgniter\CodeIgniter->handleRequest(NULL, Object(Config\Cache), false)
#12 C:\src\Project-Website-UpworkTeam\GigihShop\public\index.php(37): CodeIgniter\CodeIgniter->run()
#13 C:\src\Project-Website-UpworkTeam\GigihShop\system\Commands\Server\rewrite.php(43): require_once('C:\\src\\Project-...')
#14 {main}
CRITICAL - 2021-12-18 14:09:07 --> Invalid argument supplied for foreach()
#0 C:\src\Project-Website-UpworkTeam\GigihShop\app\Views\kategori\index.php(2): CodeIgniter\Debug\Exceptions->errorHandler(2, 'Invalid argumen...', 'C:\\src\\Project-...', 2, Array)
#1 C:\src\Project-Website-UpworkTeam\GigihShop\system\View\View.php(214): include('C:\\src\\Project-...')
#2 C:\src\Project-Website-UpworkTeam\GigihShop\system\View\View.php(217): CodeIgniter\View\View->CodeIgniter\View\{closure}()
#3 C:\src\Project-Website-UpworkTeam\GigihShop\system\View\View.php(432): CodeIgniter\View\View->render('kategori/index', NULL, true)
#4 C:\src\Project-Website-UpworkTeam\GigihShop\app\Views\barang2\index.php(38): CodeIgniter\View\View->include('kategori/index')
#5 C:\src\Project-Website-UpworkTeam\GigihShop\system\View\View.php(214): include('C:\\src\\Project-...')
#6 C:\src\Project-Website-UpworkTeam\GigihShop\system\View\View.php(217): CodeIgniter\View\View->CodeIgniter\View\{closure}()
#7 C:\src\Project-Website-UpworkTeam\GigihShop\system\Common.php(1092): CodeIgniter\View\View->render('barang2/index', Array, true)
#8 C:\src\Project-Website-UpworkTeam\GigihShop\app\Controllers\Barang2.php(24): view('barang2/index')
#9 C:\src\Project-Website-UpworkTeam\GigihShop\system\CodeIgniter.php(802): App\Controllers\Barang2->index()
#10 C:\src\Project-Website-UpworkTeam\GigihShop\system\CodeIgniter.php(399): CodeIgniter\CodeIgniter->runController(Object(App\Controllers\Barang2))
#11 C:\src\Project-Website-UpworkTeam\GigihShop\system\CodeIgniter.php(317): CodeIgniter\CodeIgniter->handleRequest(NULL, Object(Config\Cache), false)
#12 C:\src\Project-Website-UpworkTeam\GigihShop\public\index.php(37): CodeIgniter\CodeIgniter->run()
#13 C:\src\Project-Website-UpworkTeam\GigihShop\system\Commands\Server\rewrite.php(43): require_once('C:\\src\\Project-...')
#14 {main}
CRITICAL - 2021-12-18 14:09:48 --> Invalid argument supplied for foreach()
#0 C:\src\Project-Website-UpworkTeam\GigihShop\app\Views\kategori\index.php(2): CodeIgniter\Debug\Exceptions->errorHandler(2, 'Invalid argumen...', 'C:\\src\\Project-...', 2, Array)
#1 C:\src\Project-Website-UpworkTeam\GigihShop\system\View\View.php(214): include('C:\\src\\Project-...')
#2 C:\src\Project-Website-UpworkTeam\GigihShop\system\View\View.php(217): CodeIgniter\View\View->CodeIgniter\View\{closure}()
#3 C:\src\Project-Website-UpworkTeam\GigihShop\system\View\View.php(432): CodeIgniter\View\View->render('kategori/index', NULL, true)
#4 C:\src\Project-Website-UpworkTeam\GigihShop\app\Views\barang2\index.php(38): CodeIgniter\View\View->include('kategori/index')
#5 C:\src\Project-Website-UpworkTeam\GigihShop\system\View\View.php(214): include('C:\\src\\Project-...')
#6 C:\src\Project-Website-UpworkTeam\GigihShop\system\View\View.php(217): CodeIgniter\View\View->CodeIgniter\View\{closure}()
#7 C:\src\Project-Website-UpworkTeam\GigihShop\system\Common.php(1092): CodeIgniter\View\View->render('barang2/index', Array, true)
#8 C:\src\Project-Website-UpworkTeam\GigihShop\app\Controllers\Barang2.php(24): view('barang2/index')
#9 C:\src\Project-Website-UpworkTeam\GigihShop\system\CodeIgniter.php(802): App\Controllers\Barang2->index()
#10 C:\src\Project-Website-UpworkTeam\GigihShop\system\CodeIgniter.php(399): CodeIgniter\CodeIgniter->runController(Object(App\Controllers\Barang2))
#11 C:\src\Project-Website-UpworkTeam\GigihShop\system\CodeIgniter.php(317): CodeIgniter\CodeIgniter->handleRequest(NULL, Object(Config\Cache), false)
#12 C:\src\Project-Website-UpworkTeam\GigihShop\public\index.php(37): CodeIgniter\CodeIgniter->run()
#13 C:\src\Project-Website-UpworkTeam\GigihShop\system\Commands\Server\rewrite.php(43): require_once('C:\\src\\Project-...')
#14 {main}
CRITICAL - 2021-12-18 14:09:51 --> Invalid argument supplied for foreach()
#0 C:\src\Project-Website-UpworkTeam\GigihShop\app\Views\kategori\index.php(2): CodeIgniter\Debug\Exceptions->errorHandler(2, 'Invalid argumen...', 'C:\\src\\Project-...', 2, Array)
#1 C:\src\Project-Website-UpworkTeam\GigihShop\system\View\View.php(214): include('C:\\src\\Project-...')
#2 C:\src\Project-Website-UpworkTeam\GigihShop\system\View\View.php(217): CodeIgniter\View\View->CodeIgniter\View\{closure}()
#3 C:\src\Project-Website-UpworkTeam\GigihShop\system\View\View.php(432): CodeIgniter\View\View->render('kategori/index', NULL, true)
#4 C:\src\Project-Website-UpworkTeam\GigihShop\app\Views\barang2\index.php(38): CodeIgniter\View\View->include('kategori/index')
#5 C:\src\Project-Website-UpworkTeam\GigihShop\system\View\View.php(214): include('C:\\src\\Project-...')
#6 C:\src\Project-Website-UpworkTeam\GigihShop\system\View\View.php(217): CodeIgniter\View\View->CodeIgniter\View\{closure}()
#7 C:\src\Project-Website-UpworkTeam\GigihShop\system\Common.php(1092): CodeIgniter\View\View->render('barang2/index', Array, true)
#8 C:\src\Project-Website-UpworkTeam\GigihShop\app\Controllers\Barang2.php(24): view('barang2/index')
#9 C:\src\Project-Website-UpworkTeam\GigihShop\system\CodeIgniter.php(802): App\Controllers\Barang2->index()
#10 C:\src\Project-Website-UpworkTeam\GigihShop\system\CodeIgniter.php(399): CodeIgniter\CodeIgniter->runController(Object(App\Controllers\Barang2))
#11 C:\src\Project-Website-UpworkTeam\GigihShop\system\CodeIgniter.php(317): CodeIgniter\CodeIgniter->handleRequest(NULL, Object(Config\Cache), false)
#12 C:\src\Project-Website-UpworkTeam\GigihShop\public\index.php(37): CodeIgniter\CodeIgniter->run()
#13 C:\src\Project-Website-UpworkTeam\GigihShop\system\Commands\Server\rewrite.php(43): require_once('C:\\src\\Project-...')
#14 {main}
CRITICAL - 2021-12-18 14:09:55 --> Invalid argument supplied for foreach()
#0 C:\src\Project-Website-UpworkTeam\GigihShop\app\Views\kategori\index.php(2): CodeIgniter\Debug\Exceptions->errorHandler(2, 'Invalid argumen...', 'C:\\src\\Project-...', 2, Array)
#1 C:\src\Project-Website-UpworkTeam\GigihShop\system\View\View.php(214): include('C:\\src\\Project-...')
#2 C:\src\Project-Website-UpworkTeam\GigihShop\system\View\View.php(217): CodeIgniter\View\View->CodeIgniter\View\{closure}()
#3 C:\src\Project-Website-UpworkTeam\GigihShop\system\View\View.php(432): CodeIgniter\View\View->render('kategori/index', NULL, true)
#4 C:\src\Project-Website-UpworkTeam\GigihShop\app\Views\barang2\index.php(38): CodeIgniter\View\View->include('kategori/index')
#5 C:\src\Project-Website-UpworkTeam\GigihShop\system\View\View.php(214): include('C:\\src\\Project-...')
#6 C:\src\Project-Website-UpworkTeam\GigihShop\system\View\View.php(217): CodeIgniter\View\View->CodeIgniter\View\{closure}()
#7 C:\src\Project-Website-UpworkTeam\GigihShop\system\Common.php(1092): CodeIgniter\View\View->render('barang2/index', Array, true)
#8 C:\src\Project-Website-UpworkTeam\GigihShop\app\Controllers\Barang2.php(24): view('barang2/index')
#9 C:\src\Project-Website-UpworkTeam\GigihShop\system\CodeIgniter.php(802): App\Controllers\Barang2->index()
#10 C:\src\Project-Website-UpworkTeam\GigihShop\system\CodeIgniter.php(399): CodeIgniter\CodeIgniter->runController(Object(App\Controllers\Barang2))
#11 C:\src\Project-Website-UpworkTeam\GigihShop\system\CodeIgniter.php(317): CodeIgniter\CodeIgniter->handleRequest(NULL, Object(Config\Cache), false)
#12 C:\src\Project-Website-UpworkTeam\GigihShop\public\index.php(37): CodeIgniter\CodeIgniter->run()
#13 C:\src\Project-Website-UpworkTeam\GigihShop\system\Commands\Server\rewrite.php(43): require_once('C:\\src\\Project-...')
#14 {main}
CRITICAL - 2021-12-18 14:11:38 --> Invalid argument supplied for foreach()
#0 C:\src\Project-Website-UpworkTeam\GigihShop\app\Views\kategori\index.php(2): CodeIgniter\Debug\Exceptions->errorHandler(2, 'Invalid argumen...', 'C:\\src\\Project-...', 2, Array)
#1 C:\src\Project-Website-UpworkTeam\GigihShop\system\View\View.php(214): include('C:\\src\\Project-...')
#2 C:\src\Project-Website-UpworkTeam\GigihShop\system\View\View.php(217): CodeIgniter\View\View->CodeIgniter\View\{closure}()
#3 C:\src\Project-Website-UpworkTeam\GigihShop\system\View\View.php(432): CodeIgniter\View\View->render('kategori/index', NULL, true)
#4 C:\src\Project-Website-UpworkTeam\GigihShop\app\Views\barang2\index.php(38): CodeIgniter\View\View->include('kategori/index')
#5 C:\src\Project-Website-UpworkTeam\GigihShop\system\View\View.php(214): include('C:\\src\\Project-...')
#6 C:\src\Project-Website-UpworkTeam\GigihShop\system\View\View.php(217): CodeIgniter\View\View->CodeIgniter\View\{closure}()
#7 C:\src\Project-Website-UpworkTeam\GigihShop\system\Common.php(1092): CodeIgniter\View\View->render('barang2/index', Array, true)
#8 C:\src\Project-Website-UpworkTeam\GigihShop\app\Controllers\Barang2.php(24): view('barang2/index')
#9 C:\src\Project-Website-UpworkTeam\GigihShop\system\CodeIgniter.php(802): App\Controllers\Barang2->index()
#10 C:\src\Project-Website-UpworkTeam\GigihShop\system\CodeIgniter.php(399): CodeIgniter\CodeIgniter->runController(Object(App\Controllers\Barang2))
#11 C:\src\Project-Website-UpworkTeam\GigihShop\system\CodeIgniter.php(317): CodeIgniter\CodeIgniter->handleRequest(NULL, Object(Config\Cache), false)
#12 C:\src\Project-Website-UpworkTeam\GigihShop\public\index.php(37): CodeIgniter\CodeIgniter->run()
#13 C:\src\Project-Website-UpworkTeam\GigihShop\system\Commands\Server\rewrite.php(43): require_once('C:\\src\\Project-...')
#14 {main}
ERROR - 2021-12-18 15:04:15 --> Column 'kategori_id' in where clause is ambiguous
CRITICAL - 2021-12-18 15:04:15 --> Call to a member function getFirstRow() on bool
#0 C:\src\Project-Website-UpworkTeam\GigihShop\system\BaseModel.php(622): CodeIgniter\Model->doFirst()
#1 C:\src\Project-Website-UpworkTeam\GigihShop\app\Models\BarangModel.php(19): CodeIgniter\BaseModel->first()
#2 C:\src\Project-Website-UpworkTeam\GigihShop\app\Controllers\Barang2.php(18): App\Models\BarangModel->byKategoriId('1234')
#3 C:\src\Project-Website-UpworkTeam\GigihShop\system\CodeIgniter.php(802): App\Controllers\Barang2->index()
#4 C:\src\Project-Website-UpworkTeam\GigihShop\system\CodeIgniter.php(399): CodeIgniter\CodeIgniter->runController(Object(App\Controllers\Barang2))
#5 C:\src\Project-Website-UpworkTeam\GigihShop\system\CodeIgniter.php(317): CodeIgniter\CodeIgniter->handleRequest(NULL, Object(Config\Cache), false)
#6 C:\src\Project-Website-UpworkTeam\GigihShop\public\index.php(37): CodeIgniter\CodeIgniter->run()
#7 C:\src\Project-Website-UpworkTeam\GigihShop\system\Commands\Server\rewrite.php(43): require_once('C:\\src\\Project-...')
#8 {main}
ERROR - 2021-12-18 15:05:56 --> Column 'kategori_id' in where clause is ambiguous
CRITICAL - 2021-12-18 15:05:56 --> Call to a member function getFirstRow() on bool
#0 C:\src\Project-Website-UpworkTeam\GigihShop\system\BaseModel.php(622): CodeIgniter\Model->doFirst()
#1 C:\src\Project-Website-UpworkTeam\GigihShop\app\Models\BarangModel.php(19): CodeIgniter\BaseModel->first()
#2 C:\src\Project-Website-UpworkTeam\GigihShop\app\Controllers\Barang2.php(18): App\Models\BarangModel->byKategoriId('1234')
#3 C:\src\Project-Website-UpworkTeam\GigihShop\system\CodeIgniter.php(802): App\Controllers\Barang2->index()
#4 C:\src\Project-Website-UpworkTeam\GigihShop\system\CodeIgniter.php(399): CodeIgniter\CodeIgniter->runController(Object(App\Controllers\Barang2))
#5 C:\src\Project-Website-UpworkTeam\GigihShop\system\CodeIgniter.php(317): CodeIgniter\CodeIgniter->handleRequest(NULL, Object(Config\Cache), false)
#6 C:\src\Project-Website-UpworkTeam\GigihShop\public\index.php(37): CodeIgniter\CodeIgniter->run()
#7 C:\src\Project-Website-UpworkTeam\GigihShop\system\Commands\Server\rewrite.php(43): require_once('C:\\src\\Project-...')
#8 {main}
ERROR - 2021-12-18 15:05:59 --> Column 'kategori_id' in where clause is ambiguous
CRITICAL - 2021-12-18 15:05:59 --> Call to a member function getFirstRow() on bool
#0 C:\src\Project-Website-UpworkTeam\GigihShop\system\BaseModel.php(622): CodeIgniter\Model->doFirst()
#1 C:\src\Project-Website-UpworkTeam\GigihShop\app\Models\BarangModel.php(19): CodeIgniter\BaseModel->first()
#2 C:\src\Project-Website-UpworkTeam\GigihShop\app\Controllers\Barang2.php(18): App\Models\BarangModel->byKategoriId('1234')
#3 C:\src\Project-Website-UpworkTeam\GigihShop\system\CodeIgniter.php(802): App\Controllers\Barang2->index()
#4 C:\src\Project-Website-UpworkTeam\GigihShop\system\CodeIgniter.php(399): CodeIgniter\CodeIgniter->runController(Object(App\Controllers\Barang2))
#5 C:\src\Project-Website-UpworkTeam\GigihShop\system\CodeIgniter.php(317): CodeIgniter\CodeIgniter->handleRequest(NULL, Object(Config\Cache), false)
#6 C:\src\Project-Website-UpworkTeam\GigihShop\public\index.php(37): CodeIgniter\CodeIgniter->run()
#7 C:\src\Project-Website-UpworkTeam\GigihShop\system\Commands\Server\rewrite.php(43): require_once('C:\\src\\Project-...')
#8 {main}
ERROR - 2021-12-18 15:06:53 --> Column 'kategori_id' in where clause is ambiguous
CRITICAL - 2021-12-18 15:06:53 --> Call to a member function getResult() on bool
#0 C:\src\Project-Website-UpworkTeam\GigihShop\system\BaseModel.php(584): CodeIgniter\Model->doFindAll(0, 0)
#1 C:\src\Project-Website-UpworkTeam\GigihShop\app\Models\BarangModel.php(19): CodeIgniter\BaseModel->findAll()
#2 C:\src\Project-Website-UpworkTeam\GigihShop\app\Controllers\Barang2.php(18): App\Models\BarangModel->byKategoriId('1234')
#3 C:\src\Project-Website-UpworkTeam\GigihShop\system\CodeIgniter.php(802): App\Controllers\Barang2->index()
#4 C:\src\Project-Website-UpworkTeam\GigihShop\system\CodeIgniter.php(399): CodeIgniter\CodeIgniter->runController(Object(App\Controllers\Barang2))
#5 C:\src\Project-Website-UpworkTeam\GigihShop\system\CodeIgniter.php(317): CodeIgniter\CodeIgniter->handleRequest(NULL, Object(Config\Cache), false)
#6 C:\src\Project-Website-UpworkTeam\GigihShop\public\index.php(37): CodeIgniter\CodeIgniter->run()
#7 C:\src\Project-Website-UpworkTeam\GigihShop\system\Commands\Server\rewrite.php(43): require_once('C:\\src\\Project-...')
#8 {main}
ERROR - 2021-12-18 15:07:14 --> Column 'kategori_id' in where clause is ambiguous
CRITICAL - 2021-12-18 15:07:14 --> Call to a member function getFirstRow() on bool
#0 C:\src\Project-Website-UpworkTeam\GigihShop\system\BaseModel.php(622): CodeIgniter\Model->doFirst()
#1 C:\src\Project-Website-UpworkTeam\GigihShop\app\Models\BarangModel.php(19): CodeIgniter\BaseModel->first()
#2 C:\src\Project-Website-UpworkTeam\GigihShop\app\Controllers\Barang2.php(18): App\Models\BarangModel->byKategoriId('1234')
#3 C:\src\Project-Website-UpworkTeam\GigihShop\system\CodeIgniter.php(802): App\Controllers\Barang2->index()
#4 C:\src\Project-Website-UpworkTeam\GigihShop\system\CodeIgniter.php(399): CodeIgniter\CodeIgniter->runController(Object(App\Controllers\Barang2))
#5 C:\src\Project-Website-UpworkTeam\GigihShop\system\CodeIgniter.php(317): CodeIgniter\CodeIgniter->handleRequest(NULL, Object(Config\Cache), false)
#6 C:\src\Project-Website-UpworkTeam\GigihShop\public\index.php(37): CodeIgniter\CodeIgniter->run()
#7 C:\src\Project-Website-UpworkTeam\GigihShop\system\Commands\Server\rewrite.php(43): require_once('C:\\src\\Project-...')
#8 {main}
CRITICAL - 2021-12-18 15:38:58 --> Invalid file: kategori/aktegori2.php
#0 C:\src\Project-Website-UpworkTeam\GigihShop\system\View\View.php(198): CodeIgniter\Exceptions\FrameworkException::forInvalidFile('kategori/aktego...')
#1 C:\src\Project-Website-UpworkTeam\GigihShop\system\View\View.php(432): CodeIgniter\View\View->render('kategori/aktego...', NULL, true)
#2 C:\src\Project-Website-UpworkTeam\GigihShop\app\Views\barang2\index.php(39): CodeIgniter\View\View->include('kategori/aktego...')
#3 C:\src\Project-Website-UpworkTeam\GigihShop\system\View\View.php(214): include('C:\\src\\Project-...')
#4 C:\src\Project-Website-UpworkTeam\GigihShop\system\View\View.php(217): CodeIgniter\View\View->CodeIgniter\View\{closure}()
#5 C:\src\Project-Website-UpworkTeam\GigihShop\system\Common.php(1092): CodeIgniter\View\View->render('barang2/index', Array, true)
#6 C:\src\Project-Website-UpworkTeam\GigihShop\app\Controllers\Barang2.php(27): view('barang2/index', Array)
#7 C:\src\Project-Website-UpworkTeam\GigihShop\system\CodeIgniter.php(802): App\Controllers\Barang2->index()
#8 C:\src\Project-Website-UpworkTeam\GigihShop\system\CodeIgniter.php(399): CodeIgniter\CodeIgniter->runController(Object(App\Controllers\Barang2))
#9 C:\src\Project-Website-UpworkTeam\GigihShop\system\CodeIgniter.php(317): CodeIgniter\CodeIgniter->handleRequest(NULL, Object(Config\Cache), false)
#10 C:\src\Project-Website-UpworkTeam\GigihShop\public\index.php(37): CodeIgniter\CodeIgniter->run()
#11 C:\src\Project-Website-UpworkTeam\GigihShop\system\Commands\Server\rewrite.php(43): require_once('C:\\src\\Project-...')
#12 {main}
CRITICAL - 2021-12-18 15:39:09 --> Invalid file: kategori/index.php
#0 C:\src\Project-Website-UpworkTeam\GigihShop\system\View\View.php(198): CodeIgniter\Exceptions\FrameworkException::forInvalidFile('kategori/index....')
#1 C:\src\Project-Website-UpworkTeam\GigihShop\system\View\View.php(432): CodeIgniter\View\View->render('kategori/index', NULL, true)
#2 C:\src\Project-Website-UpworkTeam\GigihShop\app\Views\barang2\index.php(40): CodeIgniter\View\View->include('kategori/index')
#3 C:\src\Project-Website-UpworkTeam\GigihShop\system\View\View.php(214): include('C:\\src\\Project-...')
#4 C:\src\Project-Website-UpworkTeam\GigihShop\system\View\View.php(217): CodeIgniter\View\View->CodeIgniter\View\{closure}()
#5 C:\src\Project-Website-UpworkTeam\GigihShop\system\Common.php(1092): CodeIgniter\View\View->render('barang2/index', Array, true)
#6 C:\src\Project-Website-UpworkTeam\GigihShop\app\Controllers\Barang2.php(27): view('barang2/index', Array)
#7 C:\src\Project-Website-UpworkTeam\GigihShop\system\CodeIgniter.php(802): App\Controllers\Barang2->index()
#8 C:\src\Project-Website-UpworkTeam\GigihShop\system\CodeIgniter.php(399): CodeIgniter\CodeIgniter->runController(Object(App\Controllers\Barang2))
#9 C:\src\Project-Website-UpworkTeam\GigihShop\system\CodeIgniter.php(317): CodeIgniter\CodeIgniter->handleRequest(NULL, Object(Config\Cache), false)
#10 C:\src\Project-Website-UpworkTeam\GigihShop\public\index.php(37): CodeIgniter\CodeIgniter->run()
#11 C:\src\Project-Website-UpworkTeam\GigihShop\system\Commands\Server\rewrite.php(43): require_once('C:\\src\\Project-...')
#12 {main}
