CRITICAL - 2021-10-20 00:05:23 --> Invalid file: pages/contact.php
#0 C:\src\myCI4app\system\View\View.php(198): CodeIgniter\Exceptions\FrameworkException::forInvalidFile('pages/contact.p...')
#1 C:\src\myCI4app\system\Common.php(1092): CodeIgniter\View\View->render('pages/contact', Array, true)
#2 C:\src\myCI4app\app\Controllers\Pages.php(28): view('pages/contact', Array)
#3 C:\src\myCI4app\system\CodeIgniter.php(802): App\Controllers\Pages->contact()
#4 C:\src\myCI4app\system\CodeIgniter.php(399): CodeIgniter\CodeIgniter->runController(Object(App\Controllers\Pages))
#5 C:\src\myCI4app\system\CodeIgniter.php(317): CodeIgniter\CodeIgniter->handleRequest(NULL, Object(Config\Cache), false)
#6 C:\src\myCI4app\public\index.php(37): CodeIgniter\CodeIgniter->run()
#7 C:\src\myCI4app\system\Commands\Server\rewrite.php(43): require_once('C:\\src\\myCI4app...')
#8 {main}
ERROR - 2021-10-20 06:48:02 --> Error connecting to the database: Access denied for user ''@'localhost' (using password: NO)
CRITICAL - 2021-10-20 06:48:02 --> Unable to connect to the database.
Main connection [MySQLi]: Access denied for user ''@'localhost' (using password: NO)
#0 C:\src\myCI4app\system\Database\BaseConnection.php(570): CodeIgniter\Database\BaseConnection->initialize()
#1 C:\src\myCI4app\app\Controllers\Komik.php(14): CodeIgniter\Database\BaseConnection->query('SELECT * FROM k...')
#2 C:\src\myCI4app\system\CodeIgniter.php(802): App\Controllers\Komik->index()
#3 C:\src\myCI4app\system\CodeIgniter.php(399): CodeIgniter\CodeIgniter->runController(Object(App\Controllers\Komik))
#4 C:\src\myCI4app\system\CodeIgniter.php(317): CodeIgniter\CodeIgniter->handleRequest(NULL, Object(Config\Cache), false)
#5 C:\src\myCI4app\public\index.php(37): CodeIgniter\CodeIgniter->run()
#6 C:\src\myCI4app\system\Commands\Server\rewrite.php(43): require_once('C:\\src\\myCI4app...')
#7 {main}
CRITICAL - 2021-10-20 06:59:55 --> Invalid argument supplied for foreach()
#0 C:\src\myCI4app\app\Views\komik\index.php(19): CodeIgniter\Debug\Exceptions->errorHandler(2, 'Invalid argumen...', 'C:\\src\\myCI4app...', 19, Array)
#1 C:\src\myCI4app\system\View\View.php(214): include('C:\\src\\myCI4app...')
#2 C:\src\myCI4app\system\View\View.php(217): CodeIgniter\View\View->CodeIgniter\View\{closure}()
#3 C:\src\myCI4app\system\Common.php(1092): CodeIgniter\View\View->render('komik/index', Array, true)
#4 C:\src\myCI4app\app\Controllers\Komik.php(37): view('komik/index', Array)
#5 C:\src\myCI4app\system\CodeIgniter.php(802): App\Controllers\Komik->index()
#6 C:\src\myCI4app\system\CodeIgniter.php(399): CodeIgniter\CodeIgniter->runController(Object(App\Controllers\Komik))
#7 C:\src\myCI4app\system\CodeIgniter.php(317): CodeIgniter\CodeIgniter->handleRequest(NULL, Object(Config\Cache), false)
#8 C:\src\myCI4app\public\index.php(37): CodeIgniter\CodeIgniter->run()
#9 C:\src\myCI4app\system\Commands\Server\rewrite.php(43): require_once('C:\\src\\myCI4app...')
#10 {main}
CRITICAL - 2021-10-20 10:28:37 --> Allowed fields must be specified for model: App\Models\KomikModel
#0 C:\src\myCI4app\system\BaseModel.php(1134): CodeIgniter\Database\Exceptions\DataException::forInvalidAllowedFields('App\\Models\\Komi...')
#1 C:\src\myCI4app\system\BaseModel.php(713): CodeIgniter\BaseModel->doProtectFields(Array)
#2 C:\src\myCI4app\system\Model.php(620): CodeIgniter\BaseModel->insert(Array, false)
#3 C:\src\myCI4app\system\BaseModel.php(658): CodeIgniter\Model->insert(Array, false)
#4 C:\src\myCI4app\app\Controllers\Komik.php(73): CodeIgniter\BaseModel->save(Array)
#5 C:\src\myCI4app\system\CodeIgniter.php(802): App\Controllers\Komik->save()
#6 C:\src\myCI4app\system\CodeIgniter.php(399): CodeIgniter\CodeIgniter->runController(Object(App\Controllers\Komik))
#7 C:\src\myCI4app\system\CodeIgniter.php(317): CodeIgniter\CodeIgniter->handleRequest(NULL, Object(Config\Cache), false)
#8 C:\src\myCI4app\public\index.php(37): CodeIgniter\CodeIgniter->run()
#9 C:\src\myCI4app\system\Commands\Server\rewrite.php(43): require_once('C:\\src\\myCI4app...')
#10 {main}
CRITICAL - 2021-10-20 10:29:56 --> Allowed fields must be specified for model: App\Models\KomikModel
#0 C:\src\myCI4app\system\BaseModel.php(1134): CodeIgniter\Database\Exceptions\DataException::forInvalidAllowedFields('App\\Models\\Komi...')
#1 C:\src\myCI4app\system\BaseModel.php(713): CodeIgniter\BaseModel->doProtectFields(Array)
#2 C:\src\myCI4app\system\Model.php(620): CodeIgniter\BaseModel->insert(Array, false)
#3 C:\src\myCI4app\system\BaseModel.php(658): CodeIgniter\Model->insert(Array, false)
#4 C:\src\myCI4app\app\Controllers\Komik.php(73): CodeIgniter\BaseModel->save(Array)
#5 C:\src\myCI4app\system\CodeIgniter.php(802): App\Controllers\Komik->save()
#6 C:\src\myCI4app\system\CodeIgniter.php(399): CodeIgniter\CodeIgniter->runController(Object(App\Controllers\Komik))
#7 C:\src\myCI4app\system\CodeIgniter.php(317): CodeIgniter\CodeIgniter->handleRequest(NULL, Object(Config\Cache), false)
#8 C:\src\myCI4app\public\index.php(37): CodeIgniter\CodeIgniter->run()
#9 C:\src\myCI4app\system\Commands\Server\rewrite.php(43): require_once('C:\\src\\myCI4app...')
#10 {main}
CRITICAL - 2021-10-20 10:31:15 --> Allowed fields must be specified for model: App\Models\KomikModel
#0 C:\src\myCI4app\system\BaseModel.php(1134): CodeIgniter\Database\Exceptions\DataException::forInvalidAllowedFields('App\\Models\\Komi...')
#1 C:\src\myCI4app\system\BaseModel.php(713): CodeIgniter\BaseModel->doProtectFields(Array)
#2 C:\src\myCI4app\system\Model.php(620): CodeIgniter\BaseModel->insert(Array, false)
#3 C:\src\myCI4app\system\BaseModel.php(658): CodeIgniter\Model->insert(Array, false)
#4 C:\src\myCI4app\app\Controllers\Komik.php(73): CodeIgniter\BaseModel->save(Array)
#5 C:\src\myCI4app\system\CodeIgniter.php(802): App\Controllers\Komik->save()
#6 C:\src\myCI4app\system\CodeIgniter.php(399): CodeIgniter\CodeIgniter->runController(Object(App\Controllers\Komik))
#7 C:\src\myCI4app\system\CodeIgniter.php(317): CodeIgniter\CodeIgniter->handleRequest(NULL, Object(Config\Cache), false)
#8 C:\src\myCI4app\public\index.php(37): CodeIgniter\CodeIgniter->run()
#9 C:\src\myCI4app\system\Commands\Server\rewrite.php(43): require_once('C:\\src\\myCI4app...')
#10 {main}
CRITICAL - 2021-10-20 10:31:22 --> Allowed fields must be specified for model: App\Models\KomikModel
#0 C:\src\myCI4app\system\BaseModel.php(1134): CodeIgniter\Database\Exceptions\DataException::forInvalidAllowedFields('App\\Models\\Komi...')
#1 C:\src\myCI4app\system\BaseModel.php(713): CodeIgniter\BaseModel->doProtectFields(Array)
#2 C:\src\myCI4app\system\Model.php(620): CodeIgniter\BaseModel->insert(Array, false)
#3 C:\src\myCI4app\system\BaseModel.php(658): CodeIgniter\Model->insert(Array, false)
#4 C:\src\myCI4app\app\Controllers\Komik.php(73): CodeIgniter\BaseModel->save(Array)
#5 C:\src\myCI4app\system\CodeIgniter.php(802): App\Controllers\Komik->save()
#6 C:\src\myCI4app\system\CodeIgniter.php(399): CodeIgniter\CodeIgniter->runController(Object(App\Controllers\Komik))
#7 C:\src\myCI4app\system\CodeIgniter.php(317): CodeIgniter\CodeIgniter->handleRequest(NULL, Object(Config\Cache), false)
#8 C:\src\myCI4app\public\index.php(37): CodeIgniter\CodeIgniter->run()
#9 C:\src\myCI4app\system\Commands\Server\rewrite.php(43): require_once('C:\\src\\myCI4app...')
#10 {main}
CRITICAL - 2021-10-20 11:09:35 --> Invalid file: komik/.php
#0 C:\src\myCI4app\system\View\View.php(198): CodeIgniter\Exceptions\FrameworkException::forInvalidFile('komik/.php')
#1 C:\src\myCI4app\system\Common.php(1092): CodeIgniter\View\View->render('komik/', Array, true)
#2 C:\src\myCI4app\app\Controllers\Komik.php(37): view('komik/', Array)
#3 C:\src\myCI4app\system\CodeIgniter.php(802): App\Controllers\Komik->index()
#4 C:\src\myCI4app\system\CodeIgniter.php(399): CodeIgniter\CodeIgniter->runController(Object(App\Controllers\Komik))
#5 C:\src\myCI4app\system\CodeIgniter.php(317): CodeIgniter\CodeIgniter->handleRequest(NULL, Object(Config\Cache), false)
#6 C:\src\myCI4app\public\index.php(37): CodeIgniter\CodeIgniter->run()
#7 C:\src\myCI4app\system\Commands\Server\rewrite.php(43): require_once('C:\\src\\myCI4app...')
#8 {main}
CRITICAL - 2021-10-20 13:13:24 --> preg_match(): Compilation failed: missing closing parenthesis at offset 15
#0 [internal function]: CodeIgniter\Debug\Exceptions->errorHandler(2, 'preg_match(): C...', 'C:\\src\\myCI4app...', 357, Array)
#1 C:\src\myCI4app\system\Router\Router.php(357): preg_match('#^komik/([0-9]+...', 'komik/5', NULL)
#2 C:\src\myCI4app\system\Router\Router.php(145): CodeIgniter\Router\Router->checkRoutes('komik/5')
#3 C:\src\myCI4app\system\CodeIgniter.php(702): CodeIgniter\Router\Router->handle('komik/5')
#4 C:\src\myCI4app\system\CodeIgniter.php(358): CodeIgniter\CodeIgniter->tryToRouteIt(Object(CodeIgniter\Router\RouteCollection))
#5 C:\src\myCI4app\system\CodeIgniter.php(317): CodeIgniter\CodeIgniter->handleRequest(NULL, Object(Config\Cache), false)
#6 C:\src\myCI4app\public\index.php(37): CodeIgniter\CodeIgniter->run()
#7 C:\src\myCI4app\system\Commands\Server\rewrite.php(43): require_once('C:\\src\\myCI4app...')
#8 {main}
CRITICAL - 2021-10-20 13:14:33 --> preg_match(): Compilation failed: missing closing parenthesis at offset 15
#0 [internal function]: CodeIgniter\Debug\Exceptions->errorHandler(2, 'preg_match(): C...', 'C:\\src\\myCI4app...', 357, Array)
#1 C:\src\myCI4app\system\Router\Router.php(357): preg_match('#^komik/([0-9]+...', 'komik/5', NULL)
#2 C:\src\myCI4app\system\Router\Router.php(145): CodeIgniter\Router\Router->checkRoutes('komik/5')
#3 C:\src\myCI4app\system\CodeIgniter.php(702): CodeIgniter\Router\Router->handle('komik/5')
#4 C:\src\myCI4app\system\CodeIgniter.php(358): CodeIgniter\CodeIgniter->tryToRouteIt(Object(CodeIgniter\Router\RouteCollection))
#5 C:\src\myCI4app\system\CodeIgniter.php(317): CodeIgniter\CodeIgniter->handleRequest(NULL, Object(Config\Cache), false)
#6 C:\src\myCI4app\public\index.php(37): CodeIgniter\CodeIgniter->run()
#7 C:\src\myCI4app\system\Commands\Server\rewrite.php(43): require_once('C:\\src\\myCI4app...')
#8 {main}
