CRITICAL - 2022-01-02 02:36:52 --> Call to undefined function rupiah()
#0 C:\src\Project-Website-UpworkTeam\GigihShop\system\View\View.php(214): include()
#1 C:\src\Project-Website-UpworkTeam\GigihShop\system\View\View.php(217): CodeIgniter\View\View->CodeIgniter\View\{closure}()
#2 C:\src\Project-Website-UpworkTeam\GigihShop\system\Common.php(1092): CodeIgniter\View\View->render('keranjang/pesan...', Array, true)
#3 C:\src\Project-Website-UpworkTeam\GigihShop\app\Controllers\Keranjang.php(117): view('keranjang/pesan...', Array)
#4 C:\src\Project-Website-UpworkTeam\GigihShop\system\CodeIgniter.php(802): App\Controllers\Keranjang->pesanan()
#5 C:\src\Project-Website-UpworkTeam\GigihShop\system\CodeIgniter.php(399): CodeIgniter\CodeIgniter->runController(Object(App\Controllers\Keranjang))
#6 C:\src\Project-Website-UpworkTeam\GigihShop\system\CodeIgniter.php(317): CodeIgniter\CodeIgniter->handleRequest(NULL, Object(Config\Cache), false)
#7 C:\src\Project-Website-UpworkTeam\GigihShop\public\index.php(37): CodeIgniter\CodeIgniter->run()
#8 C:\src\Project-Website-UpworkTeam\GigihShop\system\Commands\Server\rewrite.php(43): require_once('C:\\src\\Project-...')
#9 {main}
ERROR - 2022-01-02 08:02:24 --> Column 'kota_id' cannot be null
ERROR - 2022-01-02 08:05:37 --> Column 'kota_id' cannot be null
ERROR - 2022-01-02 08:06:01 --> Column 'kota_id' cannot be null
ERROR - 2022-01-02 08:09:05 --> Cannot add or update a child row: a foreign key constraint fails (`gigih_shop`.`pesanan`, CONSTRAINT `pesanan_ibfk_2` FOREIGN KEY (`user_id`) REFERENCES `user` (`user_id`) ON DELETE CASCADE ON UPDATE CASCADE)
ERROR - 2022-01-02 09:07:26 --> Unknown column 'user_id' in 'field list'
ERROR - 2022-01-02 09:10:28 --> Unknown column 'user_id' in 'field list'
ERROR - 2022-01-02 09:17:37 --> Cannot add or update a child row: a foreign key constraint fails (`gigih_shop`.`pesanan`, CONSTRAINT `pesanan_ibfk_1` FOREIGN KEY (`kota_id`) REFERENCES `kota` (`kota_id`))
ERROR - 2022-01-02 09:17:56 --> Cannot add or update a child row: a foreign key constraint fails (`gigih_shop`.`pesanan`, CONSTRAINT `pesanan_ibfk_1` FOREIGN KEY (`kota_id`) REFERENCES `kota` (`kota_id`))
CRITICAL - 2022-01-02 17:40:01 --> Call to undefined method CodeIgniter\Validation\Validation::listError()
#0 C:\src\Project-Website-UpworkTeam\GigihShop\system\View\View.php(214): include()
#1 C:\src\Project-Website-UpworkTeam\GigihShop\system\View\View.php(217): CodeIgniter\View\View->CodeIgniter\View\{closure}()
#2 C:\src\Project-Website-UpworkTeam\GigihShop\system\Common.php(1092): CodeIgniter\View\View->render('keranjang/pesan...', Array, true)
#3 C:\src\Project-Website-UpworkTeam\GigihShop\app\Controllers\Keranjang.php(128): view('keranjang/pesan...', Array)
#4 C:\src\Project-Website-UpworkTeam\GigihShop\system\CodeIgniter.php(802): App\Controllers\Keranjang->pesanan()
#5 C:\src\Project-Website-UpworkTeam\GigihShop\system\CodeIgniter.php(399): CodeIgniter\CodeIgniter->runController(Object(App\Controllers\Keranjang))
#6 C:\src\Project-Website-UpworkTeam\GigihShop\system\CodeIgniter.php(317): CodeIgniter\CodeIgniter->handleRequest(NULL, Object(Config\Cache), false)
#7 C:\src\Project-Website-UpworkTeam\GigihShop\public\index.php(37): CodeIgniter\CodeIgniter->run()
#8 C:\src\Project-Website-UpworkTeam\GigihShop\system\Commands\Server\rewrite.php(43): require_once('C:\\src\\Project-...')
#9 {main}
CRITICAL - 2022-01-02 17:47:35 --> Call to undefined method CodeIgniter\Validation\Validation::listError()
#0 C:\src\Project-Website-UpworkTeam\GigihShop\system\View\View.php(214): include()
#1 C:\src\Project-Website-UpworkTeam\GigihShop\system\View\View.php(217): CodeIgniter\View\View->CodeIgniter\View\{closure}()
#2 C:\src\Project-Website-UpworkTeam\GigihShop\system\Common.php(1092): CodeIgniter\View\View->render('keranjang/pesan...', Array, true)
#3 C:\src\Project-Website-UpworkTeam\GigihShop\app\Controllers\Keranjang.php(126): view('keranjang/pesan...', Array)
#4 C:\src\Project-Website-UpworkTeam\GigihShop\system\CodeIgniter.php(802): App\Controllers\Keranjang->pesanan()
#5 C:\src\Project-Website-UpworkTeam\GigihShop\system\CodeIgniter.php(399): CodeIgniter\CodeIgniter->runController(Object(App\Controllers\Keranjang))
#6 C:\src\Project-Website-UpworkTeam\GigihShop\system\CodeIgniter.php(317): CodeIgniter\CodeIgniter->handleRequest(NULL, Object(Config\Cache), false)
#7 C:\src\Project-Website-UpworkTeam\GigihShop\public\index.php(37): CodeIgniter\CodeIgniter->run()
#8 C:\src\Project-Website-UpworkTeam\GigihShop\system\Commands\Server\rewrite.php(43): require_once('C:\\src\\Project-...')
#9 {main}
CRITICAL - 2022-01-02 17:47:45 --> Call to undefined method CodeIgniter\Validation\Validation::listError()
#0 C:\src\Project-Website-UpworkTeam\GigihShop\system\View\View.php(214): include()
#1 C:\src\Project-Website-UpworkTeam\GigihShop\system\View\View.php(217): CodeIgniter\View\View->CodeIgniter\View\{closure}()
#2 C:\src\Project-Website-UpworkTeam\GigihShop\system\Common.php(1092): CodeIgniter\View\View->render('keranjang/pesan...', Array, true)
#3 C:\src\Project-Website-UpworkTeam\GigihShop\app\Controllers\Keranjang.php(126): view('keranjang/pesan...', Array)
#4 C:\src\Project-Website-UpworkTeam\GigihShop\system\CodeIgniter.php(802): App\Controllers\Keranjang->pesanan()
#5 C:\src\Project-Website-UpworkTeam\GigihShop\system\CodeIgniter.php(399): CodeIgniter\CodeIgniter->runController(Object(App\Controllers\Keranjang))
#6 C:\src\Project-Website-UpworkTeam\GigihShop\system\CodeIgniter.php(317): CodeIgniter\CodeIgniter->handleRequest(NULL, Object(Config\Cache), false)
#7 C:\src\Project-Website-UpworkTeam\GigihShop\public\index.php(37): CodeIgniter\CodeIgniter->run()
#8 C:\src\Project-Website-UpworkTeam\GigihShop\system\Commands\Server\rewrite.php(43): require_once('C:\\src\\Project-...')
#9 {main}
CRITICAL - 2022-01-02 21:07:42 --> `App\Models\PesananDetailModel` model class does not specify a Primary Key.
#0 C:\src\Project-Website-UpworkTeam\GigihShop\system\Model.php(535): CodeIgniter\Exceptions\ModelException::forNoPrimaryKey('App\\Models\\Pesa...')
#1 C:\src\Project-Website-UpworkTeam\GigihShop\system\Model.php(719): CodeIgniter\Model->builder()
#2 C:\src\Project-Website-UpworkTeam\GigihShop\system\Model.php(592): CodeIgniter\Model->__call('where', Array)
#3 C:\src\Project-Website-UpworkTeam\GigihShop\system\BaseModel.php(655): CodeIgniter\Model->shouldUpdate(Array)
#4 C:\src\Project-Website-UpworkTeam\GigihShop\app\Controllers\Keranjang.php(189): CodeIgniter\BaseModel->save(Array)
#5 C:\src\Project-Website-UpworkTeam\GigihShop\system\CodeIgniter.php(802): App\Controllers\Keranjang->savepesanan()
#6 C:\src\Project-Website-UpworkTeam\GigihShop\system\CodeIgniter.php(399): CodeIgniter\CodeIgniter->runController(Object(App\Controllers\Keranjang))
#7 C:\src\Project-Website-UpworkTeam\GigihShop\system\CodeIgniter.php(317): CodeIgniter\CodeIgniter->handleRequest(NULL, Object(Config\Cache), false)
#8 C:\src\Project-Website-UpworkTeam\GigihShop\public\index.php(37): CodeIgniter\CodeIgniter->run()
#9 C:\src\Project-Website-UpworkTeam\GigihShop\system\Commands\Server\rewrite.php(43): require_once('C:\\src\\Project-...')
#10 {main}
ERROR - 2022-01-02 21:10:05 --> Column 'pesanan_id' cannot be null
ERROR - 2022-01-02 21:10:05 --> Column 'pesanan_id' cannot be null
ERROR - 2022-01-02 21:10:05 --> Column 'pesanan_id' cannot be null
